Log file open, 11/19/21 13:55:41
LogWindows: Failed to load 'aqProf.dll' (GetLastError=126)
LogWindows: File 'aqProf.dll' does not exist
LogWindows: Failed to load 'VtuneApi.dll' (GetLastError=126)
LogWindows: File 'VtuneApi.dll' does not exist
LogWindows: Failed to load 'VtuneApi32e.dll' (GetLastError=126)
LogWindows: File 'VtuneApi32e.dll' does not exist
LogConsoleResponse: Display: Failed to find resolution value strings in scalability ini. Falling back to default.
LogConsoleResponse: Display: Failed to find resolution value strings in scalability ini. Falling back to default.
LogInit: Display: Running engine for game: MainMenu
LogPlatformFile: Not using cached read wrapper
LogTaskGraph: Started task graph with 5 named threads and 26 total threads with 3 sets of task threads.
LogStats: Stats thread started at 0.191799
LogICUInternationalization: ICU TimeZone Detection - Raw Offset: -5:00, Platform Override: ''
LogInit: Display: Loading text-based GConfig....
LogPluginManager: Mounting plugin MeshPainting
LogPluginManager: Mounting plugin XGEController
LogPluginManager: Mounting plugin Paper2D
LogPluginManager: Mounting plugin AISupport
LogPluginManager: Mounting plugin EnvironmentQueryEditor
LogPluginManager: Mounting plugin LiveLink
LogPluginManager: Mounting plugin LightPropagationVolume
LogPluginManager: Mounting plugin CameraShakePreviewer
LogPluginManager: Mounting plugin GameplayCameras
LogPluginManager: Mounting plugin OodleData
LogPluginManager: Mounting plugin OodleNetwork
LogPluginManager: Mounting plugin AnimationSharing
LogPluginManager: Mounting plugin CLionSourceCodeAccess
LogPluginManager: Mounting plugin CodeLiteSourceCodeAccess
LogPluginManager: Mounting plugin GitSourceControl
LogPluginManager: Mounting plugin KDevelopSourceCodeAccess
LogPluginManager: Mounting plugin NullSourceCodeAccess
LogPluginManager: Mounting plugin PerforceSourceControl
LogPluginManager: Mounting plugin PixWinPlugin
LogPluginManager: Mounting plugin PlasticSourceControl
LogPluginManager: Mounting plugin PluginUtils
LogPluginManager: Mounting plugin PropertyAccessNode
LogPluginManager: Mounting plugin RiderSourceCodeAccess
LogPluginManager: Mounting plugin SubversionSourceControl
LogPluginManager: Mounting plugin AssetManagerEditor
LogPluginManager: Mounting plugin TextureFormatOodle
LogPluginManager: Mounting plugin UObjectPlugin
LogPluginManager: Mounting plugin VisualStudioCodeSourceCodeAccess
LogPluginManager: Mounting plugin VisualStudioSourceCodeAccess
LogPluginManager: Mounting plugin XCodeSourceCodeAccess
LogPluginManager: Mounting plugin CurveEditorTools
LogPluginManager: Mounting plugin DataValidation
LogPluginManager: Mounting plugin CryptoKeys
LogPluginManager: Mounting plugin FacialAnimation
LogPluginManager: Mounting plugin GameplayTagsEditor
LogPluginManager: Mounting plugin GeometryMode
LogPluginManager: Mounting plugin MaterialAnalyzer
LogPluginManager: Mounting plugin MacGraphicsSwitching
LogPluginManager: Mounting plugin MobileLauncherProfileWizard
LogPluginManager: Mounting plugin PluginBrowser
LogPluginManager: Mounting plugin SpeedTreeImporter
LogPluginManager: Mounting plugin DatasmithContent
LogPluginManager: Mounting plugin VariantManagerContent
LogPluginManager: Mounting plugin Niagara
LogPluginManager: Mounting plugin AlembicImporter
LogPluginManager: Mounting plugin AutomationUtils
LogPluginManager: Mounting plugin BackChannel
LogPluginManager: Mounting plugin ChaosCloth
LogPluginManager: Mounting plugin ChaosClothEditor
LogPluginManager: Mounting plugin ChaosEditor
LogPluginManager: Mounting plugin ChaosNiagara
LogPluginManager: Mounting plugin ChaosSolverPlugin
LogPluginManager: Mounting plugin CharacterAI
LogPluginManager: Mounting plugin GeometryCache
LogPluginManager: Mounting plugin GeometryCollectionPlugin
LogPluginManager: Mounting plugin GeometryProcessing
LogPluginManager: Mounting plugin MotoSynth
LogPluginManager: Mounting plugin OpenImageDenoise
LogPluginManager: Mounting plugin PlanarCut
LogPluginManager: Mounting plugin PlatformCrypto
LogPluginManager: Mounting plugin ProxyLODPlugin
LogPluginManager: Mounting plugin PythonScriptPlugin
LogPluginManager: Mounting plugin SkeletalReduction
LogPluginManager: Mounting plugin MagicLeap
LogPluginManager: Mounting plugin LuminPlatformFeatures
LogPluginManager: Mounting plugin MagicLeapLightEstimation
LogPluginManager: Mounting plugin MagicLeapMedia
LogPluginManager: Mounting plugin MagicLeapPassableWorld
LogPluginManager: Mounting plugin MLSDK
LogPluginManager: Mounting plugin AndroidMedia
LogPluginManager: Mounting plugin AvfMedia
LogPluginManager: Mounting plugin ImgMedia
LogPluginManager: Mounting plugin MediaCompositing
LogPluginManager: Mounting plugin MediaPlayerEditor
LogPluginManager: Mounting plugin WebMMedia
LogPluginManager: Mounting plugin WmfMedia
LogPluginManager: Mounting plugin TcpMessaging
LogPluginManager: Mounting plugin UdpMessaging
LogPluginManager: Mounting plugin ActorSequence
LogPluginManager: Mounting plugin LevelSequenceEditor
LogPluginManager: Mounting plugin MatineeToLevelSequence
LogPluginManager: Mounting plugin TemplateSequence
LogPluginManager: Mounting plugin OnlineSubsystem
LogPluginManager: Mounting plugin OnlineSubsystemNull
LogPluginManager: Mounting plugin ActorLayerUtilities
LogPluginManager: Mounting plugin OnlineSubsystemUtils
LogPluginManager: Mounting plugin AndroidDeviceProfileSelector
LogPluginManager: Mounting plugin AndroidMoviePlayer
LogPluginManager: Mounting plugin AndroidPermission
LogPluginManager: Mounting plugin AppleImageUtils
LogPluginManager: Mounting plugin AppleMoviePlayer
LogPluginManager: Mounting plugin ArchVisCharacter
LogPluginManager: Mounting plugin AssetTags
LogPluginManager: Mounting plugin AudioCapture
LogPluginManager: Mounting plugin CableComponent
LogPluginManager: Mounting plugin AudioSynesthesia
LogPluginManager: Mounting plugin ChunkDownloader
LogPluginManager: Mounting plugin CustomMeshComponent
LogPluginManager: Mounting plugin EditableMesh
LogPluginManager: Mounting plugin ExampleDeviceProfileSelector
LogPluginManager: Mounting plugin GoogleCloudMessaging
LogPluginManager: Mounting plugin GooglePAD
LogPluginManager: Mounting plugin IOSDeviceProfileSelector
LogPluginManager: Mounting plugin LinuxDeviceProfileSelector
LogPluginManager: Mounting plugin LocationServicesBPLibrary
LogPluginManager: Mounting plugin MobilePatchingUtils
LogPluginManager: Mounting plugin LauncherChunkInstaller
LogPluginManager: Mounting plugin OpenXREyeTracker
LogPluginManager: Mounting plugin OpenXR
LogPluginManager: Mounting plugin OpenXRHandTracking
LogPluginManager: Mounting plugin PhysXVehicles
LogPluginManager: Mounting plugin PostSplashScreen
LogPluginManager: Mounting plugin ProceduralMeshComponent
LogPluginManager: Mounting plugin PropertyAccessEditor
LogPluginManager: Mounting plugin RuntimePhysXCooking
LogPluginManager: Mounting plugin SignificanceManager
LogPluginManager: Mounting plugin SoundFields
LogPluginManager: Mounting plugin Synthesis
LogPluginManager: Mounting plugin WebMMoviePlayer
LogPluginManager: Mounting plugin WindowsMoviePlayer
LogPluginManager: Mounting plugin ScreenshotTools
LogPluginManager: Mounting plugin Takes
LogPluginManager: Mounting plugin ContentBrowserAssetDataSource
LogPluginManager: Mounting plugin ContentBrowserClassDataSource
LogPluginManager: Mounting plugin ContentBrowserFileDataSource
LogPluginManager: Mounting plugin OnlineSubsystemGooglePlay
LogPluginManager: Mounting plugin OnlineSubsystemIOS
LogPluginManager: Mounting plugin OculusVR
LogPluginManager: Mounting plugin SteamVR
PixWinPlugin: PIX capture plugin failed to initialize! Check that the process is launched from PIX.
LogLuminAPIImpl: Warning: MLSDK not found.  This likely means the MLSDK environment variable is not set.
LogInit: Using libcurl 7.55.1-DEV
LogInit:  - built for x86_64-pc-win32
LogInit:  - supports SSL with OpenSSL/1.1.1
LogInit:  - supports HTTP deflate (compression) using libz 1.2.8
LogInit:  - other features:
LogInit:      CURL_VERSION_SSL
LogInit:      CURL_VERSION_LIBZ
LogInit:      CURL_VERSION_IPV6
LogInit:      CURL_VERSION_ASYNCHDNS
LogInit:      CURL_VERSION_LARGEFILE
LogInit:      CURL_VERSION_IDN
LogInit:  CurlRequestOptions (configurable via config and command line):
LogInit:  - bVerifyPeer = true  - Libcurl will verify peer certificate
LogInit:  - bUseHttpProxy = false  - Libcurl will NOT use HTTP proxy
LogInit:  - bDontReuseConnections = false  - Libcurl will reuse connections
LogInit:  - MaxHostConnections = 16  - Libcurl will limit the number of connections to a host
LogInit:  - LocalHostAddr = Default
LogInit:  - BufferSize = 65536
LogOnline: OSS: Creating online subsystem instance for: NULL
LogInit: WinSock: version 1.1 (2.2), MaxSocks=32767, MaxUdp=65467
LogOnline: OSS: TryLoadSubsystemAndSetDefault: Loaded subsystem for module [NULL]
LogOculusPluginWrapper: OculusPlugin initialized successfully
LogHMD: Failed initializing OVRPlugin 1.59.0
LogInit: Build: ++UE4+Release-4.27-CL-17735300
LogInit: Engine Version: 4.27.1-17735300+++UE4+Release-4.27
LogInit: Compatible Engine Version: 4.27.0-17155196+++UE4+Release-4.27
LogInit: Net CL: 17155196
LogInit: OS: Windows 10 (Release 2009) (), CPU: Intel(R) Core(TM) i7-9700K CPU @ 3.60GHz, GPU: NVIDIA GeForce RTX 2080 SUPER
LogInit: Compiled (64-bit): Oct  6 2021 14:42:51
LogInit: Compiled with Visual C++: 19.24.28315.00
LogInit: Build Configuration: Development
LogInit: Branch Name: ++UE4+Release-4.27
LogInit: Command Line: 
LogInit: Base Directory: D:/Program Files/Epic Games/UE_4.27/Engine/Binaries/Win64/
LogInit: Allocator: TBB
LogInit: Installed Engine Build: 1
LogDevObjectVersion: Number of dev versions registered: 29
LogDevObjectVersion:   Dev-Blueprints (B0D832E4-1F89-4F0D-ACCF-7EB736FD4AA2): 10
LogDevObjectVersion:   Dev-Build (E1C64328-A22C-4D53-A36C-8E866417BD8C): 0
LogDevObjectVersion:   Dev-Core (375EC13C-06E4-48FB-B500-84F0262A717E): 4
LogDevObjectVersion:   Dev-Editor (E4B068ED-F494-42E9-A231-DA0B2E46BB41): 40
LogDevObjectVersion:   Dev-Framework (CFFC743F-43B0-4480-9391-14DF171D2073): 37
LogDevObjectVersion:   Dev-Mobile (B02B49B5-BB20-44E9-A304-32B752E40360): 3
LogDevObjectVersion:   Dev-Networking (A4E4105C-59A1-49B5-A7C5-40C4547EDFEE): 0
LogDevObjectVersion:   Dev-Online (39C831C9-5AE6-47DC-9A44-9C173E1C8E7C): 0
LogDevObjectVersion:   Dev-Physics (78F01B33-EBEA-4F98-B9B4-84EACCB95AA2): 14
LogDevObjectVersion:   Dev-Platform (6631380F-2D4D-43E0-8009-CF276956A95A): 0
LogDevObjectVersion:   Dev-Rendering (12F88B9F-8875-4AFC-A67C-D90C383ABD29): 45
LogDevObjectVersion:   Dev-Sequencer (7B5AE74C-D270-4C10-A958-57980B212A5A): 13
LogDevObjectVersion:   Dev-VR (D7296918-1DD6-4BDD-9DE2-64A83CC13884): 3
LogDevObjectVersion:   Dev-LoadTimes (C2A15278-BFE7-4AFE-6C17-90FF531DF755): 1
LogDevObjectVersion:   Private-Geometry (6EACA3D4-40EC-4CC1-B786-8BED09428FC5): 3
LogDevObjectVersion:   Dev-AnimPhys (29E575DD-E0A3-4627-9D10-D276232CDCEA): 17
LogDevObjectVersion:   Dev-Anim (AF43A65D-7FD3-4947-9873-3E8ED9C1BB05): 15
LogDevObjectVersion:   Dev-ReflectionCapture (6B266CEC-1EC7-4B8F-A30B-E4D90942FC07): 1
LogDevObjectVersion:   Dev-Automation (0DF73D61-A23F-47EA-B727-89E90C41499A): 1
LogDevObjectVersion:   FortniteMain (601D1886-AC64-4F84-AA16-D3DE0DEAC7D6): 47
LogDevObjectVersion:   FortniteRelease (E7086368-6B23-4C58-8439-1B7016265E91): 1
LogDevObjectVersion:   Dev-Enterprise (9DFFBCD6-494F-0158-E221-12823C92A888): 10
LogDevObjectVersion:   Dev-Niagara (F2AED0AC-9AFE-416F-8664-AA7FFA26D6FC): 1
LogDevObjectVersion:   Dev-Destruction (174F1F0B-B4C6-45A5-B13F-2EE8D0FB917D): 10
LogDevObjectVersion:   Dev-Physics-Ext (35F94A83-E258-406C-A318-09F59610247C): 41
LogDevObjectVersion:   Dev-PhysicsMaterial-Chaos (B68FC16E-8B1B-42E2-B453-215C058844FE): 1
LogDevObjectVersion:   Dev-CineCamera (B2E18506-4273-CFC2-A54E-F4BB758BBA07): 1
LogDevObjectVersion:   Dev-VirtualProduction (64F58936-FD1B-42BA-BA96-7289D5D0FA4E): 1
LogDevObjectVersion:   Dev-MediaFramework (6F0ED827-A609-4895-9C91-998D90180EA4): 2
LogInit: Presizing for max 25165824 objects, including 0 objects not considered by GC, pre-allocating 0 bytes for permanent pool.
LogConfig: Applying CVar settings from Section [/Script/Engine.StreamingSettings] File [C:/Users/wwwcs/Documents/GitHub/IT-3081C-002-Final-Project/Main Menu/MainMenu/Saved/Config/Windows/Engine.ini]
LogConfig: Setting CVar [[s.MinBulkDataSizeForAsyncLoading:131072]]
LogConfig: Setting CVar [[s.AsyncLoadingThreadEnabled:0]]
LogConfig: Setting CVar [[s.EventDrivenLoaderEnabled:1]]
LogConfig: Setting CVar [[s.WarnIfTimeLimitExceeded:0]]
LogConfig: Setting CVar [[s.TimeLimitExceededMultiplier:1.5]]
LogConfig: Setting CVar [[s.TimeLimitExceededMinTime:0.005]]
LogConfig: Setting CVar [[s.UseBackgroundLevelStreaming:1]]
LogConfig: Setting CVar [[s.PriorityAsyncLoadingExtraTime:15.0]]
LogConfig: Setting CVar [[s.LevelStreamingActorsUpdateTimeLimit:5.0]]
LogConfig: Setting CVar [[s.PriorityLevelStreamingActorsUpdateExtraTime:5.0]]
LogConfig: Setting CVar [[s.LevelStreamingComponentsRegistrationGranularity:10]]
LogConfig: Setting CVar [[s.UnregisterComponentsTimeLimit:1.0]]
LogConfig: Setting CVar [[s.LevelStreamingComponentsUnregistrationGranularity:5]]
LogConfig: Setting CVar [[s.FlushStreamingOnExit:1]]
LogInit: Object subsystem initialized
LogConfig: Setting CVar [[con.DebugEarlyDefault:1]]
LogConfig: Setting CVar [[r.setres:1280x720]]
[2021.11.19-18.55.42:293][  0]LogConfig: Setting CVar [[r.VSync:0]]
[2021.11.19-18.55.42:293][  0]LogConfig: Setting CVar [[r.RHICmdBypass:0]]
[2021.11.19-18.55.42:293][  0]LogConfig: Applying CVar settings from Section [/Script/Engine.RendererSettings] File [C:/Users/wwwcs/Documents/GitHub/IT-3081C-002-Final-Project/Main Menu/MainMenu/Saved/Config/Windows/Engine.ini]
[2021.11.19-18.55.42:293][  0]LogConfig: Setting CVar [[r.GPUCrashDebugging:0]]
[2021.11.19-18.55.42:293][  0]LogConfig: Applying CVar settings from Section [/Script/Engine.RendererOverrideSettings] File [C:/Users/wwwcs/Documents/GitHub/IT-3081C-002-Final-Project/Main Menu/MainMenu/Saved/Config/Windows/Engine.ini]
[2021.11.19-18.55.42:294][  0]LogConfig: Applying CVar settings from Section [/Script/Engine.StreamingSettings] File [C:/Users/wwwcs/Documents/GitHub/IT-3081C-002-Final-Project/Main Menu/MainMenu/Saved/Config/Windows/Engine.ini]
[2021.11.19-18.55.42:294][  0]LogConfig: Setting CVar [[s.MinBulkDataSizeForAsyncLoading:131072]]
[2021.11.19-18.55.42:294][  0]LogConfig: Setting CVar [[s.AsyncLoadingThreadEnabled:0]]
[2021.11.19-18.55.42:294][  0]LogConfig: Setting CVar [[s.EventDrivenLoaderEnabled:1]]
[2021.11.19-18.55.42:294][  0]LogConfig: Setting CVar [[s.WarnIfTimeLimitExceeded:0]]
[2021.11.19-18.55.42:294][  0]LogConfig: Setting CVar [[s.TimeLimitExceededMultiplier:1.5]]
[2021.11.19-18.55.42:294][  0]LogConfig: Setting CVar [[s.TimeLimitExceededMinTime:0.005]]
[2021.11.19-18.55.42:294][  0]LogConfig: Setting CVar [[s.UseBackgroundLevelStreaming:1]]
[2021.11.19-18.55.42:294][  0]LogConfig: Setting CVar [[s.PriorityAsyncLoadingExtraTime:15.0]]
[2021.11.19-18.55.42:294][  0]LogConfig: Setting CVar [[s.LevelStreamingActorsUpdateTimeLimit:5.0]]
[2021.11.19-18.55.42:294][  0]LogConfig: Setting CVar [[s.PriorityLevelStreamingActorsUpdateExtraTime:5.0]]
[2021.11.19-18.55.42:294][  0]LogConfig: Setting CVar [[s.LevelStreamingComponentsRegistrationGranularity:10]]
[2021.11.19-18.55.42:294][  0]LogConfig: Setting CVar [[s.UnregisterComponentsTimeLimit:1.0]]
[2021.11.19-18.55.42:294][  0]LogConfig: Setting CVar [[s.LevelStreamingComponentsUnregistrationGranularity:5]]
[2021.11.19-18.55.42:294][  0]LogConfig: Setting CVar [[s.FlushStreamingOnExit:1]]
[2021.11.19-18.55.42:294][  0]LogConfig: Applying CVar settings from Section [/Script/Engine.GarbageCollectionSettings] File [C:/Users/wwwcs/Documents/GitHub/IT-3081C-002-Final-Project/Main Menu/MainMenu/Saved/Config/Windows/Engine.ini]
[2021.11.19-18.55.42:294][  0]LogConfig: Setting CVar [[gc.MaxObjectsNotConsideredByGC:1]]
[2021.11.19-18.55.42:294][  0]LogConfig: Setting CVar [[gc.SizeOfPermanentObjectPool:0]]
[2021.11.19-18.55.42:294][  0]LogConfig: Setting CVar [[gc.FlushStreamingOnGC:0]]
[2021.11.19-18.55.42:294][  0]LogConfig: Setting CVar [[gc.NumRetriesBeforeForcingGC:10]]
[2021.11.19-18.55.42:294][  0]LogConfig: Setting CVar [[gc.AllowParallelGC:1]]
[2021.11.19-18.55.42:294][  0]LogConfig: Setting CVar [[gc.TimeBetweenPurgingPendingKillObjects:61.1]]
[2021.11.19-18.55.42:294][  0]LogConfig: Setting CVar [[gc.MaxObjectsInEditor:25165824]]
[2021.11.19-18.55.42:294][  0]LogConfig: Setting CVar [[gc.IncrementalBeginDestroyEnabled:1]]
[2021.11.19-18.55.42:294][  0]LogConfig: Setting CVar [[gc.CreateGCClusters:1]]
[2021.11.19-18.55.42:294][  0]LogConfig: Setting CVar [[gc.MinGCClusterSize:5]]
[2021.11.19-18.55.42:294][  0]LogConfig: Setting CVar [[gc.ActorClusteringEnabled:0]]
[2021.11.19-18.55.42:294][  0]LogConfig: Setting CVar [[gc.BlueprintClusteringEnabled:0]]
[2021.11.19-18.55.42:294][  0]LogConfig: Setting CVar [[gc.UseDisregardForGCOnDedicatedServers:0]]
[2021.11.19-18.55.42:294][  0]LogConfig: Setting CVar [[gc.MultithreadedDestructionEnabled:1]]
[2021.11.19-18.55.42:294][  0]LogConfig: Applying CVar settings from Section [/Script/Engine.NetworkSettings] File [C:/Users/wwwcs/Documents/GitHub/IT-3081C-002-Final-Project/Main Menu/MainMenu/Saved/Config/Windows/Engine.ini]
[2021.11.19-18.55.42:294][  0]LogConfig: Applying CVar settings from Section [/Script/UnrealEd.CookerSettings] File [C:/Users/wwwcs/Documents/GitHub/IT-3081C-002-Final-Project/Main Menu/MainMenu/Saved/Config/Windows/Engine.ini]
[2021.11.19-18.55.42:299][  0]LogConfig: Applying CVar settings from Section [ViewDistanceQuality@3] File [C:/Users/wwwcs/Documents/GitHub/IT-3081C-002-Final-Project/Main Menu/MainMenu/Saved/Config/Windows/Scalability.ini]
[2021.11.19-18.55.42:299][  0]LogConfig: Setting CVar [[r.SkeletalMeshLODBias:0]]
[2021.11.19-18.55.42:299][  0]LogConfig: Setting CVar [[r.ViewDistanceScale:1.0]]
[2021.11.19-18.55.42:299][  0]LogConfig: Applying CVar settings from Section [AntiAliasingQuality@3] File [C:/Users/wwwcs/Documents/GitHub/IT-3081C-002-Final-Project/Main Menu/MainMenu/Saved/Config/Windows/Scalability.ini]
[2021.11.19-18.55.42:299][  0]LogConfig: Setting CVar [[r.PostProcessAAQuality:4]]
[2021.11.19-18.55.42:299][  0]LogConfig: Applying CVar settings from Section [ShadowQuality@3] File [C:/Users/wwwcs/Documents/GitHub/IT-3081C-002-Final-Project/Main Menu/MainMenu/Saved/Config/Windows/Scalability.ini]
[2021.11.19-18.55.42:299][  0]LogConfig: Setting CVar [[r.LightFunctionQuality:1]]
[2021.11.19-18.55.42:299][  0]LogConfig: Setting CVar [[r.ShadowQuality:5]]
[2021.11.19-18.55.42:299][  0]LogConfig: Setting CVar [[r.Shadow.CSM.MaxCascades:10]]
[2021.11.19-18.55.42:299][  0]LogConfig: Setting CVar [[r.Shadow.MaxResolution:2048]]
[2021.11.19-18.55.42:299][  0]LogConfig: Setting CVar [[r.Shadow.MaxCSMResolution:2048]]
[2021.11.19-18.55.42:299][  0]LogConfig: Setting CVar [[r.Shadow.RadiusThreshold:0.01]]
[2021.11.19-18.55.42:299][  0]LogConfig: Setting CVar [[r.Shadow.DistanceScale:1.0]]
[2021.11.19-18.55.42:299][  0]LogConfig: Setting CVar [[r.Shadow.CSM.TransitionScale:1.0]]
[2021.11.19-18.55.42:299][  0]LogConfig: Setting CVar [[r.Shadow.PreShadowResolutionFactor:1.0]]
[2021.11.19-18.55.42:299][  0]LogConfig: Setting CVar [[r.DistanceFieldShadowing:1]]
[2021.11.19-18.55.42:299][  0]LogConfig: Setting CVar [[r.DistanceFieldAO:1]]
[2021.11.19-18.55.42:299][  0]LogConfig: Setting CVar [[r.AOQuality:2]]
[2021.11.19-18.55.42:299][  0]LogConfig: Setting CVar [[r.VolumetricFog:1]]
[2021.11.19-18.55.42:299][  0]LogConfig: Setting CVar [[r.VolumetricFog.GridPixelSize:8]]
[2021.11.19-18.55.42:299][  0]LogConfig: Setting CVar [[r.VolumetricFog.GridSizeZ:128]]
[2021.11.19-18.55.42:299][  0]LogConfig: Setting CVar [[r.VolumetricFog.HistoryMissSupersampleCount:4]]
[2021.11.19-18.55.42:299][  0]LogConfig: Setting CVar [[r.LightMaxDrawDistanceScale:1]]
[2021.11.19-18.55.42:299][  0]LogConfig: Setting CVar [[r.CapsuleShadows:1]]
[2021.11.19-18.55.42:299][  0]LogConfig: Applying CVar settings from Section [PostProcessQuality@3] File [C:/Users/wwwcs/Documents/GitHub/IT-3081C-002-Final-Project/Main Menu/MainMenu/Saved/Config/Windows/Scalability.ini]
[2021.11.19-18.55.42:299][  0]LogConfig: Setting CVar [[r.MotionBlurQuality:4]]
[2021.11.19-18.55.42:299][  0]LogConfig: Setting CVar [[r.AmbientOcclusionMipLevelFactor:0.4]]
[2021.11.19-18.55.42:299][  0]LogConfig: Setting CVar [[r.AmbientOcclusionMaxQuality:100]]
[2021.11.19-18.55.42:299][  0]LogConfig: Setting CVar [[r.AmbientOcclusionLevels:-1]]
[2021.11.19-18.55.42:299][  0]LogConfig: Setting CVar [[r.AmbientOcclusionRadiusScale:1.0]]
[2021.11.19-18.55.42:299][  0]LogConfig: Setting CVar [[r.DepthOfFieldQuality:2]]
[2021.11.19-18.55.42:299][  0]LogConfig: Setting CVar [[r.RenderTargetPoolMin:400]]
[2021.11.19-18.55.42:299][  0]LogConfig: Setting CVar [[r.LensFlareQuality:2]]
[2021.11.19-18.55.42:299][  0]LogConfig: Setting CVar [[r.SceneColorFringeQuality:1]]
[2021.11.19-18.55.42:299][  0]LogConfig: Setting CVar [[r.EyeAdaptationQuality:2]]
[2021.11.19-18.55.42:299][  0]LogConfig: Setting CVar [[r.BloomQuality:5]]
[2021.11.19-18.55.42:299][  0]LogConfig: Setting CVar [[r.FastBlurThreshold:100]]
[2021.11.19-18.55.42:299][  0]LogConfig: Setting CVar [[r.Upscale.Quality:3]]
[2021.11.19-18.55.42:299][  0]LogConfig: Setting CVar [[r.Tonemapper.GrainQuantization:1]]
[2021.11.19-18.55.42:299][  0]LogConfig: Setting CVar [[r.LightShaftQuality:1]]
[2021.11.19-18.55.42:299][  0]LogConfig: Setting CVar [[r.Filter.SizeScale:1]]
[2021.11.19-18.55.42:299][  0]LogConfig: Setting CVar [[r.Tonemapper.Quality:5]]
[2021.11.19-18.55.42:299][  0]LogConfig: Setting CVar [[r.DOF.Gather.AccumulatorQuality:1        ; higher gathering accumulator quality]]
[2021.11.19-18.55.42:299][  0]LogConfig: Setting CVar [[r.DOF.Gather.PostfilterMethod:1          ; Median3x3 postfilering method]]
[2021.11.19-18.55.42:299][  0]LogConfig: Setting CVar [[r.DOF.Gather.EnableBokehSettings:0       ; no bokeh simulation when gathering]]
[2021.11.19-18.55.42:299][  0]LogConfig: Setting CVar [[r.DOF.Gather.RingCount:4                 ; medium number of samples when gathering]]
[2021.11.19-18.55.42:299][  0]LogConfig: Setting CVar [[r.DOF.Scatter.ForegroundCompositing:1    ; additive foreground scattering]]
[2021.11.19-18.55.42:299][  0]LogConfig: Setting CVar [[r.DOF.Scatter.BackgroundCompositing:2    ; additive background scattering]]
[2021.11.19-18.55.42:299][  0]LogConfig: Setting CVar [[r.DOF.Scatter.EnableBokehSettings:1      ; bokeh simulation when scattering]]
[2021.11.19-18.55.42:299][  0]LogConfig: Setting CVar [[r.DOF.Scatter.MaxSpriteRatio:0.1         ; only a maximum of 10% of scattered bokeh]]
[2021.11.19-18.55.42:299][  0]LogConfig: Setting CVar [[r.DOF.Recombine.Quality:1                ; cheap slight out of focus]]
[2021.11.19-18.55.42:299][  0]LogConfig: Setting CVar [[r.DOF.Recombine.EnableBokehSettings:0    ; no bokeh simulation on slight out of focus]]
[2021.11.19-18.55.42:299][  0]LogConfig: Setting CVar [[r.DOF.TemporalAAQuality:1                ; more stable temporal accumulation]]
[2021.11.19-18.55.42:299][  0]LogConfig: Setting CVar [[r.DOF.Kernel.MaxForegroundRadius:0.025]]
[2021.11.19-18.55.42:299][  0]LogConfig: Setting CVar [[r.DOF.Kernel.MaxBackgroundRadius:0.025]]
[2021.11.19-18.55.42:299][  0]LogConfig: Applying CVar settings from Section [TextureQuality@3] File [C:/Users/wwwcs/Documents/GitHub/IT-3081C-002-Final-Project/Main Menu/MainMenu/Saved/Config/Windows/Scalability.ini]
[2021.11.19-18.55.42:299][  0]LogConfig: Setting CVar [[r.Streaming.MipBias:0]]
[2021.11.19-18.55.42:299][  0]LogConfig: Setting CVar [[r.Streaming.AmortizeCPUToGPUCopy:0]]
[2021.11.19-18.55.42:299][  0]LogConfig: Setting CVar [[r.Streaming.MaxNumTexturesToStreamPerFrame:0]]
[2021.11.19-18.55.42:299][  0]LogConfig: Setting CVar [[r.Streaming.Boost:1]]
[2021.11.19-18.55.42:299][  0]LogConfig: Setting CVar [[r.MaxAnisotropy:8]]
[2021.11.19-18.55.42:299][  0]LogConfig: Setting CVar [[r.VT.MaxAnisotropy:8]]
[2021.11.19-18.55.42:299][  0]LogConfig: Setting CVar [[r.Streaming.LimitPoolSizeToVRAM:0]]
[2021.11.19-18.55.42:299][  0]LogConfig: Setting CVar [[r.Streaming.PoolSize:1000]]
[2021.11.19-18.55.42:299][  0]LogConfig: Setting CVar [[r.Streaming.MaxEffectiveScreenSize:0]]
[2021.11.19-18.55.42:299][  0]LogConfig: Applying CVar settings from Section [EffectsQuality@3] File [C:/Users/wwwcs/Documents/GitHub/IT-3081C-002-Final-Project/Main Menu/MainMenu/Saved/Config/Windows/Scalability.ini]
[2021.11.19-18.55.42:299][  0]LogConfig: Setting CVar [[r.TranslucencyLightingVolumeDim:64]]
[2021.11.19-18.55.42:299][  0]LogConfig: Setting CVar [[r.RefractionQuality:2]]
[2021.11.19-18.55.42:299][  0]LogConfig: Setting CVar [[r.SSR.Quality:3]]
[2021.11.19-18.55.42:299][  0]LogConfig: Setting CVar [[r.SSR.HalfResSceneColor:0]]
[2021.11.19-18.55.42:299][  0]LogConfig: Setting CVar [[r.SceneColorFormat:4]]
[2021.11.19-18.55.42:299][  0]LogConfig: Setting CVar [[r.DetailMode:2]]
[2021.11.19-18.55.42:299][  0]LogConfig: Setting CVar [[r.TranslucencyVolumeBlur:1]]
[2021.11.19-18.55.42:299][  0]LogConfig: Setting CVar [[r.MaterialQualityLevel:1 ; High quality]]
[2021.11.19-18.55.42:299][  0]LogConfig: Setting CVar [[r.AnisotropicMaterials:1]]
[2021.11.19-18.55.42:299][  0]LogConfig: Setting CVar [[r.SSS.Scale:1]]
[2021.11.19-18.55.42:299][  0]LogConfig: Setting CVar [[r.SSS.SampleSet:2]]
[2021.11.19-18.55.42:299][  0]LogConfig: Setting CVar [[r.SSS.Quality:1]]
[2021.11.19-18.55.42:299][  0]LogConfig: Setting CVar [[r.SSS.HalfRes:0]]
[2021.11.19-18.55.42:299][  0]LogConfig: Setting CVar [[r.SSGI.Quality:3]]
[2021.11.19-18.55.42:299][  0]LogConfig: Setting CVar [[r.EmitterSpawnRateScale:1.0]]
[2021.11.19-18.55.42:300][  0]LogConfig: Setting CVar [[r.ParticleLightQuality:2]]
[2021.11.19-18.55.42:300][  0]LogConfig: Setting CVar [[r.SkyAtmosphere.AerialPerspectiveLUT.FastApplyOnOpaque:1 ; Always have FastSkyLUT 1 in this case to avoid wrong sky]]
[2021.11.19-18.55.42:300][  0]LogConfig: Setting CVar [[r.SkyAtmosphere.AerialPerspectiveLUT.SampleCountMaxPerSlice:4]]
[2021.11.19-18.55.42:300][  0]LogConfig: Setting CVar [[r.SkyAtmosphere.AerialPerspectiveLUT.DepthResolution:16.0]]
[2021.11.19-18.55.42:300][  0]LogConfig: Setting CVar [[r.SkyAtmosphere.FastSkyLUT:1]]
[2021.11.19-18.55.42:300][  0]LogConfig: Setting CVar [[r.SkyAtmosphere.FastSkyLUT.SampleCountMin:4.0]]
[2021.11.19-18.55.42:300][  0]LogConfig: Setting CVar [[r.SkyAtmosphere.FastSkyLUT.SampleCountMax:128.0]]
[2021.11.19-18.55.42:300][  0]LogConfig: Setting CVar [[r.SkyAtmosphere.SampleCountMin:4.0]]
[2021.11.19-18.55.42:300][  0]LogConfig: Setting CVar [[r.SkyAtmosphere.SampleCountMax:128.0]]
[2021.11.19-18.55.42:300][  0]LogConfig: Setting CVar [[r.SkyAtmosphere.TransmittanceLUT.UseSmallFormat:0]]
[2021.11.19-18.55.42:300][  0]LogConfig: Setting CVar [[r.SkyAtmosphere.TransmittanceLUT.SampleCount:10.0]]
[2021.11.19-18.55.42:300][  0]LogConfig: Setting CVar [[r.SkyAtmosphere.MultiScatteringLUT.SampleCount:15.0]]
[2021.11.19-18.55.42:300][  0]LogConfig: Setting CVar [[r.SkyLight.RealTimeReflectionCapture:1]]
[2021.11.19-18.55.42:300][  0]LogConfig: Applying CVar settings from Section [FoliageQuality@3] File [C:/Users/wwwcs/Documents/GitHub/IT-3081C-002-Final-Project/Main Menu/MainMenu/Saved/Config/Windows/Scalability.ini]
[2021.11.19-18.55.42:300][  0]LogConfig: Setting CVar [[foliage.DensityScale:1.0]]
[2021.11.19-18.55.42:300][  0]LogConfig: Setting CVar [[grass.DensityScale:1.0]]
[2021.11.19-18.55.42:300][  0]LogConfig: Applying CVar settings from Section [ShadingQuality@3] File [C:/Users/wwwcs/Documents/GitHub/IT-3081C-002-Final-Project/Main Menu/MainMenu/Saved/Config/Windows/Scalability.ini]
[2021.11.19-18.55.42:300][  0]LogConfig: Setting CVar [[r.HairStrands.SkyLighting.IntegrationType:2]]
[2021.11.19-18.55.42:300][  0]LogConfig: Setting CVar [[r.HairStrands.SkyAO.SampleCount:4]]
[2021.11.19-18.55.42:300][  0]LogConfig: Setting CVar [[r.HairStrands.Visibility.MSAA.SamplePerPixel:4]]
[2021.11.19-18.55.42:300][  0]LogInit: Selected Device Profile: [Windows]
[2021.11.19-18.55.42:300][  0]LogInit: Applying CVar settings loaded from the selected device profile: [Windows]
[2021.11.19-18.55.42:300][  0]LogHAL: Display: Platform has ~ 16 GB [17095315456 / 17179869184 / 16], which maps to Larger [LargestMinGB=32, LargerMinGB=12, DefaultMinGB=8, SmallerMinGB=6, SmallestMinGB=0)
[2021.11.19-18.55.42:300][  0]LogInit: Going up to parent DeviceProfile []
[2021.11.19-18.55.42:300][  0]LogConfig: Applying CVar settings from Section [ViewDistanceQuality@3] File [C:/Users/wwwcs/Documents/GitHub/IT-3081C-002-Final-Project/Main Menu/MainMenu/Saved/Config/Windows/Scalability.ini]
[2021.11.19-18.55.42:300][  0]LogConfig: Setting CVar [[r.SkeletalMeshLODBias:0]]
[2021.11.19-18.55.42:300][  0]LogConfig: Setting CVar [[r.ViewDistanceScale:1.0]]
[2021.11.19-18.55.42:300][  0]LogConfig: Applying CVar settings from Section [AntiAliasingQuality@3] File [C:/Users/wwwcs/Documents/GitHub/IT-3081C-002-Final-Project/Main Menu/MainMenu/Saved/Config/Windows/Scalability.ini]
[2021.11.19-18.55.42:300][  0]LogConfig: Setting CVar [[r.PostProcessAAQuality:4]]
[2021.11.19-18.55.42:300][  0]LogConfig: Applying CVar settings from Section [ShadowQuality@3] File [C:/Users/wwwcs/Documents/GitHub/IT-3081C-002-Final-Project/Main Menu/MainMenu/Saved/Config/Windows/Scalability.ini]
[2021.11.19-18.55.42:300][  0]LogConfig: Setting CVar [[r.LightFunctionQuality:1]]
[2021.11.19-18.55.42:300][  0]LogConfig: Setting CVar [[r.ShadowQuality:5]]
[2021.11.19-18.55.42:300][  0]LogConfig: Setting CVar [[r.Shadow.CSM.MaxCascades:10]]
[2021.11.19-18.55.42:300][  0]LogConfig: Setting CVar [[r.Shadow.MaxResolution:2048]]
[2021.11.19-18.55.42:300][  0]LogConfig: Setting CVar [[r.Shadow.MaxCSMResolution:2048]]
[2021.11.19-18.55.42:300][  0]LogConfig: Setting CVar [[r.Shadow.RadiusThreshold:0.01]]
[2021.11.19-18.55.42:300][  0]LogConfig: Setting CVar [[r.Shadow.DistanceScale:1.0]]
[2021.11.19-18.55.42:300][  0]LogConfig: Setting CVar [[r.Shadow.CSM.TransitionScale:1.0]]
[2021.11.19-18.55.42:300][  0]LogConfig: Setting CVar [[r.Shadow.PreShadowResolutionFactor:1.0]]
[2021.11.19-18.55.42:300][  0]LogConfig: Setting CVar [[r.DistanceFieldShadowing:1]]
[2021.11.19-18.55.42:300][  0]LogConfig: Setting CVar [[r.DistanceFieldAO:1]]
[2021.11.19-18.55.42:300][  0]LogConfig: Setting CVar [[r.AOQuality:2]]
[2021.11.19-18.55.42:300][  0]LogConfig: Setting CVar [[r.VolumetricFog:1]]
[2021.11.19-18.55.42:300][  0]LogConfig: Setting CVar [[r.VolumetricFog.GridPixelSize:8]]
[2021.11.19-18.55.42:300][  0]LogConfig: Setting CVar [[r.VolumetricFog.GridSizeZ:128]]
[2021.11.19-18.55.42:300][  0]LogConfig: Setting CVar [[r.VolumetricFog.HistoryMissSupersampleCount:4]]
[2021.11.19-18.55.42:300][  0]LogConfig: Setting CVar [[r.LightMaxDrawDistanceScale:1]]
[2021.11.19-18.55.42:300][  0]LogConfig: Setting CVar [[r.CapsuleShadows:1]]
[2021.11.19-18.55.42:300][  0]LogConfig: Applying CVar settings from Section [PostProcessQuality@3] File [C:/Users/wwwcs/Documents/GitHub/IT-3081C-002-Final-Project/Main Menu/MainMenu/Saved/Config/Windows/Scalability.ini]
[2021.11.19-18.55.42:300][  0]LogConfig: Setting CVar [[r.MotionBlurQuality:4]]
[2021.11.19-18.55.42:300][  0]LogConfig: Setting CVar [[r.AmbientOcclusionMipLevelFactor:0.4]]
[2021.11.19-18.55.42:300][  0]LogConfig: Setting CVar [[r.AmbientOcclusionMaxQuality:100]]
[2021.11.19-18.55.42:300][  0]LogConfig: Setting CVar [[r.AmbientOcclusionLevels:-1]]
[2021.11.19-18.55.42:300][  0]LogConfig: Setting CVar [[r.AmbientOcclusionRadiusScale:1.0]]
[2021.11.19-18.55.42:300][  0]LogConfig: Setting CVar [[r.DepthOfFieldQuality:2]]
[2021.11.19-18.55.42:300][  0]LogConfig: Setting CVar [[r.RenderTargetPoolMin:400]]
[2021.11.19-18.55.42:300][  0]LogConfig: Setting CVar [[r.LensFlareQuality:2]]
[2021.11.19-18.55.42:300][  0]LogConfig: Setting CVar [[r.SceneColorFringeQuality:1]]
[2021.11.19-18.55.42:300][  0]LogConfig: Setting CVar [[r.EyeAdaptationQuality:2]]
[2021.11.19-18.55.42:300][  0]LogConfig: Setting CVar [[r.BloomQuality:5]]
[2021.11.19-18.55.42:300][  0]LogConfig: Setting CVar [[r.FastBlurThreshold:100]]
[2021.11.19-18.55.42:300][  0]LogConfig: Setting CVar [[r.Upscale.Quality:3]]
[2021.11.19-18.55.42:300][  0]LogConfig: Setting CVar [[r.Tonemapper.GrainQuantization:1]]
[2021.11.19-18.55.42:300][  0]LogConfig: Setting CVar [[r.LightShaftQuality:1]]
[2021.11.19-18.55.42:300][  0]LogConfig: Setting CVar [[r.Filter.SizeScale:1]]
[2021.11.19-18.55.42:300][  0]LogConfig: Setting CVar [[r.Tonemapper.Quality:5]]
[2021.11.19-18.55.42:300][  0]LogConfig: Setting CVar [[r.DOF.Gather.AccumulatorQuality:1        ; higher gathering accumulator quality]]
[2021.11.19-18.55.42:300][  0]LogConfig: Setting CVar [[r.DOF.Gather.PostfilterMethod:1          ; Median3x3 postfilering method]]
[2021.11.19-18.55.42:300][  0]LogConfig: Setting CVar [[r.DOF.Gather.EnableBokehSettings:0       ; no bokeh simulation when gathering]]
[2021.11.19-18.55.42:300][  0]LogConfig: Setting CVar [[r.DOF.Gather.RingCount:4                 ; medium number of samples when gathering]]
[2021.11.19-18.55.42:300][  0]LogConfig: Setting CVar [[r.DOF.Scatter.ForegroundCompositing:1    ; additive foreground scattering]]
[2021.11.19-18.55.42:300][  0]LogConfig: Setting CVar [[r.DOF.Scatter.BackgroundCompositing:2    ; additive background scattering]]
[2021.11.19-18.55.42:300][  0]LogConfig: Setting CVar [[r.DOF.Scatter.EnableBokehSettings:1      ; bokeh simulation when scattering]]
[2021.11.19-18.55.42:300][  0]LogConfig: Setting CVar [[r.DOF.Scatter.MaxSpriteRatio:0.1         ; only a maximum of 10% of scattered bokeh]]
[2021.11.19-18.55.42:300][  0]LogConfig: Setting CVar [[r.DOF.Recombine.Quality:1                ; cheap slight out of focus]]
[2021.11.19-18.55.42:300][  0]LogConfig: Setting CVar [[r.DOF.Recombine.EnableBokehSettings:0    ; no bokeh simulation on slight out of focus]]
[2021.11.19-18.55.42:300][  0]LogConfig: Setting CVar [[r.DOF.TemporalAAQuality:1                ; more stable temporal accumulation]]
[2021.11.19-18.55.42:300][  0]LogConfig: Setting CVar [[r.DOF.Kernel.MaxForegroundRadius:0.025]]
[2021.11.19-18.55.42:300][  0]LogConfig: Setting CVar [[r.DOF.Kernel.MaxBackgroundRadius:0.025]]
[2021.11.19-18.55.42:300][  0]LogConfig: Applying CVar settings from Section [TextureQuality@3] File [C:/Users/wwwcs/Documents/GitHub/IT-3081C-002-Final-Project/Main Menu/MainMenu/Saved/Config/Windows/Scalability.ini]
[2021.11.19-18.55.42:300][  0]LogConfig: Setting CVar [[r.Streaming.MipBias:0]]
[2021.11.19-18.55.42:300][  0]LogConfig: Setting CVar [[r.Streaming.AmortizeCPUToGPUCopy:0]]
[2021.11.19-18.55.42:300][  0]LogConfig: Setting CVar [[r.Streaming.MaxNumTexturesToStreamPerFrame:0]]
[2021.11.19-18.55.42:300][  0]LogConfig: Setting CVar [[r.Streaming.Boost:1]]
[2021.11.19-18.55.42:300][  0]LogConfig: Setting CVar [[r.MaxAnisotropy:8]]
[2021.11.19-18.55.42:300][  0]LogConfig: Setting CVar [[r.VT.MaxAnisotropy:8]]
[2021.11.19-18.55.42:300][  0]LogConfig: Setting CVar [[r.Streaming.LimitPoolSizeToVRAM:0]]
[2021.11.19-18.55.42:300][  0]LogConfig: Setting CVar [[r.Streaming.PoolSize:1000]]
[2021.11.19-18.55.42:300][  0]LogConfig: Setting CVar [[r.Streaming.MaxEffectiveScreenSize:0]]
[2021.11.19-18.55.42:300][  0]LogConfig: Applying CVar settings from Section [EffectsQuality@3] File [C:/Users/wwwcs/Documents/GitHub/IT-3081C-002-Final-Project/Main Menu/MainMenu/Saved/Config/Windows/Scalability.ini]
[2021.11.19-18.55.42:300][  0]LogConfig: Setting CVar [[r.TranslucencyLightingVolumeDim:64]]
[2021.11.19-18.55.42:300][  0]LogConfig: Setting CVar [[r.RefractionQuality:2]]
[2021.11.19-18.55.42:300][  0]LogConfig: Setting CVar [[r.SSR.Quality:3]]
[2021.11.19-18.55.42:301][  0]LogConfig: Setting CVar [[r.SSR.HalfResSceneColor:0]]
[2021.11.19-18.55.42:301][  0]LogConfig: Setting CVar [[r.SceneColorFormat:4]]
[2021.11.19-18.55.42:301][  0]LogConfig: Setting CVar [[r.DetailMode:2]]
[2021.11.19-18.55.42:301][  0]LogConfig: Setting CVar [[r.TranslucencyVolumeBlur:1]]
[2021.11.19-18.55.42:301][  0]LogConfig: Setting CVar [[r.MaterialQualityLevel:1 ; High quality]]
[2021.11.19-18.55.42:301][  0]LogConfig: Setting CVar [[r.AnisotropicMaterials:1]]
[2021.11.19-18.55.42:301][  0]LogConfig: Setting CVar [[r.SSS.Scale:1]]
[2021.11.19-18.55.42:301][  0]LogConfig: Setting CVar [[r.SSS.SampleSet:2]]
[2021.11.19-18.55.42:301][  0]LogConfig: Setting CVar [[r.SSS.Quality:1]]
[2021.11.19-18.55.42:301][  0]LogConfig: Setting CVar [[r.SSS.HalfRes:0]]
[2021.11.19-18.55.42:301][  0]LogConfig: Setting CVar [[r.SSGI.Quality:3]]
[2021.11.19-18.55.42:301][  0]LogConfig: Setting CVar [[r.EmitterSpawnRateScale:1.0]]
[2021.11.19-18.55.42:301][  0]LogConfig: Setting CVar [[r.ParticleLightQuality:2]]
[2021.11.19-18.55.42:301][  0]LogConfig: Setting CVar [[r.SkyAtmosphere.AerialPerspectiveLUT.FastApplyOnOpaque:1 ; Always have FastSkyLUT 1 in this case to avoid wrong sky]]
[2021.11.19-18.55.42:301][  0]LogConfig: Setting CVar [[r.SkyAtmosphere.AerialPerspectiveLUT.SampleCountMaxPerSlice:4]]
[2021.11.19-18.55.42:301][  0]LogConfig: Setting CVar [[r.SkyAtmosphere.AerialPerspectiveLUT.DepthResolution:16.0]]
[2021.11.19-18.55.42:301][  0]LogConfig: Setting CVar [[r.SkyAtmosphere.FastSkyLUT:1]]
[2021.11.19-18.55.42:301][  0]LogConfig: Setting CVar [[r.SkyAtmosphere.FastSkyLUT.SampleCountMin:4.0]]
[2021.11.19-18.55.42:301][  0]LogConfig: Setting CVar [[r.SkyAtmosphere.FastSkyLUT.SampleCountMax:128.0]]
[2021.11.19-18.55.42:301][  0]LogConfig: Setting CVar [[r.SkyAtmosphere.SampleCountMin:4.0]]
[2021.11.19-18.55.42:301][  0]LogConfig: Setting CVar [[r.SkyAtmosphere.SampleCountMax:128.0]]
[2021.11.19-18.55.42:301][  0]LogConfig: Setting CVar [[r.SkyAtmosphere.TransmittanceLUT.UseSmallFormat:0]]
[2021.11.19-18.55.42:301][  0]LogConfig: Setting CVar [[r.SkyAtmosphere.TransmittanceLUT.SampleCount:10.0]]
[2021.11.19-18.55.42:301][  0]LogConfig: Setting CVar [[r.SkyAtmosphere.MultiScatteringLUT.SampleCount:15.0]]
[2021.11.19-18.55.42:301][  0]LogConfig: Setting CVar [[r.SkyLight.RealTimeReflectionCapture:1]]
[2021.11.19-18.55.42:301][  0]LogConfig: Applying CVar settings from Section [FoliageQuality@3] File [C:/Users/wwwcs/Documents/GitHub/IT-3081C-002-Final-Project/Main Menu/MainMenu/Saved/Config/Windows/Scalability.ini]
[2021.11.19-18.55.42:301][  0]LogConfig: Setting CVar [[foliage.DensityScale:1.0]]
[2021.11.19-18.55.42:301][  0]LogConfig: Setting CVar [[grass.DensityScale:1.0]]
[2021.11.19-18.55.42:301][  0]LogConfig: Applying CVar settings from Section [ShadingQuality@3] File [C:/Users/wwwcs/Documents/GitHub/IT-3081C-002-Final-Project/Main Menu/MainMenu/Saved/Config/Windows/Scalability.ini]
[2021.11.19-18.55.42:301][  0]LogConfig: Setting CVar [[r.HairStrands.SkyLighting.IntegrationType:2]]
[2021.11.19-18.55.42:301][  0]LogConfig: Setting CVar [[r.HairStrands.SkyAO.SampleCount:4]]
[2021.11.19-18.55.42:301][  0]LogConfig: Setting CVar [[r.HairStrands.Visibility.MSAA.SamplePerPixel:4]]
[2021.11.19-18.55.42:301][  0]LogConfig: Applying CVar settings from Section [Startup] File [../../../Engine/Config/ConsoleVariables.ini]
[2021.11.19-18.55.42:301][  0]LogConfig: Setting CVar [[net.UseAdaptiveNetUpdateFrequency:0]]
[2021.11.19-18.55.42:301][  0]LogConfig: Setting CVar [[p.chaos.AllowCreatePhysxBodies:1]]
[2021.11.19-18.55.42:301][  0]LogConfig: Setting CVar [[fx.SkipVectorVMBackendOptimizations:1]]
[2021.11.19-18.55.42:301][  0]LogConfig: Applying CVar settings from Section [ConsoleVariables] File [C:/Users/wwwcs/Documents/GitHub/IT-3081C-002-Final-Project/Main Menu/MainMenu/Saved/Config/Windows/Engine.ini]
[2021.11.19-18.55.42:301][  0]LogConfig: Applying CVar settings from Section [ConsoleVariables] File [C:/Users/wwwcs/Documents/GitHub/IT-3081C-002-Final-Project/Main Menu/MainMenu/Saved/Config/Windows/Editor.ini]
[2021.11.19-18.55.42:301][  0]LogInit: Computer: DESKTOP-2SKNDKA
[2021.11.19-18.55.42:301][  0]LogInit: User: wwwcs
[2021.11.19-18.55.42:301][  0]LogInit: CPU Page size=4096, Cores=8
[2021.11.19-18.55.42:301][  0]LogInit: High frequency timer resolution =10.000000 MHz
[2021.11.19-18.55.42:302][  0]LogMemory: Memory total: Physical=15.9GB (16GB approx)
[2021.11.19-18.55.42:302][  0]LogMemory: Platform Memory Stats for Windows
[2021.11.19-18.55.42:302][  0]LogMemory: Process Physical Memory: 142.71 MB used, 142.72 MB peak
[2021.11.19-18.55.42:302][  0]LogMemory: Process Virtual Memory: 126.84 MB used, 126.84 MB peak
[2021.11.19-18.55.42:302][  0]LogMemory: Physical Memory: 7662.92 MB used,  8640.44 MB free, 16303.36 MB total
[2021.11.19-18.55.42:302][  0]LogMemory: Virtual Memory: 134204576.00 MB used,  13150.82 MB free, 134217728.00 MB total
[2021.11.19-18.55.42:328][  0]LogWindows: WindowsPlatformFeatures enabled
[2021.11.19-18.55.42:358][  0]LogInit: Physics initialised using underlying interface: PhysX
[2021.11.19-18.55.42:359][  0]LogInit: Using OS detected language (en-US).
[2021.11.19-18.55.42:359][  0]LogInit: Using OS detected locale (en-US).
[2021.11.19-18.55.42:361][  0]LogTextLocalizationManager: No specific localization for 'en-US' exists, so the 'en' localization will be used.
[2021.11.19-18.55.42:522][  0]LogInit: Setting process to per monitor DPI aware
[2021.11.19-18.55.42:534][  0]LogWindowsTextInputMethodSystem: Display: IME system deactivated.
[2021.11.19-18.55.42:545][  0]LogSlate: New Slate User Created.  User Index 0, Is Virtual User: 0
[2021.11.19-18.55.42:545][  0]LogSlate: Slate User Registered.  User Index 0, Is Virtual User: 0
[2021.11.19-18.55.42:698][  0]LogD3D11RHI: Loaded GFSDK_Aftermath_Lib.x64.dll
[2021.11.19-18.55.42:700][  0]LogHMD: Failed to initialize OpenVR with code 110
[2021.11.19-18.55.42:700][  0]LogD3D11RHI: D3D11 min allowed feature level: 11_0
[2021.11.19-18.55.42:700][  0]LogD3D11RHI: D3D11 max allowed feature level: 11_0
[2021.11.19-18.55.42:700][  0]LogD3D11RHI: D3D11 adapters:
[2021.11.19-18.55.42:793][  0]LogD3D11RHI:    0. 'NVIDIA GeForce RTX 2080 SUPER' (Feature Level 11_0)
[2021.11.19-18.55.42:793][  0]LogD3D11RHI:       8010/0/8151 MB DedicatedVideo/DedicatedSystem/SharedSystem, Outputs:1, VendorId:0x10de
[2021.11.19-18.55.42:794][  0]LogD3D11RHI:    1. 'Microsoft Basic Render Driver' (Feature Level 11_0)
[2021.11.19-18.55.42:794][  0]LogD3D11RHI:       0/0/8151 MB DedicatedVideo/DedicatedSystem/SharedSystem, Outputs:0, VendorId:0x1414
[2021.11.19-18.55.42:794][  0]LogD3D11RHI: Chosen D3D11 Adapter:
[2021.11.19-18.55.42:794][  0]LogD3D11RHI:     Description : NVIDIA GeForce RTX 2080 SUPER
[2021.11.19-18.55.42:794][  0]LogD3D11RHI:     VendorId    : 10de
[2021.11.19-18.55.42:794][  0]LogD3D11RHI:     DeviceId    : 1e81
[2021.11.19-18.55.42:794][  0]LogD3D11RHI:     SubSysId    : 87161043
[2021.11.19-18.55.42:794][  0]LogD3D11RHI:     Revision    : 00a1
[2021.11.19-18.55.42:794][  0]LogD3D11RHI:     DedicatedVideoMemory : 8399093760 bytes
[2021.11.19-18.55.42:794][  0]LogD3D11RHI:     DedicatedSystemMemory : 0 bytes
[2021.11.19-18.55.42:794][  0]LogD3D11RHI:     SharedSystemMemory : 8547657728 bytes
[2021.11.19-18.55.42:794][  0]LogD3D11RHI:     AdapterLuid : 0 63723
[2021.11.19-18.55.42:799][  0]LogD3D11RHI: Creating new Direct3DDevice
[2021.11.19-18.55.42:799][  0]LogD3D11RHI:     GPU DeviceId: 0x1e81 (for the marketing name, search the web for "GPU Device Id")
[2021.11.19-18.55.42:799][  0]LogWindows: EnumDisplayDevices:
[2021.11.19-18.55.42:799][  0]LogWindows:    0. 'NVIDIA GeForce RTX 2080 SUPER' (P:1 D:1)
[2021.11.19-18.55.42:799][  0]LogWindows:    1. 'NVIDIA GeForce RTX 2080 SUPER' (P:0 D:0)
[2021.11.19-18.55.42:800][  0]LogWindows:    2. 'NVIDIA GeForce RTX 2080 SUPER' (P:0 D:0)
[2021.11.19-18.55.42:800][  0]LogWindows:    3. 'NVIDIA GeForce RTX 2080 SUPER' (P:0 D:0)
[2021.11.19-18.55.42:800][  0]LogWindows: DebugString: FoundDriverCount:4 
[2021.11.19-18.55.42:800][  0]LogD3D11RHI:     Adapter Name: NVIDIA GeForce RTX 2080 SUPER
[2021.11.19-18.55.42:800][  0]LogD3D11RHI:   Driver Version: 471.51 (internal:30.0.14.7151, unified:471.51)
[2021.11.19-18.55.42:800][  0]LogD3D11RHI:      Driver Date: 7-16-2021
[2021.11.19-18.55.42:800][  0]LogRHI: Texture pool is 5607 MB (70% of 8010 MB)
[2021.11.19-18.55.42:800][  0]LogD3D11RHI: Creating D3DDevice using adapter:
[2021.11.19-18.55.42:800][  0]LogD3D11RHI:     Description : NVIDIA GeForce RTX 2080 SUPER
[2021.11.19-18.55.42:800][  0]LogD3D11RHI:     VendorId    : 10de
[2021.11.19-18.55.42:800][  0]LogD3D11RHI:     DeviceId    : 1e81
[2021.11.19-18.55.42:800][  0]LogD3D11RHI:     SubSysId    : 87161043
[2021.11.19-18.55.42:800][  0]LogD3D11RHI:     Revision    : 00a1
[2021.11.19-18.55.42:800][  0]LogD3D11RHI:     DedicatedVideoMemory : 8399093760 bytes
[2021.11.19-18.55.42:800][  0]LogD3D11RHI:     DedicatedSystemMemory : 0 bytes
[2021.11.19-18.55.42:800][  0]LogD3D11RHI:     SharedSystemMemory : 8547657728 bytes
[2021.11.19-18.55.42:800][  0]LogD3D11RHI:     AdapterLuid : 0 63723
[2021.11.19-18.55.42:871][  0]LogD3D11RHI: RHI has support for 64 bit atomics
[2021.11.19-18.55.42:871][  0]LogD3D11RHI: Async texture creation enabled
[2021.11.19-18.55.42:871][  0]LogD3D11RHI: Array index from any shader is supported
[2021.11.19-18.55.42:887][  0]LogD3D11RHI: GPU Timing Frequency: 1000.000000 (Debug: 2 1)
[2021.11.19-18.55.42:916][  0]LogRHI: GeForceNow SDK initialized: 1
[2021.11.19-18.55.43:121][  0]LogTargetPlatformManager: Display: Loaded TargetPlatform 'AllDesktop'
[2021.11.19-18.55.43:140][  0]LogTargetPlatformManager: Display: Loaded TargetPlatform 'Android'
[2021.11.19-18.55.43:140][  0]LogTargetPlatformManager: Display: Loaded TargetPlatform 'Android_ASTC'
[2021.11.19-18.55.43:140][  0]LogTargetPlatformManager: Display: Loaded TargetPlatform 'Android_DXT'
[2021.11.19-18.55.43:140][  0]LogTargetPlatformManager: Display: Loaded TargetPlatform 'Android_ETC2'
[2021.11.19-18.55.43:140][  0]LogTargetPlatformManager: Display: Loaded TargetPlatform 'AndroidClient'
[2021.11.19-18.55.43:140][  0]LogTargetPlatformManager: Display: Loaded TargetPlatform 'Android_ASTCClient'
[2021.11.19-18.55.43:140][  0]LogTargetPlatformManager: Display: Loaded TargetPlatform 'Android_DXTClient'
[2021.11.19-18.55.43:140][  0]LogTargetPlatformManager: Display: Loaded TargetPlatform 'Android_ETC2Client'
[2021.11.19-18.55.43:140][  0]LogTargetPlatformManager: Display: Loaded TargetPlatform 'Android_Multi'
[2021.11.19-18.55.43:140][  0]LogTargetPlatformManager: Display: Loaded TargetPlatform 'Android_MultiClient'
[2021.11.19-18.55.43:156][  0]LogTargetPlatformManager: Display: Loaded TargetPlatform 'IOSClient'
[2021.11.19-18.55.43:156][  0]LogTargetPlatformManager: Display: Loaded TargetPlatform 'IOS'
[2021.11.19-18.55.43:164][  0]LogTargetPlatformManager: Display: Loaded TargetPlatform 'Linux'
[2021.11.19-18.55.43:167][  0]LogTargetPlatformManager: Display: Loaded TargetPlatform 'LinuxNoEditor'
[2021.11.19-18.55.43:170][  0]LogTargetPlatformManager: Display: Loaded TargetPlatform 'LinuxClient'
[2021.11.19-18.55.43:174][  0]LogTargetPlatformManager: Display: Loaded TargetPlatform 'LinuxServer'
[2021.11.19-18.55.43:181][  0]LogTargetPlatformManager: Display: Loaded TargetPlatform 'LinuxAArch64NoEditor'
[2021.11.19-18.55.43:185][  0]LogTargetPlatformManager: Display: Loaded TargetPlatform 'LinuxAArch64Client'
[2021.11.19-18.55.43:188][  0]LogTargetPlatformManager: Display: Loaded TargetPlatform 'LinuxAArch64Server'
[2021.11.19-18.55.43:208][  0]LogTargetPlatformManager: Display: Loaded TargetPlatform 'Lumin'
[2021.11.19-18.55.43:208][  0]LogTargetPlatformManager: Display: Loaded TargetPlatform 'LuminClient'
[2021.11.19-18.55.43:215][  0]LogTargetPlatformManager: Display: Loaded TargetPlatform 'MacNoEditor'
[2021.11.19-18.55.43:218][  0]LogTargetPlatformManager: Display: Loaded TargetPlatform 'Mac'
[2021.11.19-18.55.43:221][  0]LogTargetPlatformManager: Display: Loaded TargetPlatform 'MacClient'
[2021.11.19-18.55.43:224][  0]LogTargetPlatformManager: Display: Loaded TargetPlatform 'MacServer'
[2021.11.19-18.55.43:232][  0]LogTargetPlatformManager: Display: Loaded TargetPlatform 'TVOSClient'
[2021.11.19-18.55.43:232][  0]LogTargetPlatformManager: Display: Loaded TargetPlatform 'TVOS'
[2021.11.19-18.55.43:239][  0]LogTargetPlatformManager: Display: Loaded TargetPlatform 'WindowsNoEditor'
[2021.11.19-18.55.43:242][  0]LogTargetPlatformManager: Display: Loaded TargetPlatform 'Windows'
[2021.11.19-18.55.43:245][  0]LogTargetPlatformManager: Display: Loaded TargetPlatform 'WindowsClient'
[2021.11.19-18.55.43:248][  0]LogTargetPlatformManager: Display: Loaded TargetPlatform 'WindowsServer'
[2021.11.19-18.55.43:248][  0]LogTargetPlatformManager: Display: Building Assets For Windows
[2021.11.19-18.55.43:254][  0]LogAudioDebug: Display: Lib vorbis DLL was dynamically loaded.
[2021.11.19-18.55.43:274][  0]LogTextureFormatOodle: Display: Oodle Texture 2.9.0 init RDO Off
[2021.11.19-18.55.43:297][  0]LogRendererCore: Ray tracing is disabled. Reason: r.RayTracing=0.
[2021.11.19-18.55.43:297][  0]LogShaderCompilers: Guid format shader working directory is -32 characters bigger than the processId version (C:/Users/wwwcs/Documents/GitHub/IT-3081C-002-Final-Project/Main Menu/MainMenu/Intermediate/Shaders/WorkingDirectory/23524/).
[2021.11.19-18.55.43:297][  0]LogShaderCompilers: Cleaned the shader compiler working directory 'C:/Users/wwwcs/AppData/Local/Temp/UnrealShaderWorkingDir/F236474941EF5FAEFFAFCFA7DD084517/'.
[2021.11.19-18.55.43:297][  0]LogXGEController: Cannot use XGE Controller as Incredibuild is not installed on this machine.
[2021.11.19-18.55.43:297][  0]LogShaderCompilers: Cannot use XGE Shader Compiler as Incredibuild is not installed on this machine.
[2021.11.19-18.55.43:297][  0]LogShaderCompilers: Display: Using Local Shader Compiler.
[2021.11.19-18.55.43:953][  0]LogDerivedDataCache: Display: Max Cache Size: 512 MB
[2021.11.19-18.55.44:007][  0]LogDerivedDataCache: Loaded boot cache 0.05s 94MB C:/Users/wwwcs/AppData/Local/UnrealEngine/4.27/DerivedDataCache/Boot.ddc.
[2021.11.19-18.55.44:007][  0]LogDerivedDataCache: Display: Loaded Boot cache: C:/Users/wwwcs/AppData/Local/UnrealEngine/4.27/DerivedDataCache/Boot.ddc
[2021.11.19-18.55.44:007][  0]LogDerivedDataCache: FDerivedDataBackendGraph:  Pak pak cache file C:/Users/wwwcs/Documents/GitHub/IT-3081C-002-Final-Project/Main Menu/MainMenu/DerivedDataCache/DDC.ddp not found, will not use a pak cache.
[2021.11.19-18.55.44:007][  0]LogDerivedDataCache: Unable to find inner node Pak for hierarchical cache Hierarchy.
[2021.11.19-18.55.44:007][  0]LogDerivedDataCache: FDerivedDataBackendGraph:  CompressedPak pak cache file C:/Users/wwwcs/Documents/GitHub/IT-3081C-002-Final-Project/Main Menu/MainMenu/DerivedDataCache/Compressed.ddp not found, will not use a pak cache.
[2021.11.19-18.55.44:007][  0]LogDerivedDataCache: Unable to find inner node CompressedPak for hierarchical cache Hierarchy.
[2021.11.19-18.55.44:021][  0]LogDerivedDataCache: Display: Pak cache opened for reading ../../../Engine/DerivedDataCache/Compressed.ddp.
[2021.11.19-18.55.44:021][  0]LogDerivedDataCache: FDerivedDataBackendGraph:  EnterprisePak pak cache file ../../../Enterprise/DerivedDataCache/Compressed.ddp not found, will not use a pak cache.
[2021.11.19-18.55.44:021][  0]LogDerivedDataCache: Unable to find inner node EnterprisePak for hierarchical cache Hierarchy.
[2021.11.19-18.55.44:026][  0]LogDerivedDataCache: Speed tests for C:/Users/wwwcs/AppData/Local/UnrealEngine/Common/DerivedDataCache took 0.00 seconds
[2021.11.19-18.55.44:026][  0]LogDerivedDataCache: Display: Performance to C:/Users/wwwcs/AppData/Local/UnrealEngine/Common/DerivedDataCache: Latency=0.03ms. RandomReadSpeed=1335.76MBs, RandomWriteSpeed=282.09MBs. Assigned SpeedClass 'Local'
[2021.11.19-18.55.44:026][  0]LogDerivedDataCache: Using Local data cache path C:/Users/wwwcs/AppData/Local/UnrealEngine/Common/DerivedDataCache: Writable
[2021.11.19-18.55.44:026][  0]LogDerivedDataCache: Shared data cache path not found in *engine.ini, will not use an Shared cache.
[2021.11.19-18.55.44:026][  0]LogDerivedDataCache: Unable to find inner node Shared for hierarchical cache Hierarchy.
[2021.11.19-18.55.44:066][  0]LogSlate: Using FreeType 2.10.0
[2021.11.19-18.55.44:066][  0]LogSlate: SlateFontServices - WITH_FREETYPE: 1, WITH_HARFBUZZ: 1
[2021.11.19-18.55.44:089][  0]LogAssetRegistry: FAssetRegistry took 0.0020 seconds to start up
[2021.11.19-18.55.44:268][  0]LogInit: Selected Device Profile: [Windows]
[2021.11.19-18.55.44:268][  0]LogInit: Active device profile: [000002198220B600][00000219803FD0C0 49] Windows
[2021.11.19-18.55.44:268][  0]LogInit: Profiles: [000002198220B600][00000219803FD0C0 49] Windows, [00000219821C0C00][0000021982687240 49] WindowsNoEditor, [0000021982208C00][000002198268B3C0 49] WindowsServer, [00000219821C2F00][000002198268F540 49] WindowsClient, [000002198220AE00][00000219826936C0 49] IOS, [00000219821C1400][0000021982697840 49] iPadAir, [0000021982209300][000002198269B9C0 49] iPadAir2, [0000021982167E00][00000219826A2100 49] IPadPro, [0000021982167F00][000002198269E140 49] iPadAir3, [000002198220A900][00000219826A62C0 49] iPadAir4, [0000021982165100][00000219826AA440 49] iPadMini2, [0000021982209700][00000219826AE5C0 49] iPadMini3, [0000021982166900][00000219826B2740 49] iPadMini4, [000002198220A200][00000219826B68C0 49] iPadMini5, [00000219821BB700][00000219826BAB00 49] iPhone6, [00000219821BB800][0000021982682B40 49] iPodTouch6, [0000021982164100][00000219826C2D80 49] iPhone7, [0000021982165400][00000219826BEDC0 49] iPodTouch7, [00000219821B9000][00000219826CAF40 49] iPhone5S, [0000021982166B00][00000219826CF0C0 49] iPhone6Plus, [00000219821BAA00][00000219826D3240 49] iPhone6S, [0000021982164B00][00000219826D73C0 49] iPhone6SPlus, [00000219821B9700][00000219826DB540 49] iPhone7Plus, [0000021982166200][00000219827D76C0 49] iPhoneSE, [00000219821BA300][00000219827DB840 49] iPhone8, [0000021982167600][00000219827DF9C0 49] iPhone8Plus, [00000219821B9E00][00000219827E3B40 49] iPhoneX, [0000021982165800][00000219827E6140 49] iPhoneXS, [00000219821BAB00][00000219827EA2C0 49] iPhoneXSMax, [0000021982164D00][00000219827EE440 49] iPhoneXR, [00000219821BA900][00000219827F25C0 49] iPhone11, [0000021982164600][00000219827F6740 49] iPhone11Pro, [00000219821B8D00][00000219827FA8C0 49] iPhone11ProMax, [0000021982167000][00000219827FEA40 49] iPhoneSE2, [00000219821BAC00][00000219826C6B80 49] iPhone12Mini, [0000021982167200][0000021982802CC0 49] iPhone12, [00000219821BA500][0000021982806E00 49] iPhone12Pro, [0000021982164A00][000002198280AF40 49] iPhone12ProMax, [00000219821BA200][00000219828250C0 49] iPadPro105, [0000021982167B00][0000021982829240 49] iPadPro129, [00000219821BB900][000002198282D3C0 49] iPadPro97, [0000021982164800][0000021982831540 49] iPadPro2_129, [00000219821B9600][00000219828356C0 49] iPad5, [0000021982167C00][0000021982839840 49] iPad6, [00000219821BAD00][000002198283D9C0 49] iPad7, [0000021982167300][0000021982841B40 49] iPad8, [00000219821BB200][0000021982844140 49] iPadPro11, [0000021982165F00][00000219828482C0 49] iPadPro2_11, [00000219821B8700][000002198284C440 49] iPadPro3_129, [0000021982165500][00000219828505C0 49] iPadPro4_129, [00000219821BA100][0000021982854740 49] AppleTV, [0000021982165D00][00000219828588C0 49] AppleTV4K, [00000219821BBE00][000002198285CA40 49] TVOS, [0000021982164E00][0000021982860BC0 49] Mac, [00000219821B9C00][0000021982864D40 49] MacClient, [0000021982165200][0000021982820E80 49] MacNoEditor, [00000219821BBA00][0000021982868FC0 49] MacServer, [0000021982166000][000002198286D100 49] Linux, [00000219821BAE00][0000021982875280 49] LinuxAArch64, [0000021982164400][0000021982879400 49] LinuxNoEditor, [0000021982242400][000002198287D580 49] LinuxAArch64NoEditor, [00000219821C1800][0000021982881700 49] LinuxClient, [0000021982242500][0000021982885880 49] LinuxAArch64Client, [00000219821C1200][0000021982889A00 49] LinuxServer, [0000021982241A00][000002198288DB80 49] LinuxAArch64Server, [00000219821C3300][0000021982890180 49] Android, [0000021982240F00][0000021982894300 49] Android_Low, [00000219821C2300][0000021982898480 49] Android_Mid, [0000021982242000][000002198289C600 49] Android_High, [00000219821C1600][00000219828A0780 49] Android_Default, [0000021982240C00][00000219828A4900 49] Android_Adreno4xx, [00000219821C2E00][00000219828A8A80 49] Android_Adreno5xx_Low, [0000021982241000][00000219828ACC00 49] Android_Adreno5xx, [00000219821C0900][00000219828B0D80 49] Android_Adreno6xx, [0000021982240900][00000219828B4F00 49] Android_Adreno6xx_Vulkan, [00000219821C0B00][0000021982871040 49] Android_Mali_T6xx, [0000021982241900][00000219828B9180 49] Android_Mali_T7xx, [00000219821C1700][00000219828BD2C0 49] Android_Mali_T8xx, [0000021982166400][00000219828C5440 49] Android_Mali_G71, [00000219821B9800][00000219828C95C0 49] Android_Mali_G72, [0000021982165600][00000219828CD740 49] Android_Mali_G72_Vulkan, [00000219821B8E00][00000219828D18C0 49] Android_Mali_G76, [0000021982164500][00000219828D5A40 49] Android_Mali_G76_Vulkan, [00000219821B8200][00000219828D9BC0 49] Android_Mali_G77, [0000021982165B00][00000219828DC1C0 49] Android_Mali_G77_Vulkan, [00000219821BB400][00000219828E0340 49] Android_Mali_G78, [0000021982167100][00000219828E44C0 49] Android_Mali_G78_Vulkan, [00000219821B9500][00000219828E8640 49] Android_Mali_G710, [00000219821C2D00][00000219828EC7C0 49] Android_Mali_G710_Vulkan, [00000219821BB500][00000219828F0940 49] Android_Vulkan_SM5, [0000021982166F00][00000219828F4AC0 49] Android_PowerVR_G6xxx, [0000021982241200][00000219829F0C40 49] Android_PowerVR_GT7xxx, [0000021982167400][00000219829F4DC0 49] Android_PowerVR_GE8xxx, [0000021982240500][00000219829F8F40 49] Android_PowerVR_GM9xxx, [0000021982166D00][00000219829FD0C0 49] Android_PowerVR_GM9xxx_Vulkan, [0000021982240400][00000219828C1200 49] Android_TegraK1, [0000021982167700][0000021982A01340 49] Android_Unknown_Vulkan, [0000021982241100][0000021982A05480 49] Lumin, [0000021982165900][0000021982A095C0 49] Lumin_Desktop, [0000021982241700][0000021982A11740 49] HoloLens, 
[2021.11.19-18.55.44:369][  0]LogMeshReduction: Using QuadricMeshReduction for automatic static mesh reduction
[2021.11.19-18.55.44:369][  0]LogMeshReduction: Using SimplygonMeshReduction for automatic skeletal mesh reduction
[2021.11.19-18.55.44:369][  0]LogMeshReduction: Using ProxyLODMeshReduction for automatic mesh merging
[2021.11.19-18.55.44:369][  0]LogMeshReduction: No distributed automatic mesh merging module available
[2021.11.19-18.55.44:369][  0]LogMeshMerging: No distributed automatic mesh merging module available
[2021.11.19-18.55.44:391][  0]LogNetVersion: MainMenu 1.0.0, NetCL: 17155196, EngineNetVer: 17, GameNetVer: 0 (Checksum: 1830820722)
[2021.11.19-18.55.44:733][  0]LogTexture: Default maximum texture size for cubemaps generated from long-lat sources has been changed from 512 to unlimited. In order to preserve old behaiour for '/Engine/MapTemplates/Sky/DaylightAmbientCubemap.DaylightAmbientCubemap', its maximum texture size has been explicitly set to 512.
[2021.11.19-18.55.44:790][  0]LogHMD: PokeAHoleMaterial loaded successfully
[2021.11.19-18.55.44:795][  0]LogUObjectArray: 17178 objects as part of root set at end of initial load.
[2021.11.19-18.55.44:795][  0]LogUObjectAllocator: 4301856 out of 0 bytes used by permanent object pool.
[2021.11.19-18.55.44:795][  0]LogUObjectArray: CloseDisregardForGC: 0/0 objects in disregard for GC pool
[2021.11.19-18.55.45:006][  0]LogNiagaraDebuggerClient: Niagara Debugger Client Initialized | Session: C0FE736C44B9F59D2340809CD5F12687 | Instance: B808F25C4FE8FB8C9A38E68E11A9C89B (DESKTOP-2SKNDKA-23524).
[2021.11.19-18.55.45:020][  0]LogImageWrapper: Warning: PNG Warning: Duplicate iCCP chunk
[2021.11.19-18.55.45:020][  0]LogImageWrapper: Warning: PNG Warning: Duplicate iCCP chunk
[2021.11.19-18.55.45:032][  0]LogPython: Using Python 3.7.7
[2021.11.19-18.55.45:572][  0]LogTcpMessaging: Initializing TcpMessaging bridge
[2021.11.19-18.55.45:584][  0]LogUdpMessaging: Initializing bridge on interface 0.0.0.0:0 to multicast group 230.0.0.1:6666.
[2021.11.19-18.55.45:696][  0]SourceControl: Source control is disabled
[2021.11.19-18.55.45:696][  0]SourceControl: Source control is disabled
[2021.11.19-18.55.45:699][  0]SourceControl: Source control is disabled
[2021.11.19-18.55.45:701][  0]SourceControl: Source control is disabled
[2021.11.19-18.55.45:707][  0]SourceControl: Source control is disabled
[2021.11.19-18.55.45:712][  0]LogUProjectInfo: Found projects:
[2021.11.19-18.55.45:872][  0]LogOpenImageDenoise: OIDN starting up
[2021.11.19-18.55.45:905][  0]LogAndroidPermission: UAndroidPermissionCallbackProxy::GetInstance
[2021.11.19-18.55.45:922][  0]LogAudioCaptureCore: Display: No Audio Capture implementations found. Audio input will be silent.
[2021.11.19-18.55.45:922][  0]LogAudioCaptureCore: Display: No Audio Capture implementations found. Audio input will be silent.
[2021.11.19-18.55.46:021][  0]LogCollectionManager: Loaded 0 collections in 0.000512 seconds
[2021.11.19-18.55.46:040][  0]LogFileCache: Scanning file cache for directory 'C:/Users/wwwcs/Documents/GitHub/IT-3081C-002-Final-Project/Main Menu/MainMenu/Saved/Collections/' took 0.00s
[2021.11.19-18.55.46:040][  0]LogFileCache: Scanning file cache for directory 'C:/Users/wwwcs/Documents/GitHub/IT-3081C-002-Final-Project/Main Menu/MainMenu/Content/Developers/wwwcs/Collections/' took 0.00s
[2021.11.19-18.55.46:040][  0]LogFileCache: Scanning file cache for directory 'C:/Users/wwwcs/Documents/GitHub/IT-3081C-002-Final-Project/Main Menu/MainMenu/Content/Collections/' took 0.00s
[2021.11.19-18.55.46:040][  0]LogOcInput: OculusInput pre-init called
[2021.11.19-18.55.46:241][  0]LogImageWrapper: Warning: PNG Warning: Duplicate iCCP chunk
[2021.11.19-18.55.46:241][  0]LogImageWrapper: Warning: PNG Warning: Duplicate iCCP chunk
[2021.11.19-18.55.46:241][  0]LogEngine: Initializing Engine...
[2021.11.19-18.55.46:243][  0]LogHMD: Failed to enumerate extensions. Please check that you have a valid OpenXR runtime installed.
[2021.11.19-18.55.46:243][  0]LogHMD: Failed to initialize OpenVR with code 110
[2021.11.19-18.55.46:243][  0]LogMagicLeap: Warning: VR disabled because ZI is not enabled.  To enable, in the editor, Edit -> Project Settings -> Plugins -> Magic Leap Plugin -> Enable Zero Iteration
[2021.11.19-18.55.46:244][  0]LogStats: UGameplayTagsManager::InitializeManager -  0.000 s
[2021.11.19-18.55.46:366][  0]LogInit: Initializing FReadOnlyCVARCache
[2021.11.19-18.55.46:373][  0]LogAIModule: Creating AISystem for world Untitled
[2021.11.19-18.55.46:382][  0]LogAudio: Display: Initializing Audio Device Manager...
[2021.11.19-18.55.46:385][  0]LogAudio: Display: Loading Default Audio Settings Objects...
[2021.11.19-18.55.46:386][  0]LogAudio: Display: No default SoundConcurrencyObject specified (or failed to load).
[2021.11.19-18.55.46:386][  0]LogAudio: Display: Audio Device Manager Initialized
[2021.11.19-18.55.46:386][  0]LogAudio: Display: Creating Audio Device:                 Id: 1, Scope: Shared, Realtime: True
[2021.11.19-18.55.46:386][  0]LogAudioMixer: Display: Audio Mixer Platform Settings:
[2021.11.19-18.55.46:386][  0]LogAudioMixer: Display: 	Sample Rate:						  48000
[2021.11.19-18.55.46:386][  0]LogAudioMixer: Display: 	Callback Buffer Frame Size Requested: 1024
[2021.11.19-18.55.46:386][  0]LogAudioMixer: Display: 	Callback Buffer Frame Size To Use:	  1024
[2021.11.19-18.55.46:386][  0]LogAudioMixer: Display: 	Number of buffers to queue:			  2
[2021.11.19-18.55.46:386][  0]LogAudioMixer: Display: 	Max Channels (voices):				  32
[2021.11.19-18.55.46:386][  0]LogAudioMixer: Display: 	Number of Async Source Workers:		  0
[2021.11.19-18.55.46:386][  0]LogAudio: Display: AudioDevice MaxSources: 32
[2021.11.19-18.55.46:387][  0]LogAudio: Display: Audio Spatialization Plugin: None (built-in).
[2021.11.19-18.55.46:387][  0]LogAudio: Display: Audio Reverb Plugin: None (built-in).
[2021.11.19-18.55.46:387][  0]LogAudio: Display: Audio Occlusion Plugin: None (built-in).
[2021.11.19-18.55.46:387][  0]LogAudioMixer: Display: Initializing audio mixer.
[2021.11.19-18.55.46:771][  0]LogAudioMixer: Display: 0: FrontLeft
[2021.11.19-18.55.46:771][  0]LogAudioMixer: Display: 1: FrontRight
[2021.11.19-18.55.46:771][  0]LogAudioMixer: Display: 2: FrontCenter
[2021.11.19-18.55.46:771][  0]LogAudioMixer: Display: 3: LowFrequency
[2021.11.19-18.55.46:771][  0]LogAudioMixer: Display: 4: BackLeft
[2021.11.19-18.55.46:771][  0]LogAudioMixer: Display: 5: BackRight
[2021.11.19-18.55.46:771][  0]LogAudioMixer: Display: 6: SideLeft
[2021.11.19-18.55.46:771][  0]LogAudioMixer: Display: 7: SideRight
[2021.11.19-18.55.46:901][  0]LogAudioMixer: Display: Using Audio Device Realtek HD Audio 2nd output (Realtek(R) Audio)
[2021.11.19-18.55.46:904][  0]LogAudioMixer: Display: Initializing Sound Submixes...
[2021.11.19-18.55.46:906][  0]LogAudioMixer: Display: Creating Master Submix 'MasterSubmixDefault'
[2021.11.19-18.55.46:906][  0]LogAudioMixer: Display: Creating Master Submix 'MasterReverbSubmixDefault'
[2021.11.19-18.55.46:907][  0]LogAudioMixer: Display: Creating Master Submix 'MasterEQSubmixDefault'
[2021.11.19-18.55.46:907][  0]LogAudioMixer: FMixerPlatformXAudio2::StartAudioStream() called
[2021.11.19-18.55.46:907][  0]LogAudioMixer: Display: Output buffers initialized: Frames=1024, Channels=8, Samples=8192
[2021.11.19-18.55.46:908][  0]LogAudioMixer: Display: Starting AudioMixerPlatformInterface::RunInternal()
[2021.11.19-18.55.46:908][  0]LogAudioMixer: Display: FMixerPlatformXAudio2::SubmitBuffer() called for the first time
[2021.11.19-18.55.46:908][  0]LogInit: FAudioDevice initialized.
[2021.11.19-18.55.46:908][  0]LogAudio: Display: Audio Device (ID: 1) registered with world 'Untitled'.
[2021.11.19-18.55.46:908][  0]LogNetVersion: Set ProjectVersion to 1.0.0.0. Version Checksum will be recalculated on next use.
[2021.11.19-18.55.46:957][  0]LogDerivedDataCache: Saved boot cache 0.05s 94MB C:/Users/wwwcs/AppData/Local/UnrealEngine/4.27/DerivedDataCache/Boot.ddc.
[2021.11.19-18.55.46:960][  0]LogInit: Texture streaming: Enabled
[2021.11.19-18.55.46:969][  0]LogAnalytics: Display: [UEEditor.Rocket.Release] APIServer = https://datarouter.ol.epicgames.com/. AppVersion = 4.27.1-17735300+++UE4+Release-4.27
[2021.11.19-18.55.46:972][  0]LogEngineSessionManager: EngineSessionManager initialized
[2021.11.19-18.55.46:972][  0]LogEditorSessionSummary: Verbose: Initializing EditorSessionSummaryWriter for editor session tracking
[2021.11.19-18.55.46:975][  0]LogEditorSessionSummary: EditorSessionSummaryWriter initialized
[2021.11.19-18.55.46:988][  0]LogInit: Transaction tracking system initialized
[2021.11.19-18.55.47:003][  0]BlueprintLog: New page: Editor Load
[2021.11.19-18.55.47:115][  0]LocalizationService: Localization service is disabled
[2021.11.19-18.55.47:134][  0]TimingProfiler: Initialize
[2021.11.19-18.55.47:134][  0]TimingProfiler: OnSessionChanged
[2021.11.19-18.55.47:135][  0]LoadingProfiler: Initialize
[2021.11.19-18.55.47:135][  0]LoadingProfiler: OnSessionChanged
[2021.11.19-18.55.47:135][  0]NetworkingProfiler: Initialize
[2021.11.19-18.55.47:135][  0]NetworkingProfiler: OnSessionChanged
[2021.11.19-18.55.47:135][  0]MemoryProfiler: Initialize
[2021.11.19-18.55.47:135][  0]MemoryProfiler: OnSessionChanged
[2021.11.19-18.55.47:267][  0]LogCook: Display: CookSettings for Memory: MemoryMaxUsedVirtual 0MiB, MemoryMaxUsedPhysical 16384MiB, MemoryMinFreeVirtual 0MiB, MemoryMinFreePhysical 1024MiB
[2021.11.19-18.55.47:267][  0]LogCook: Display: Mobile HDR setting 1
[2021.11.19-18.55.47:410][  0]LogFileCache: Scanning file cache for directory 'C:/Users/wwwcs/Documents/GitHub/IT-3081C-002-Final-Project/Main Menu/MainMenu/Content/' took 0.00s
[2021.11.19-18.55.47:578][  0]LogImageWrapper: Warning: PNG Warning: Duplicate iCCP chunk
[2021.11.19-18.55.47:578][  0]LogImageWrapper: Warning: PNG Warning: Duplicate iCCP chunk
[2021.11.19-18.55.47:578][  0]LogInit: Display: Engine is initialized. Leaving FEngineLoop::Init()
[2021.11.19-18.55.47:581][  0]SourceControl: Source control is disabled
[2021.11.19-18.55.47:581][  0]LogUnrealEdMisc: Loading editor; pre map load, took 6.179
[2021.11.19-18.55.47:581][  0]Cmd: MAP LOAD FILE="C:/Users/wwwcs/Documents/GitHub/IT-3081C-002-Final-Project/Main Menu/MainMenu/Content/FirstPersonBP/Maps/FirstPersonExampleMap.umap" TEMPLATE=0 SHOWPROGRESS=1 FEATURELEVEL=3
[2021.11.19-18.55.47:582][  0]LightingResults: New page: Lighting Build
[2021.11.19-18.55.47:583][  0]LogWorld: UWorld::CleanupWorld for Untitled, bSessionEnded=true, bCleanupResources=true
[2021.11.19-18.55.47:583][  0]LogSlate: InvalidateAllWidgets triggered.  All widgets were invalidated
[2021.11.19-18.55.47:583][  0]MapCheck: New page: Map Check
[2021.11.19-18.55.47:583][  0]LightingResults: New page: Lighting Build
[2021.11.19-18.55.47:904][  0]LogAudio: Display: Audio Device unregistered from world 'None'.
[2021.11.19-18.55.47:908][  0]LogUObjectHash: Compacting FUObjectHashTables data took   1.56ms
[2021.11.19-18.55.48:096][  0]LogTexture: Display: Building textures: DeprecatedTexture4E9A31EC459F824B7293D9A5960F381F (BGRA8, 128X128)
[2021.11.19-18.55.48:139][  0]LogAudio: Display: Audio Device (ID: 1) registered with world 'FirstPersonExampleMap'.
[2021.11.19-18.55.48:140][  0]LogAIModule: Creating AISystem for world FirstPersonExampleMap
[2021.11.19-18.55.48:256][  0]LogEditorServer: Finished looking for orphan Actors (0.000 secs)
[2021.11.19-18.55.48:861][  0]LogUObjectHash: Compacting FUObjectHashTables data took   0.95ms
[2021.11.19-18.55.48:861][  0]Cmd: MAP CHECKDEP NOCLEARLOG
[2021.11.19-18.55.48:862][  0]MapCheck: Map check complete: 0 Error(s), 0 Warning(s), took 0.209ms to complete.
[2021.11.19-18.55.48:862][  0]LogFileHelpers: Loading map 'FirstPersonExampleMap' took 1.281
[2021.11.19-18.55.48:863][  0]LogUnrealEdMisc: Total Editor Startup Time, took 7.462
[2021.11.19-18.55.48:990][  0]LogSlate: Updating window title bar state: overlay mode, drag disabled, window buttons hidden, title bar hidden
[2021.11.19-18.55.48:995][  0]LogSlate: Updating window title bar state: overlay mode, drag disabled, window buttons hidden, title bar hidden
[2021.11.19-18.55.49:000][  0]LogSlate: Updating window title bar state: overlay mode, drag disabled, window buttons hidden, title bar hidden
[2021.11.19-18.55.49:005][  0]LogSlate: Updating window title bar state: overlay mode, drag disabled, window buttons hidden, title bar hidden
[2021.11.19-18.55.49:016][  0]LogNativeClassHierarchy: Verbose: Native class hierarchy populated in 0.0075 seconds. Added 3822 classes and 928 folders.
[2021.11.19-18.55.49:017][  0]LogNativeClassHierarchy: Verbose: Native class hierarchy updated for 'WidgetCarousel' in 0.0002 seconds. Added 0 classes and 0 folders.
[2021.11.19-18.55.49:018][  0]LogPakFile: PakFile PrimaryIndexSize=187
[2021.11.19-18.55.49:018][  0]LogPakFile: PakFile PathHashIndexSize=101
[2021.11.19-18.55.49:018][  0]LogPakFile: PakFile FullDirectoryIndexSize=148
[2021.11.19-18.55.49:018][  0]LogShaderLibrary: Display: ShaderCodeLibraryPakFileMountedCallback: PakFile 'D:/Program Files/Epic Games/UE_4.27/FeaturePacks/FP_FirstPerson.upack' (chunk index -1, root 'root:/') mounted
[2021.11.19-18.55.49:018][  0]LogShaderLibrary: Display: ShaderCodeLibraryPakFileMountedCallback: pending pak file info (ChunkID:-1 Root:root:/ File:D:/Program Files/Epic Games/UE_4.27/FeaturePacks/FP_FirstPerson.upack)
[2021.11.19-18.55.49:018][  0]LogPakFile: OnPakFileMounted2Time == 0.000045
[2021.11.19-18.55.49:018][  0]LogPakFile: PakFile PrimaryIndexSize=189
[2021.11.19-18.55.49:018][  0]LogPakFile: PakFile PathHashIndexSize=101
[2021.11.19-18.55.49:018][  0]LogPakFile: PakFile FullDirectoryIndexSize=152
[2021.11.19-18.55.49:018][  0]LogShaderLibrary: Display: ShaderCodeLibraryPakFileMountedCallback: PakFile 'D:/Program Files/Epic Games/UE_4.27/FeaturePacks/FP_FirstPersonBP.upack' (chunk index -1, root 'root:/') mounted
[2021.11.19-18.55.49:018][  0]LogShaderLibrary: Display: ShaderCodeLibraryPakFileMountedCallback: pending pak file info (ChunkID:-1 Root:root:/ File:D:/Program Files/Epic Games/UE_4.27/FeaturePacks/FP_FirstPersonBP.upack)
[2021.11.19-18.55.49:018][  0]LogPakFile: OnPakFileMounted2Time == 0.000033
[2021.11.19-18.55.49:019][  0]LogPakFile: PakFile PrimaryIndexSize=191
[2021.11.19-18.55.49:019][  0]LogPakFile: PakFile PathHashIndexSize=101
[2021.11.19-18.55.49:019][  0]LogPakFile: PakFile FullDirectoryIndexSize=160
[2021.11.19-18.55.49:019][  0]LogShaderLibrary: Display: ShaderCodeLibraryPakFileMountedCallback: PakFile 'D:/Program Files/Epic Games/UE_4.27/FeaturePacks/MobileStarterContent.upack' (chunk index -1, root 'root:/') mounted
[2021.11.19-18.55.49:019][  0]LogShaderLibrary: Display: ShaderCodeLibraryPakFileMountedCallback: pending pak file info (ChunkID:-1 Root:root:/ File:D:/Program Files/Epic Games/UE_4.27/FeaturePacks/MobileStarterContent.upack)
[2021.11.19-18.55.49:019][  0]LogPakFile: OnPakFileMounted2Time == 0.000030
[2021.11.19-18.55.49:020][  0]LogPakFile: PakFile PrimaryIndexSize=185
[2021.11.19-18.55.49:020][  0]LogPakFile: PakFile PathHashIndexSize=101
[2021.11.19-18.55.49:020][  0]LogPakFile: PakFile FullDirectoryIndexSize=148
[2021.11.19-18.55.49:020][  0]LogShaderLibrary: Display: ShaderCodeLibraryPakFileMountedCallback: PakFile 'D:/Program Files/Epic Games/UE_4.27/FeaturePacks/StarterContent.upack' (chunk index -1, root 'root:/') mounted
[2021.11.19-18.55.49:020][  0]LogShaderLibrary: Display: ShaderCodeLibraryPakFileMountedCallback: pending pak file info (ChunkID:-1 Root:root:/ File:D:/Program Files/Epic Games/UE_4.27/FeaturePacks/StarterContent.upack)
[2021.11.19-18.55.49:020][  0]LogPakFile: OnPakFileMounted2Time == 0.000031
[2021.11.19-18.55.49:020][  0]LogPakFile: PakFile PrimaryIndexSize=190
[2021.11.19-18.55.49:020][  0]LogPakFile: PakFile PathHashIndexSize=101
[2021.11.19-18.55.49:020][  0]LogPakFile: PakFile FullDirectoryIndexSize=154
[2021.11.19-18.55.49:020][  0]LogShaderLibrary: Display: ShaderCodeLibraryPakFileMountedCallback: PakFile 'D:/Program Files/Epic Games/UE_4.27/FeaturePacks/TP_2DSideScroller.upack' (chunk index -1, root 'root:/') mounted
[2021.11.19-18.55.49:020][  0]LogShaderLibrary: Display: ShaderCodeLibraryPakFileMountedCallback: pending pak file info (ChunkID:-1 Root:root:/ File:D:/Program Files/Epic Games/UE_4.27/FeaturePacks/TP_2DSideScroller.upack)
[2021.11.19-18.55.49:020][  0]LogPakFile: OnPakFileMounted2Time == 0.000029
[2021.11.19-18.55.49:021][  0]LogPakFile: PakFile PrimaryIndexSize=192
[2021.11.19-18.55.49:021][  0]LogPakFile: PakFile PathHashIndexSize=101
[2021.11.19-18.55.49:021][  0]LogPakFile: PakFile FullDirectoryIndexSize=158
[2021.11.19-18.55.49:021][  0]LogShaderLibrary: Display: ShaderCodeLibraryPakFileMountedCallback: PakFile 'D:/Program Files/Epic Games/UE_4.27/FeaturePacks/TP_2DSideScrollerBP.upack' (chunk index -1, root 'root:/') mounted
[2021.11.19-18.55.49:021][  0]LogShaderLibrary: Display: ShaderCodeLibraryPakFileMountedCallback: pending pak file info (ChunkID:-1 Root:root:/ File:D:/Program Files/Epic Games/UE_4.27/FeaturePacks/TP_2DSideScrollerBP.upack)
[2021.11.19-18.55.49:021][  0]LogPakFile: OnPakFileMounted2Time == 0.000028
[2021.11.19-18.55.49:022][  0]LogPakFile: PakFile PrimaryIndexSize=182
[2021.11.19-18.55.49:022][  0]LogPakFile: PakFile PathHashIndexSize=101
[2021.11.19-18.55.49:022][  0]LogPakFile: PakFile FullDirectoryIndexSize=138
[2021.11.19-18.55.49:022][  0]LogShaderLibrary: Display: ShaderCodeLibraryPakFileMountedCallback: PakFile 'D:/Program Files/Epic Games/UE_4.27/FeaturePacks/TP_Flying.upack' (chunk index -1, root 'root:/') mounted
[2021.11.19-18.55.49:022][  0]LogShaderLibrary: Display: ShaderCodeLibraryPakFileMountedCallback: pending pak file info (ChunkID:-1 Root:root:/ File:D:/Program Files/Epic Games/UE_4.27/FeaturePacks/TP_Flying.upack)
[2021.11.19-18.55.49:022][  0]LogPakFile: OnPakFileMounted2Time == 0.000028
[2021.11.19-18.55.49:022][  0]LogPakFile: PakFile PrimaryIndexSize=184
[2021.11.19-18.55.49:022][  0]LogPakFile: PakFile PathHashIndexSize=101
[2021.11.19-18.55.49:022][  0]LogPakFile: PakFile FullDirectoryIndexSize=142
[2021.11.19-18.55.49:022][  0]LogShaderLibrary: Display: ShaderCodeLibraryPakFileMountedCallback: PakFile 'D:/Program Files/Epic Games/UE_4.27/FeaturePacks/TP_FlyingBP.upack' (chunk index -1, root 'root:/') mounted
[2021.11.19-18.55.49:022][  0]LogShaderLibrary: Display: ShaderCodeLibraryPakFileMountedCallback: pending pak file info (ChunkID:-1 Root:root:/ File:D:/Program Files/Epic Games/UE_4.27/FeaturePacks/TP_FlyingBP.upack)
[2021.11.19-18.55.49:022][  0]LogPakFile: OnPakFileMounted2Time == 0.000028
[2021.11.19-18.55.49:023][  0]LogPakFile: PakFile PrimaryIndexSize=188
[2021.11.19-18.55.49:023][  0]LogPakFile: PakFile PathHashIndexSize=101
[2021.11.19-18.55.49:023][  0]LogPakFile: PakFile FullDirectoryIndexSize=150
[2021.11.19-18.55.49:023][  0]LogShaderLibrary: Display: ShaderCodeLibraryPakFileMountedCallback: PakFile 'D:/Program Files/Epic Games/UE_4.27/FeaturePacks/TP_HandheldARBP.upack' (chunk index -1, root 'root:/') mounted
[2021.11.19-18.55.49:023][  0]LogShaderLibrary: Display: ShaderCodeLibraryPakFileMountedCallback: pending pak file info (ChunkID:-1 Root:root:/ File:D:/Program Files/Epic Games/UE_4.27/FeaturePacks/TP_HandheldARBP.upack)
[2021.11.19-18.55.49:023][  0]LogPakFile: OnPakFileMounted2Time == 0.000028
[2021.11.19-18.55.49:024][  0]LogPakFile: PakFile PrimaryIndexSize=182
[2021.11.19-18.55.49:024][  0]LogPakFile: PakFile PathHashIndexSize=101
[2021.11.19-18.55.49:024][  0]LogPakFile: PakFile FullDirectoryIndexSize=138
[2021.11.19-18.55.49:024][  0]LogShaderLibrary: Display: ShaderCodeLibraryPakFileMountedCallback: PakFile 'D:/Program Files/Epic Games/UE_4.27/FeaturePacks/TP_Puzzle.upack' (chunk index -1, root 'root:/') mounted
[2021.11.19-18.55.49:024][  0]LogShaderLibrary: Display: ShaderCodeLibraryPakFileMountedCallback: pending pak file info (ChunkID:-1 Root:root:/ File:D:/Program Files/Epic Games/UE_4.27/FeaturePacks/TP_Puzzle.upack)
[2021.11.19-18.55.49:024][  0]LogPakFile: OnPakFileMounted2Time == 0.000027
[2021.11.19-18.55.49:024][  0]LogPakFile: PakFile PrimaryIndexSize=184
[2021.11.19-18.55.49:024][  0]LogPakFile: PakFile PathHashIndexSize=101
[2021.11.19-18.55.49:024][  0]LogPakFile: PakFile FullDirectoryIndexSize=142
[2021.11.19-18.55.49:024][  0]LogShaderLibrary: Display: ShaderCodeLibraryPakFileMountedCallback: PakFile 'D:/Program Files/Epic Games/UE_4.27/FeaturePacks/TP_PuzzleBP.upack' (chunk index -1, root 'root:/') mounted
[2021.11.19-18.55.49:024][  0]LogShaderLibrary: Display: ShaderCodeLibraryPakFileMountedCallback: pending pak file info (ChunkID:-1 Root:root:/ File:D:/Program Files/Epic Games/UE_4.27/FeaturePacks/TP_PuzzleBP.upack)
[2021.11.19-18.55.49:024][  0]LogPakFile: OnPakFileMounted2Time == 0.000029
[2021.11.19-18.55.49:025][  0]LogPakFile: PakFile PrimaryIndexSize=183
[2021.11.19-18.55.49:025][  0]LogPakFile: PakFile PathHashIndexSize=101
[2021.11.19-18.55.49:025][  0]LogPakFile: PakFile FullDirectoryIndexSize=140
[2021.11.19-18.55.49:025][  0]LogShaderLibrary: Display: ShaderCodeLibraryPakFileMountedCallback: PakFile 'D:/Program Files/Epic Games/UE_4.27/FeaturePacks/TP_Rolling.upack' (chunk index -1, root 'root:/') mounted
[2021.11.19-18.55.49:025][  0]LogShaderLibrary: Display: ShaderCodeLibraryPakFileMountedCallback: pending pak file info (ChunkID:-1 Root:root:/ File:D:/Program Files/Epic Games/UE_4.27/FeaturePacks/TP_Rolling.upack)
[2021.11.19-18.55.49:025][  0]LogPakFile: OnPakFileMounted2Time == 0.000028
[2021.11.19-18.55.49:025][  0]LogPakFile: PakFile PrimaryIndexSize=185
[2021.11.19-18.55.49:025][  0]LogPakFile: PakFile PathHashIndexSize=101
[2021.11.19-18.55.49:025][  0]LogPakFile: PakFile FullDirectoryIndexSize=144
[2021.11.19-18.55.49:025][  0]LogShaderLibrary: Display: ShaderCodeLibraryPakFileMountedCallback: PakFile 'D:/Program Files/Epic Games/UE_4.27/FeaturePacks/TP_RollingBP.upack' (chunk index -1, root 'root:/') mounted
[2021.11.19-18.55.49:025][  0]LogShaderLibrary: Display: ShaderCodeLibraryPakFileMountedCallback: pending pak file info (ChunkID:-1 Root:root:/ File:D:/Program Files/Epic Games/UE_4.27/FeaturePacks/TP_RollingBP.upack)
[2021.11.19-18.55.49:025][  0]LogPakFile: OnPakFileMounted2Time == 0.000029
[2021.11.19-18.55.49:026][  0]LogPakFile: PakFile PrimaryIndexSize=188
[2021.11.19-18.55.49:026][  0]LogPakFile: PakFile PathHashIndexSize=101
[2021.11.19-18.55.49:026][  0]LogPakFile: PakFile FullDirectoryIndexSize=150
[2021.11.19-18.55.49:026][  0]LogShaderLibrary: Display: ShaderCodeLibraryPakFileMountedCallback: PakFile 'D:/Program Files/Epic Games/UE_4.27/FeaturePacks/TP_SideScroller.upack' (chunk index -1, root 'root:/') mounted
[2021.11.19-18.55.49:026][  0]LogShaderLibrary: Display: ShaderCodeLibraryPakFileMountedCallback: pending pak file info (ChunkID:-1 Root:root:/ File:D:/Program Files/Epic Games/UE_4.27/FeaturePacks/TP_SideScroller.upack)
[2021.11.19-18.55.49:026][  0]LogPakFile: OnPakFileMounted2Time == 0.000028
[2021.11.19-18.55.49:026][  0]LogPakFile: PakFile PrimaryIndexSize=190
[2021.11.19-18.55.49:026][  0]LogPakFile: PakFile PathHashIndexSize=101
[2021.11.19-18.55.49:026][  0]LogPakFile: PakFile FullDirectoryIndexSize=154
[2021.11.19-18.55.49:026][  0]LogShaderLibrary: Display: ShaderCodeLibraryPakFileMountedCallback: PakFile 'D:/Program Files/Epic Games/UE_4.27/FeaturePacks/TP_SideScrollerBP.upack' (chunk index -1, root 'root:/') mounted
[2021.11.19-18.55.49:026][  0]LogShaderLibrary: Display: ShaderCodeLibraryPakFileMountedCallback: pending pak file info (ChunkID:-1 Root:root:/ File:D:/Program Files/Epic Games/UE_4.27/FeaturePacks/TP_SideScrollerBP.upack)
[2021.11.19-18.55.49:027][  0]LogPakFile: OnPakFileMounted2Time == 0.000032
[2021.11.19-18.55.49:027][  0]LogPakFile: PakFile PrimaryIndexSize=187
[2021.11.19-18.55.49:027][  0]LogPakFile: PakFile PathHashIndexSize=101
[2021.11.19-18.55.49:027][  0]LogPakFile: PakFile FullDirectoryIndexSize=148
[2021.11.19-18.55.49:027][  0]LogShaderLibrary: Display: ShaderCodeLibraryPakFileMountedCallback: PakFile 'D:/Program Files/Epic Games/UE_4.27/FeaturePacks/TP_ThirdPerson.upack' (chunk index -1, root 'root:/') mounted
[2021.11.19-18.55.49:027][  0]LogShaderLibrary: Display: ShaderCodeLibraryPakFileMountedCallback: pending pak file info (ChunkID:-1 Root:root:/ File:D:/Program Files/Epic Games/UE_4.27/FeaturePacks/TP_ThirdPerson.upack)
[2021.11.19-18.55.49:027][  0]LogPakFile: OnPakFileMounted2Time == 0.000041
[2021.11.19-18.55.49:028][  0]LogPakFile: PakFile PrimaryIndexSize=189
[2021.11.19-18.55.49:028][  0]LogPakFile: PakFile PathHashIndexSize=101
[2021.11.19-18.55.49:028][  0]LogPakFile: PakFile FullDirectoryIndexSize=152
[2021.11.19-18.55.49:028][  0]LogShaderLibrary: Display: ShaderCodeLibraryPakFileMountedCallback: PakFile 'D:/Program Files/Epic Games/UE_4.27/FeaturePacks/TP_ThirdPersonBP.upack' (chunk index -1, root 'root:/') mounted
[2021.11.19-18.55.49:028][  0]LogShaderLibrary: Display: ShaderCodeLibraryPakFileMountedCallback: pending pak file info (ChunkID:-1 Root:root:/ File:D:/Program Files/Epic Games/UE_4.27/FeaturePacks/TP_ThirdPersonBP.upack)
[2021.11.19-18.55.49:028][  0]LogPakFile: OnPakFileMounted2Time == 0.000027
[2021.11.19-18.55.49:028][  0]LogPakFile: PakFile PrimaryIndexSize=183
[2021.11.19-18.55.49:028][  0]LogPakFile: PakFile PathHashIndexSize=101
[2021.11.19-18.55.49:028][  0]LogPakFile: PakFile FullDirectoryIndexSize=140
[2021.11.19-18.55.49:028][  0]LogShaderLibrary: Display: ShaderCodeLibraryPakFileMountedCallback: PakFile 'D:/Program Files/Epic Games/UE_4.27/FeaturePacks/TP_TopDown.upack' (chunk index -1, root 'root:/') mounted
[2021.11.19-18.55.49:028][  0]LogShaderLibrary: Display: ShaderCodeLibraryPakFileMountedCallback: pending pak file info (ChunkID:-1 Root:root:/ File:D:/Program Files/Epic Games/UE_4.27/FeaturePacks/TP_TopDown.upack)
[2021.11.19-18.55.49:028][  0]LogPakFile: OnPakFileMounted2Time == 0.000034
[2021.11.19-18.55.49:029][  0]LogPakFile: PakFile PrimaryIndexSize=185
[2021.11.19-18.55.49:029][  0]LogPakFile: PakFile PathHashIndexSize=101
[2021.11.19-18.55.49:029][  0]LogPakFile: PakFile FullDirectoryIndexSize=144
[2021.11.19-18.55.49:029][  0]LogShaderLibrary: Display: ShaderCodeLibraryPakFileMountedCallback: PakFile 'D:/Program Files/Epic Games/UE_4.27/FeaturePacks/TP_TopDownBP.upack' (chunk index -1, root 'root:/') mounted
[2021.11.19-18.55.49:029][  0]LogShaderLibrary: Display: ShaderCodeLibraryPakFileMountedCallback: pending pak file info (ChunkID:-1 Root:root:/ File:D:/Program Files/Epic Games/UE_4.27/FeaturePacks/TP_TopDownBP.upack)
[2021.11.19-18.55.49:029][  0]LogPakFile: OnPakFileMounted2Time == 0.000028
[2021.11.19-18.55.49:029][  0]LogPakFile: PakFile PrimaryIndexSize=185
[2021.11.19-18.55.49:029][  0]LogPakFile: PakFile PathHashIndexSize=101
[2021.11.19-18.55.49:029][  0]LogPakFile: PakFile FullDirectoryIndexSize=144
[2021.11.19-18.55.49:029][  0]LogShaderLibrary: Display: ShaderCodeLibraryPakFileMountedCallback: PakFile 'D:/Program Files/Epic Games/UE_4.27/FeaturePacks/TP_TwinStick.upack' (chunk index -1, root 'root:/') mounted
[2021.11.19-18.55.49:029][  0]LogShaderLibrary: Display: ShaderCodeLibraryPakFileMountedCallback: pending pak file info (ChunkID:-1 Root:root:/ File:D:/Program Files/Epic Games/UE_4.27/FeaturePacks/TP_TwinStick.upack)
[2021.11.19-18.55.49:029][  0]LogPakFile: OnPakFileMounted2Time == 0.000027
[2021.11.19-18.55.49:030][  0]LogPakFile: PakFile PrimaryIndexSize=187
[2021.11.19-18.55.49:030][  0]LogPakFile: PakFile PathHashIndexSize=101
[2021.11.19-18.55.49:030][  0]LogPakFile: PakFile FullDirectoryIndexSize=148
[2021.11.19-18.55.49:030][  0]LogShaderLibrary: Display: ShaderCodeLibraryPakFileMountedCallback: PakFile 'D:/Program Files/Epic Games/UE_4.27/FeaturePacks/TP_TwinStickBP.upack' (chunk index -1, root 'root:/') mounted
[2021.11.19-18.55.49:030][  0]LogShaderLibrary: Display: ShaderCodeLibraryPakFileMountedCallback: pending pak file info (ChunkID:-1 Root:root:/ File:D:/Program Files/Epic Games/UE_4.27/FeaturePacks/TP_TwinStickBP.upack)
[2021.11.19-18.55.49:030][  0]LogPakFile: OnPakFileMounted2Time == 0.000028
[2021.11.19-18.55.49:031][  0]LogPakFile: PakFile PrimaryIndexSize=183
[2021.11.19-18.55.49:031][  0]LogPakFile: PakFile PathHashIndexSize=101
[2021.11.19-18.55.49:031][  0]LogPakFile: PakFile FullDirectoryIndexSize=140
[2021.11.19-18.55.49:031][  0]LogShaderLibrary: Display: ShaderCodeLibraryPakFileMountedCallback: PakFile 'D:/Program Files/Epic Games/UE_4.27/FeaturePacks/TP_Vehicle.upack' (chunk index -1, root 'root:/') mounted
[2021.11.19-18.55.49:031][  0]LogShaderLibrary: Display: ShaderCodeLibraryPakFileMountedCallback: pending pak file info (ChunkID:-1 Root:root:/ File:D:/Program Files/Epic Games/UE_4.27/FeaturePacks/TP_Vehicle.upack)
[2021.11.19-18.55.49:031][  0]LogPakFile: OnPakFileMounted2Time == 0.000027
[2021.11.19-18.55.49:031][  0]LogPakFile: PakFile PrimaryIndexSize=186
[2021.11.19-18.55.49:031][  0]LogPakFile: PakFile PathHashIndexSize=101
[2021.11.19-18.55.49:031][  0]LogPakFile: PakFile FullDirectoryIndexSize=146
[2021.11.19-18.55.49:031][  0]LogShaderLibrary: Display: ShaderCodeLibraryPakFileMountedCallback: PakFile 'D:/Program Files/Epic Games/UE_4.27/FeaturePacks/TP_VehicleAdv.upack' (chunk index -1, root 'root:/') mounted
[2021.11.19-18.55.49:031][  0]LogShaderLibrary: Display: ShaderCodeLibraryPakFileMountedCallback: pending pak file info (ChunkID:-1 Root:root:/ File:D:/Program Files/Epic Games/UE_4.27/FeaturePacks/TP_VehicleAdv.upack)
[2021.11.19-18.55.49:031][  0]LogPakFile: OnPakFileMounted2Time == 0.000028
[2021.11.19-18.55.49:032][  0]LogPakFile: PakFile PrimaryIndexSize=188
[2021.11.19-18.55.49:032][  0]LogPakFile: PakFile PathHashIndexSize=101
[2021.11.19-18.55.49:032][  0]LogPakFile: PakFile FullDirectoryIndexSize=150
[2021.11.19-18.55.49:032][  0]LogShaderLibrary: Display: ShaderCodeLibraryPakFileMountedCallback: PakFile 'D:/Program Files/Epic Games/UE_4.27/FeaturePacks/TP_VehicleAdvBP.upack' (chunk index -1, root 'root:/') mounted
[2021.11.19-18.55.49:032][  0]LogShaderLibrary: Display: ShaderCodeLibraryPakFileMountedCallback: pending pak file info (ChunkID:-1 Root:root:/ File:D:/Program Files/Epic Games/UE_4.27/FeaturePacks/TP_VehicleAdvBP.upack)
[2021.11.19-18.55.49:032][  0]LogPakFile: OnPakFileMounted2Time == 0.000027
[2021.11.19-18.55.49:032][  0]LogPakFile: PakFile PrimaryIndexSize=185
[2021.11.19-18.55.49:032][  0]LogPakFile: PakFile PathHashIndexSize=101
[2021.11.19-18.55.49:032][  0]LogPakFile: PakFile FullDirectoryIndexSize=144
[2021.11.19-18.55.49:032][  0]LogShaderLibrary: Display: ShaderCodeLibraryPakFileMountedCallback: PakFile 'D:/Program Files/Epic Games/UE_4.27/FeaturePacks/TP_VehicleBP.upack' (chunk index -1, root 'root:/') mounted
[2021.11.19-18.55.49:032][  0]LogShaderLibrary: Display: ShaderCodeLibraryPakFileMountedCallback: pending pak file info (ChunkID:-1 Root:root:/ File:D:/Program Files/Epic Games/UE_4.27/FeaturePacks/TP_VehicleBP.upack)
[2021.11.19-18.55.49:032][  0]LogPakFile: OnPakFileMounted2Time == 0.000033
[2021.11.19-18.55.49:033][  0]LogPakFile: PakFile PrimaryIndexSize=192
[2021.11.19-18.55.49:033][  0]LogPakFile: PakFile PathHashIndexSize=101
[2021.11.19-18.55.49:033][  0]LogPakFile: PakFile FullDirectoryIndexSize=158
[2021.11.19-18.55.49:033][  0]LogShaderLibrary: Display: ShaderCodeLibraryPakFileMountedCallback: PakFile 'D:/Program Files/Epic Games/UE_4.27/FeaturePacks/TP_VirtualRealityBP.upack' (chunk index -1, root 'root:/') mounted
[2021.11.19-18.55.49:033][  0]LogShaderLibrary: Display: ShaderCodeLibraryPakFileMountedCallback: pending pak file info (ChunkID:-1 Root:root:/ File:D:/Program Files/Epic Games/UE_4.27/FeaturePacks/TP_VirtualRealityBP.upack)
[2021.11.19-18.55.49:033][  0]LogPakFile: OnPakFileMounted2Time == 0.000027
[2021.11.19-18.55.49:080][  0]LogNativeClassHierarchy: Verbose: Native class hierarchy updated for 'AddContentDialog' in 0.0002 seconds. Added 0 classes and 0 folders.
[2021.11.19-18.55.49:119][  0]LogSlate: Took 0.000283 seconds to synchronously load lazily loaded font '../../../Engine/Content/Slate/Fonts/Roboto-Regular.ttf' (155K)
[2021.11.19-18.55.49:120][  0]LogSlate: Took 0.000199 seconds to synchronously load lazily loaded font '../../../Engine/Content/Editor/Slate/Fonts/FontAwesome.ttf' (139K)
[2021.11.19-18.55.49:121][  0]LogSlate: Took 0.000130 seconds to synchronously load lazily loaded font '../../../Engine/Content/Slate/Fonts/Roboto-Bold.ttf' (160K)
[2021.11.19-18.55.49:188][  0]LogRenderer: Reallocating scene render targets to support 1520x572 Format 10 NumSamples 1 (Frame:1).
[2021.11.19-18.55.49:321][  0]LogNativeClassHierarchy: Verbose: Native class hierarchy updated for 'HierarchicalLODOutliner' in 0.0002 seconds. Added 0 classes and 0 folders.
[2021.11.19-18.55.49:321][  0]LogLoad: (Engine Initialization) Total time: 7.92 seconds
[2021.11.19-18.55.49:321][  0]LogLoad: (Engine Initialization) Total Blueprint compile time: 0.00 seconds
[2021.11.19-18.55.49:347][  0]LogContentStreaming: Texture pool size now 1000 MB
[2021.11.19-18.55.49:461][  2]LogSlate: Took 0.000214 seconds to synchronously load lazily loaded font '../../../Engine/Content/Slate/Fonts/Roboto-Light.ttf' (167K)
[2021.11.19-18.55.52:906][381]LogAssetRegistry: Asset discovery search completed in 8.8186 seconds
[2021.11.19-18.55.52:911][381]LogCollectionManager: Fixed up redirectors for 0 collections in 0.000003 seconds (updated 0 objects)
