Log file open, 11/21/21 11:34:02
LogWindows: Failed to load 'aqProf.dll' (GetLastError=126)
LogWindows: File 'aqProf.dll' does not exist
LogWindows: Failed to load 'VtuneApi.dll' (GetLastError=126)
LogWindows: File 'VtuneApi.dll' does not exist
LogWindows: Failed to load 'VtuneApi32e.dll' (GetLastError=126)
LogWindows: File 'VtuneApi32e.dll' does not exist
LogConsoleResponse: Display: Failed to find resolution value strings in scalability ini. Falling back to default.
LogConsoleResponse: Display: Failed to find resolution value strings in scalability ini. Falling back to default.
LogInit: Display: Running engine for game: FinalProject1
LogPlatformFile: Not using cached read wrapper
LogTaskGraph: Started task graph with 5 named threads and 35 total threads with 3 sets of task threads.
LogStats: Stats thread started at 0.280258
LogICUInternationalization: ICU TimeZone Detection - Raw Offset: -5:00, Platform Override: ''
LogInit: Display: Loading text-based GConfig....
LogPluginManager: Mounting plugin MeshPainting
LogPluginManager: Mounting plugin XGEController
LogPluginManager: Mounting plugin AISupport
LogPluginManager: Mounting plugin Paper2D
LogPluginManager: Mounting plugin EnvironmentQueryEditor
LogPluginManager: Mounting plugin LiveLink
LogPluginManager: Mounting plugin LightPropagationVolume
LogPluginManager: Mounting plugin CameraShakePreviewer
LogPluginManager: Mounting plugin CLionSourceCodeAccess
LogPluginManager: Mounting plugin CodeLiteSourceCodeAccess
LogPluginManager: Mounting plugin GitSourceControl
LogPluginManager: Mounting plugin KDevelopSourceCodeAccess
LogPluginManager: Mounting plugin NullSourceCodeAccess
LogPluginManager: Mounting plugin AssetManagerEditor
LogPluginManager: Mounting plugin PixWinPlugin
LogPluginManager: Mounting plugin PerforceSourceControl
LogPluginManager: Mounting plugin PlasticSourceControl
LogPluginManager: Mounting plugin PluginUtils
LogPluginManager: Mounting plugin PropertyAccessNode
LogPluginManager: Mounting plugin RiderSourceCodeAccess
LogPluginManager: Mounting plugin TextureFormatOodle
LogPluginManager: Mounting plugin SubversionSourceControl
LogPluginManager: Mounting plugin VisualStudioCodeSourceCodeAccess
LogPluginManager: Mounting plugin UObjectPlugin
LogPluginManager: Mounting plugin GameplayCameras
LogPluginManager: Mounting plugin XCodeSourceCodeAccess
LogPluginManager: Mounting plugin VisualStudioSourceCodeAccess
LogPluginManager: Mounting plugin CryptoKeys
LogPluginManager: Mounting plugin CurveEditorTools
LogPluginManager: Mounting plugin GameplayTagsEditor
LogPluginManager: Mounting plugin DataValidation
LogPluginManager: Mounting plugin FacialAnimation
LogPluginManager: Mounting plugin GeometryMode
LogPluginManager: Mounting plugin MacGraphicsSwitching
LogPluginManager: Mounting plugin MaterialAnalyzer
LogPluginManager: Mounting plugin MobileLauncherProfileWizard
LogPluginManager: Mounting plugin AnimationSharing
LogPluginManager: Mounting plugin PluginBrowser
LogPluginManager: Mounting plugin SpeedTreeImporter
LogPluginManager: Mounting plugin AlembicImporter
LogPluginManager: Mounting plugin AutomationUtils
LogPluginManager: Mounting plugin BackChannel
LogPluginManager: Mounting plugin ChaosCloth
LogPluginManager: Mounting plugin ChaosClothEditor
LogPluginManager: Mounting plugin ChaosEditor
LogPluginManager: Mounting plugin ChaosNiagara
LogPluginManager: Mounting plugin ChaosSolverPlugin
LogPluginManager: Mounting plugin CharacterAI
LogPluginManager: Mounting plugin DatasmithContent
LogPluginManager: Mounting plugin VariantManagerContent
LogPluginManager: Mounting plugin GeometryCache
LogPluginManager: Mounting plugin GeometryCollectionPlugin
LogPluginManager: Mounting plugin GeometryProcessing
LogPluginManager: Mounting plugin Niagara
LogPluginManager: Mounting plugin MotoSynth
LogPluginManager: Mounting plugin OpenImageDenoise
LogPluginManager: Mounting plugin PlanarCut
LogPluginManager: Mounting plugin PlatformCrypto
LogPluginManager: Mounting plugin ProxyLODPlugin
LogPluginManager: Mounting plugin PythonScriptPlugin
LogPluginManager: Mounting plugin LuminPlatformFeatures
LogPluginManager: Mounting plugin SkeletalReduction
LogPluginManager: Mounting plugin MagicLeap
LogPluginManager: Mounting plugin MagicLeapLightEstimation
LogPluginManager: Mounting plugin MagicLeapMedia
LogPluginManager: Mounting plugin MagicLeapPassableWorld
LogPluginManager: Mounting plugin MLSDK
LogPluginManager: Mounting plugin TcpMessaging
LogPluginManager: Mounting plugin UdpMessaging
LogPluginManager: Mounting plugin AndroidMedia
LogPluginManager: Mounting plugin AvfMedia
LogPluginManager: Mounting plugin ImgMedia
LogPluginManager: Mounting plugin MediaCompositing
LogPluginManager: Mounting plugin MediaPlayerEditor
LogPluginManager: Mounting plugin WebMMedia
LogPluginManager: Mounting plugin WmfMedia
LogPluginManager: Mounting plugin ActorSequence
LogPluginManager: Mounting plugin LevelSequenceEditor
LogPluginManager: Mounting plugin MatineeToLevelSequence
LogPluginManager: Mounting plugin TemplateSequence
LogPluginManager: Mounting plugin OnlineSubsystem
LogPluginManager: Mounting plugin OnlineSubsystemNull
LogPluginManager: Mounting plugin OnlineSubsystemUtils
LogPluginManager: Mounting plugin ScreenshotTools
LogPluginManager: Mounting plugin Takes
LogPluginManager: Mounting plugin ActorLayerUtilities
LogPluginManager: Mounting plugin AndroidDeviceProfileSelector
LogPluginManager: Mounting plugin AndroidPermission
LogPluginManager: Mounting plugin AppleMoviePlayer
LogPluginManager: Mounting plugin AppleImageUtils
LogPluginManager: Mounting plugin AndroidMoviePlayer
LogPluginManager: Mounting plugin ArchVisCharacter
LogPluginManager: Mounting plugin AudioCapture
LogPluginManager: Mounting plugin AudioSynesthesia
LogPluginManager: Mounting plugin AssetTags
LogPluginManager: Mounting plugin CableComponent
LogPluginManager: Mounting plugin CustomMeshComponent
LogPluginManager: Mounting plugin GoogleCloudMessaging
LogPluginManager: Mounting plugin ChunkDownloader
LogPluginManager: Mounting plugin GooglePAD
LogPluginManager: Mounting plugin EditableMesh
LogPluginManager: Mounting plugin ExampleDeviceProfileSelector
LogPluginManager: Mounting plugin IOSDeviceProfileSelector
LogPluginManager: Mounting plugin LinuxDeviceProfileSelector
LogPluginManager: Mounting plugin OpenXREyeTracker
LogPluginManager: Mounting plugin OpenXR
LogPluginManager: Mounting plugin MobilePatchingUtils
LogPluginManager: Mounting plugin OpenXRHandTracking
LogPluginManager: Mounting plugin LocationServicesBPLibrary
LogPluginManager: Mounting plugin PostSplashScreen
LogPluginManager: Mounting plugin ProceduralMeshComponent
LogPluginManager: Mounting plugin PhysXVehicles
LogPluginManager: Mounting plugin PropertyAccessEditor
LogPluginManager: Mounting plugin SignificanceManager
LogPluginManager: Mounting plugin RuntimePhysXCooking
LogPluginManager: Mounting plugin SoundFields
LogPluginManager: Mounting plugin Synthesis
LogPluginManager: Mounting plugin WebMMoviePlayer
LogPluginManager: Mounting plugin WindowsMoviePlayer
LogPluginManager: Mounting plugin LauncherChunkInstaller
LogPluginManager: Mounting plugin OodleData
LogPluginManager: Mounting plugin OodleNetwork
LogPluginManager: Mounting plugin ContentBrowserAssetDataSource
LogPluginManager: Mounting plugin ContentBrowserClassDataSource
LogPluginManager: Mounting plugin ContentBrowserFileDataSource
LogPluginManager: Mounting plugin OnlineSubsystemGooglePlay
LogPluginManager: Mounting plugin OnlineSubsystemIOS
LogPluginManager: Mounting plugin OculusVR
LogPluginManager: Mounting plugin SteamVR
PixWinPlugin: PIX capture plugin failed to initialize! Check that the process is launched from PIX.
LogInit: Using libcurl 7.55.1-DEV
LogInit:  - built for x86_64-pc-win32
LogInit:  - supports SSL with OpenSSL/1.1.1
LogInit:  - supports HTTP deflate (compression) using libz 1.2.8
LogInit:  - other features:
LogInit:      CURL_VERSION_SSL
LogInit:      CURL_VERSION_LIBZ
LogInit:      CURL_VERSION_IPV6
LogInit:      CURL_VERSION_ASYNCHDNS
LogInit:      CURL_VERSION_LARGEFILE
LogInit:      CURL_VERSION_IDN
LogInit:  CurlRequestOptions (configurable via config and command line):
LogInit:  - bVerifyPeer = true  - Libcurl will verify peer certificate
LogInit:  - bUseHttpProxy = false  - Libcurl will NOT use HTTP proxy
LogInit:  - bDontReuseConnections = false  - Libcurl will reuse connections
LogInit:  - MaxHostConnections = 16  - Libcurl will limit the number of connections to a host
LogInit:  - LocalHostAddr = Default
LogInit:  - BufferSize = 65536
LogOnline: OSS: Creating online subsystem instance for: NULL
LogInit: WinSock: version 1.1 (2.2), MaxSocks=32767, MaxUdp=65467
LogOnline: OSS: TryLoadSubsystemAndSetDefault: Loaded subsystem for module [NULL]
LogOculusPluginWrapper: OculusPlugin initialized successfully
LogHMD: Failed initializing OVRPlugin 1.59.0
LogInit: Build: ++UE4+Release-4.27-CL-17155196
LogInit: Engine Version: 4.27.0-17155196+++UE4+Release-4.27
LogInit: Compatible Engine Version: 4.27.0-17155196+++UE4+Release-4.27
LogInit: Net CL: 17155196
LogInit: OS: Windows 10 (Release 2009) (), CPU: 11th Gen Intel(R) Core(TM) i5-11400H @ 2.70GHz, GPU: Intel(R) UHD Graphics
LogInit: Compiled (64-bit): Aug 13 2021 06:13:13
LogInit: Compiled with Visual C++: 19.24.28315.00
LogInit: Build Configuration: Development
LogInit: Branch Name: ++UE4+Release-4.27
LogInit: Command Line: 
LogInit: Base Directory: C:/Program Files/Epic Games/UE_4.27/Engine/Binaries/Win64/
LogInit: Allocator: TBB
LogInit: Installed Engine Build: 1
LogDevObjectVersion: Number of dev versions registered: 29
LogDevObjectVersion:   Dev-Blueprints (B0D832E4-1F89-4F0D-ACCF-7EB736FD4AA2): 10
LogDevObjectVersion:   Dev-Build (E1C64328-A22C-4D53-A36C-8E866417BD8C): 0
LogDevObjectVersion:   Dev-Core (375EC13C-06E4-48FB-B500-84F0262A717E): 4
LogDevObjectVersion:   Dev-Editor (E4B068ED-F494-42E9-A231-DA0B2E46BB41): 40
LogDevObjectVersion:   Dev-Framework (CFFC743F-43B0-4480-9391-14DF171D2073): 37
LogDevObjectVersion:   Dev-Mobile (B02B49B5-BB20-44E9-A304-32B752E40360): 3
LogDevObjectVersion:   Dev-Networking (A4E4105C-59A1-49B5-A7C5-40C4547EDFEE): 0
LogDevObjectVersion:   Dev-Online (39C831C9-5AE6-47DC-9A44-9C173E1C8E7C): 0
LogDevObjectVersion:   Dev-Physics (78F01B33-EBEA-4F98-B9B4-84EACCB95AA2): 14
LogDevObjectVersion:   Dev-Platform (6631380F-2D4D-43E0-8009-CF276956A95A): 0
LogDevObjectVersion:   Dev-Rendering (12F88B9F-8875-4AFC-A67C-D90C383ABD29): 45
LogDevObjectVersion:   Dev-Sequencer (7B5AE74C-D270-4C10-A958-57980B212A5A): 13
LogDevObjectVersion:   Dev-VR (D7296918-1DD6-4BDD-9DE2-64A83CC13884): 3
LogDevObjectVersion:   Dev-LoadTimes (C2A15278-BFE7-4AFE-6C17-90FF531DF755): 1
LogDevObjectVersion:   Private-Geometry (6EACA3D4-40EC-4CC1-B786-8BED09428FC5): 3
LogDevObjectVersion:   Dev-AnimPhys (29E575DD-E0A3-4627-9D10-D276232CDCEA): 17
LogDevObjectVersion:   Dev-Anim (AF43A65D-7FD3-4947-9873-3E8ED9C1BB05): 15
LogDevObjectVersion:   Dev-ReflectionCapture (6B266CEC-1EC7-4B8F-A30B-E4D90942FC07): 1
LogDevObjectVersion:   Dev-Automation (0DF73D61-A23F-47EA-B727-89E90C41499A): 1
LogDevObjectVersion:   FortniteMain (601D1886-AC64-4F84-AA16-D3DE0DEAC7D6): 47
LogDevObjectVersion:   FortniteRelease (E7086368-6B23-4C58-8439-1B7016265E91): 1
LogDevObjectVersion:   Dev-Enterprise (9DFFBCD6-494F-0158-E221-12823C92A888): 10
LogDevObjectVersion:   Dev-Niagara (F2AED0AC-9AFE-416F-8664-AA7FFA26D6FC): 1
LogDevObjectVersion:   Dev-Destruction (174F1F0B-B4C6-45A5-B13F-2EE8D0FB917D): 10
LogDevObjectVersion:   Dev-Physics-Ext (35F94A83-E258-406C-A318-09F59610247C): 41
LogDevObjectVersion:   Dev-PhysicsMaterial-Chaos (B68FC16E-8B1B-42E2-B453-215C058844FE): 1
LogDevObjectVersion:   Dev-CineCamera (B2E18506-4273-CFC2-A54E-F4BB758BBA07): 1
LogDevObjectVersion:   Dev-VirtualProduction (64F58936-FD1B-42BA-BA96-7289D5D0FA4E): 1
LogDevObjectVersion:   Dev-MediaFramework (6F0ED827-A609-4895-9C91-998D90180EA4): 2
LogInit: Presizing for max 25165824 objects, including 0 objects not considered by GC, pre-allocating 0 bytes for permanent pool.
LogConfig: Applying CVar settings from Section [/Script/Engine.StreamingSettings] File [C:/Users/abara/OneDrive/Documents/GitHub/IT-3081C-002-Final-Project/FinalProject1/Saved/Config/Windows/Engine.ini]
LogConfig: Setting CVar [[s.MinBulkDataSizeForAsyncLoading:131072]]
LogConfig: Setting CVar [[s.AsyncLoadingThreadEnabled:0]]
LogConfig: Setting CVar [[s.EventDrivenLoaderEnabled:1]]
LogConfig: Setting CVar [[s.WarnIfTimeLimitExceeded:0]]
LogConfig: Setting CVar [[s.TimeLimitExceededMultiplier:1.5]]
LogConfig: Setting CVar [[s.TimeLimitExceededMinTime:0.005]]
LogConfig: Setting CVar [[s.UseBackgroundLevelStreaming:1]]
LogConfig: Setting CVar [[s.PriorityAsyncLoadingExtraTime:15.0]]
LogConfig: Setting CVar [[s.LevelStreamingActorsUpdateTimeLimit:5.0]]
LogConfig: Setting CVar [[s.PriorityLevelStreamingActorsUpdateExtraTime:5.0]]
LogConfig: Setting CVar [[s.LevelStreamingComponentsRegistrationGranularity:10]]
LogConfig: Setting CVar [[s.UnregisterComponentsTimeLimit:1.0]]
LogConfig: Setting CVar [[s.LevelStreamingComponentsUnregistrationGranularity:5]]
LogConfig: Setting CVar [[s.FlushStreamingOnExit:1]]
LogInit: Object subsystem initialized
LogConfig: Setting CVar [[con.DebugEarlyDefault:1]]
LogConfig: Setting CVar [[r.setres:1280x720]]
[2021.11.21-16.34.03:557][  0]LogConfig: Setting CVar [[r.VSync:0]]
[2021.11.21-16.34.03:557][  0]LogConfig: Setting CVar [[r.RHICmdBypass:0]]
[2021.11.21-16.34.03:557][  0]LogConfig: Applying CVar settings from Section [/Script/Engine.RendererSettings] File [C:/Users/abara/OneDrive/Documents/GitHub/IT-3081C-002-Final-Project/FinalProject1/Saved/Config/Windows/Engine.ini]
[2021.11.21-16.34.03:557][  0]LogConfig: Setting CVar [[r.GPUCrashDebugging:0]]
[2021.11.21-16.34.03:557][  0]LogConfig: Applying CVar settings from Section [/Script/Engine.RendererOverrideSettings] File [C:/Users/abara/OneDrive/Documents/GitHub/IT-3081C-002-Final-Project/FinalProject1/Saved/Config/Windows/Engine.ini]
[2021.11.21-16.34.03:557][  0]LogConfig: Applying CVar settings from Section [/Script/Engine.StreamingSettings] File [C:/Users/abara/OneDrive/Documents/GitHub/IT-3081C-002-Final-Project/FinalProject1/Saved/Config/Windows/Engine.ini]
[2021.11.21-16.34.03:557][  0]LogConfig: Setting CVar [[s.MinBulkDataSizeForAsyncLoading:131072]]
[2021.11.21-16.34.03:557][  0]LogConfig: Setting CVar [[s.AsyncLoadingThreadEnabled:0]]
[2021.11.21-16.34.03:557][  0]LogConfig: Setting CVar [[s.EventDrivenLoaderEnabled:1]]
[2021.11.21-16.34.03:557][  0]LogConfig: Setting CVar [[s.WarnIfTimeLimitExceeded:0]]
[2021.11.21-16.34.03:557][  0]LogConfig: Setting CVar [[s.TimeLimitExceededMultiplier:1.5]]
[2021.11.21-16.34.03:557][  0]LogConfig: Setting CVar [[s.TimeLimitExceededMinTime:0.005]]
[2021.11.21-16.34.03:557][  0]LogConfig: Setting CVar [[s.UseBackgroundLevelStreaming:1]]
[2021.11.21-16.34.03:557][  0]LogConfig: Setting CVar [[s.PriorityAsyncLoadingExtraTime:15.0]]
[2021.11.21-16.34.03:557][  0]LogConfig: Setting CVar [[s.LevelStreamingActorsUpdateTimeLimit:5.0]]
[2021.11.21-16.34.03:557][  0]LogConfig: Setting CVar [[s.PriorityLevelStreamingActorsUpdateExtraTime:5.0]]
[2021.11.21-16.34.03:558][  0]LogConfig: Setting CVar [[s.LevelStreamingComponentsRegistrationGranularity:10]]
[2021.11.21-16.34.03:558][  0]LogConfig: Setting CVar [[s.UnregisterComponentsTimeLimit:1.0]]
[2021.11.21-16.34.03:558][  0]LogConfig: Setting CVar [[s.LevelStreamingComponentsUnregistrationGranularity:5]]
[2021.11.21-16.34.03:558][  0]LogConfig: Setting CVar [[s.FlushStreamingOnExit:1]]
[2021.11.21-16.34.03:558][  0]LogConfig: Applying CVar settings from Section [/Script/Engine.GarbageCollectionSettings] File [C:/Users/abara/OneDrive/Documents/GitHub/IT-3081C-002-Final-Project/FinalProject1/Saved/Config/Windows/Engine.ini]
[2021.11.21-16.34.03:558][  0]LogConfig: Setting CVar [[gc.MaxObjectsNotConsideredByGC:1]]
[2021.11.21-16.34.03:558][  0]LogConfig: Setting CVar [[gc.SizeOfPermanentObjectPool:0]]
[2021.11.21-16.34.03:558][  0]LogConfig: Setting CVar [[gc.FlushStreamingOnGC:0]]
[2021.11.21-16.34.03:558][  0]LogConfig: Setting CVar [[gc.NumRetriesBeforeForcingGC:10]]
[2021.11.21-16.34.03:558][  0]LogConfig: Setting CVar [[gc.AllowParallelGC:1]]
[2021.11.21-16.34.03:558][  0]LogConfig: Setting CVar [[gc.TimeBetweenPurgingPendingKillObjects:61.1]]
[2021.11.21-16.34.03:558][  0]LogConfig: Setting CVar [[gc.MaxObjectsInEditor:25165824]]
[2021.11.21-16.34.03:558][  0]LogConfig: Setting CVar [[gc.IncrementalBeginDestroyEnabled:1]]
[2021.11.21-16.34.03:558][  0]LogConfig: Setting CVar [[gc.CreateGCClusters:1]]
[2021.11.21-16.34.03:558][  0]LogConfig: Setting CVar [[gc.MinGCClusterSize:5]]
[2021.11.21-16.34.03:558][  0]LogConfig: Setting CVar [[gc.ActorClusteringEnabled:0]]
[2021.11.21-16.34.03:558][  0]LogConfig: Setting CVar [[gc.BlueprintClusteringEnabled:0]]
[2021.11.21-16.34.03:558][  0]LogConfig: Setting CVar [[gc.UseDisregardForGCOnDedicatedServers:0]]
[2021.11.21-16.34.03:558][  0]LogConfig: Setting CVar [[gc.MultithreadedDestructionEnabled:1]]
[2021.11.21-16.34.03:558][  0]LogConfig: Applying CVar settings from Section [/Script/Engine.NetworkSettings] File [C:/Users/abara/OneDrive/Documents/GitHub/IT-3081C-002-Final-Project/FinalProject1/Saved/Config/Windows/Engine.ini]
[2021.11.21-16.34.03:558][  0]LogConfig: Applying CVar settings from Section [/Script/UnrealEd.CookerSettings] File [C:/Users/abara/OneDrive/Documents/GitHub/IT-3081C-002-Final-Project/FinalProject1/Saved/Config/Windows/Engine.ini]
[2021.11.21-16.34.03:564][  0]LogConfig: Applying CVar settings from Section [ViewDistanceQuality@3] File [C:/Users/abara/OneDrive/Documents/GitHub/IT-3081C-002-Final-Project/FinalProject1/Saved/Config/Windows/Scalability.ini]
[2021.11.21-16.34.03:564][  0]LogConfig: Setting CVar [[r.SkeletalMeshLODBias:0]]
[2021.11.21-16.34.03:564][  0]LogConfig: Setting CVar [[r.ViewDistanceScale:1.0]]
[2021.11.21-16.34.03:564][  0]LogConfig: Applying CVar settings from Section [AntiAliasingQuality@3] File [C:/Users/abara/OneDrive/Documents/GitHub/IT-3081C-002-Final-Project/FinalProject1/Saved/Config/Windows/Scalability.ini]
[2021.11.21-16.34.03:564][  0]LogConfig: Setting CVar [[r.PostProcessAAQuality:4]]
[2021.11.21-16.34.03:564][  0]LogConfig: Applying CVar settings from Section [ShadowQuality@3] File [C:/Users/abara/OneDrive/Documents/GitHub/IT-3081C-002-Final-Project/FinalProject1/Saved/Config/Windows/Scalability.ini]
[2021.11.21-16.34.03:564][  0]LogConfig: Setting CVar [[r.LightFunctionQuality:1]]
[2021.11.21-16.34.03:564][  0]LogConfig: Setting CVar [[r.ShadowQuality:5]]
[2021.11.21-16.34.03:564][  0]LogConfig: Setting CVar [[r.Shadow.CSM.MaxCascades:10]]
[2021.11.21-16.34.03:564][  0]LogConfig: Setting CVar [[r.Shadow.MaxResolution:2048]]
[2021.11.21-16.34.03:564][  0]LogConfig: Setting CVar [[r.Shadow.MaxCSMResolution:2048]]
[2021.11.21-16.34.03:564][  0]LogConfig: Setting CVar [[r.Shadow.RadiusThreshold:0.01]]
[2021.11.21-16.34.03:564][  0]LogConfig: Setting CVar [[r.Shadow.DistanceScale:1.0]]
[2021.11.21-16.34.03:564][  0]LogConfig: Setting CVar [[r.Shadow.CSM.TransitionScale:1.0]]
[2021.11.21-16.34.03:564][  0]LogConfig: Setting CVar [[r.Shadow.PreShadowResolutionFactor:1.0]]
[2021.11.21-16.34.03:564][  0]LogConfig: Setting CVar [[r.DistanceFieldShadowing:1]]
[2021.11.21-16.34.03:564][  0]LogConfig: Setting CVar [[r.DistanceFieldAO:1]]
[2021.11.21-16.34.03:564][  0]LogConfig: Setting CVar [[r.AOQuality:2]]
[2021.11.21-16.34.03:564][  0]LogConfig: Setting CVar [[r.VolumetricFog:1]]
[2021.11.21-16.34.03:564][  0]LogConfig: Setting CVar [[r.VolumetricFog.GridPixelSize:8]]
[2021.11.21-16.34.03:564][  0]LogConfig: Setting CVar [[r.VolumetricFog.GridSizeZ:128]]
[2021.11.21-16.34.03:564][  0]LogConfig: Setting CVar [[r.VolumetricFog.HistoryMissSupersampleCount:4]]
[2021.11.21-16.34.03:564][  0]LogConfig: Setting CVar [[r.LightMaxDrawDistanceScale:1]]
[2021.11.21-16.34.03:564][  0]LogConfig: Setting CVar [[r.CapsuleShadows:1]]
[2021.11.21-16.34.03:564][  0]LogConfig: Applying CVar settings from Section [PostProcessQuality@3] File [C:/Users/abara/OneDrive/Documents/GitHub/IT-3081C-002-Final-Project/FinalProject1/Saved/Config/Windows/Scalability.ini]
[2021.11.21-16.34.03:564][  0]LogConfig: Setting CVar [[r.MotionBlurQuality:4]]
[2021.11.21-16.34.03:564][  0]LogConfig: Setting CVar [[r.AmbientOcclusionMipLevelFactor:0.4]]
[2021.11.21-16.34.03:564][  0]LogConfig: Setting CVar [[r.AmbientOcclusionMaxQuality:100]]
[2021.11.21-16.34.03:564][  0]LogConfig: Setting CVar [[r.AmbientOcclusionLevels:-1]]
[2021.11.21-16.34.03:564][  0]LogConfig: Setting CVar [[r.AmbientOcclusionRadiusScale:1.0]]
[2021.11.21-16.34.03:564][  0]LogConfig: Setting CVar [[r.DepthOfFieldQuality:2]]
[2021.11.21-16.34.03:564][  0]LogConfig: Setting CVar [[r.RenderTargetPoolMin:400]]
[2021.11.21-16.34.03:564][  0]LogConfig: Setting CVar [[r.LensFlareQuality:2]]
[2021.11.21-16.34.03:564][  0]LogConfig: Setting CVar [[r.SceneColorFringeQuality:1]]
[2021.11.21-16.34.03:564][  0]LogConfig: Setting CVar [[r.EyeAdaptationQuality:2]]
[2021.11.21-16.34.03:564][  0]LogConfig: Setting CVar [[r.BloomQuality:5]]
[2021.11.21-16.34.03:564][  0]LogConfig: Setting CVar [[r.FastBlurThreshold:100]]
[2021.11.21-16.34.03:564][  0]LogConfig: Setting CVar [[r.Upscale.Quality:3]]
[2021.11.21-16.34.03:564][  0]LogConfig: Setting CVar [[r.Tonemapper.GrainQuantization:1]]
[2021.11.21-16.34.03:564][  0]LogConfig: Setting CVar [[r.LightShaftQuality:1]]
[2021.11.21-16.34.03:564][  0]LogConfig: Setting CVar [[r.Filter.SizeScale:1]]
[2021.11.21-16.34.03:564][  0]LogConfig: Setting CVar [[r.Tonemapper.Quality:5]]
[2021.11.21-16.34.03:564][  0]LogConfig: Setting CVar [[r.DOF.Gather.AccumulatorQuality:1        ; higher gathering accumulator quality]]
[2021.11.21-16.34.03:564][  0]LogConfig: Setting CVar [[r.DOF.Gather.PostfilterMethod:1          ; Median3x3 postfilering method]]
[2021.11.21-16.34.03:564][  0]LogConfig: Setting CVar [[r.DOF.Gather.EnableBokehSettings:0       ; no bokeh simulation when gathering]]
[2021.11.21-16.34.03:564][  0]LogConfig: Setting CVar [[r.DOF.Gather.RingCount:4                 ; medium number of samples when gathering]]
[2021.11.21-16.34.03:564][  0]LogConfig: Setting CVar [[r.DOF.Scatter.ForegroundCompositing:1    ; additive foreground scattering]]
[2021.11.21-16.34.03:564][  0]LogConfig: Setting CVar [[r.DOF.Scatter.BackgroundCompositing:2    ; additive background scattering]]
[2021.11.21-16.34.03:564][  0]LogConfig: Setting CVar [[r.DOF.Scatter.EnableBokehSettings:1      ; bokeh simulation when scattering]]
[2021.11.21-16.34.03:564][  0]LogConfig: Setting CVar [[r.DOF.Scatter.MaxSpriteRatio:0.1         ; only a maximum of 10% of scattered bokeh]]
[2021.11.21-16.34.03:564][  0]LogConfig: Setting CVar [[r.DOF.Recombine.Quality:1                ; cheap slight out of focus]]
[2021.11.21-16.34.03:564][  0]LogConfig: Setting CVar [[r.DOF.Recombine.EnableBokehSettings:0    ; no bokeh simulation on slight out of focus]]
[2021.11.21-16.34.03:564][  0]LogConfig: Setting CVar [[r.DOF.TemporalAAQuality:1                ; more stable temporal accumulation]]
[2021.11.21-16.34.03:564][  0]LogConfig: Setting CVar [[r.DOF.Kernel.MaxForegroundRadius:0.025]]
[2021.11.21-16.34.03:564][  0]LogConfig: Setting CVar [[r.DOF.Kernel.MaxBackgroundRadius:0.025]]
[2021.11.21-16.34.03:564][  0]LogConfig: Applying CVar settings from Section [TextureQuality@3] File [C:/Users/abara/OneDrive/Documents/GitHub/IT-3081C-002-Final-Project/FinalProject1/Saved/Config/Windows/Scalability.ini]
[2021.11.21-16.34.03:564][  0]LogConfig: Setting CVar [[r.Streaming.MipBias:0]]
[2021.11.21-16.34.03:564][  0]LogConfig: Setting CVar [[r.Streaming.AmortizeCPUToGPUCopy:0]]
[2021.11.21-16.34.03:564][  0]LogConfig: Setting CVar [[r.Streaming.MaxNumTexturesToStreamPerFrame:0]]
[2021.11.21-16.34.03:564][  0]LogConfig: Setting CVar [[r.Streaming.Boost:1]]
[2021.11.21-16.34.03:564][  0]LogConfig: Setting CVar [[r.MaxAnisotropy:8]]
[2021.11.21-16.34.03:564][  0]LogConfig: Setting CVar [[r.VT.MaxAnisotropy:8]]
[2021.11.21-16.34.03:564][  0]LogConfig: Setting CVar [[r.Streaming.LimitPoolSizeToVRAM:0]]
[2021.11.21-16.34.03:564][  0]LogConfig: Setting CVar [[r.Streaming.PoolSize:1000]]
[2021.11.21-16.34.03:564][  0]LogConfig: Setting CVar [[r.Streaming.MaxEffectiveScreenSize:0]]
[2021.11.21-16.34.03:564][  0]LogConfig: Applying CVar settings from Section [EffectsQuality@3] File [C:/Users/abara/OneDrive/Documents/GitHub/IT-3081C-002-Final-Project/FinalProject1/Saved/Config/Windows/Scalability.ini]
[2021.11.21-16.34.03:564][  0]LogConfig: Setting CVar [[r.TranslucencyLightingVolumeDim:64]]
[2021.11.21-16.34.03:564][  0]LogConfig: Setting CVar [[r.RefractionQuality:2]]
[2021.11.21-16.34.03:564][  0]LogConfig: Setting CVar [[r.SSR.Quality:3]]
[2021.11.21-16.34.03:564][  0]LogConfig: Setting CVar [[r.SSR.HalfResSceneColor:0]]
[2021.11.21-16.34.03:564][  0]LogConfig: Setting CVar [[r.SceneColorFormat:4]]
[2021.11.21-16.34.03:564][  0]LogConfig: Setting CVar [[r.DetailMode:2]]
[2021.11.21-16.34.03:564][  0]LogConfig: Setting CVar [[r.TranslucencyVolumeBlur:1]]
[2021.11.21-16.34.03:564][  0]LogConfig: Setting CVar [[r.MaterialQualityLevel:1 ; High quality]]
[2021.11.21-16.34.03:564][  0]LogConfig: Setting CVar [[r.AnisotropicMaterials:1]]
[2021.11.21-16.34.03:564][  0]LogConfig: Setting CVar [[r.SSS.Scale:1]]
[2021.11.21-16.34.03:564][  0]LogConfig: Setting CVar [[r.SSS.SampleSet:2]]
[2021.11.21-16.34.03:564][  0]LogConfig: Setting CVar [[r.SSS.Quality:1]]
[2021.11.21-16.34.03:564][  0]LogConfig: Setting CVar [[r.SSS.HalfRes:0]]
[2021.11.21-16.34.03:564][  0]LogConfig: Setting CVar [[r.SSGI.Quality:3]]
[2021.11.21-16.34.03:564][  0]LogConfig: Setting CVar [[r.EmitterSpawnRateScale:1.0]]
[2021.11.21-16.34.03:564][  0]LogConfig: Setting CVar [[r.ParticleLightQuality:2]]
[2021.11.21-16.34.03:564][  0]LogConfig: Setting CVar [[r.SkyAtmosphere.AerialPerspectiveLUT.FastApplyOnOpaque:1 ; Always have FastSkyLUT 1 in this case to avoid wrong sky]]
[2021.11.21-16.34.03:564][  0]LogConfig: Setting CVar [[r.SkyAtmosphere.AerialPerspectiveLUT.SampleCountMaxPerSlice:4]]
[2021.11.21-16.34.03:564][  0]LogConfig: Setting CVar [[r.SkyAtmosphere.AerialPerspectiveLUT.DepthResolution:16.0]]
[2021.11.21-16.34.03:564][  0]LogConfig: Setting CVar [[r.SkyAtmosphere.FastSkyLUT:1]]
[2021.11.21-16.34.03:564][  0]LogConfig: Setting CVar [[r.SkyAtmosphere.FastSkyLUT.SampleCountMin:4.0]]
[2021.11.21-16.34.03:564][  0]LogConfig: Setting CVar [[r.SkyAtmosphere.FastSkyLUT.SampleCountMax:128.0]]
[2021.11.21-16.34.03:564][  0]LogConfig: Setting CVar [[r.SkyAtmosphere.SampleCountMin:4.0]]
[2021.11.21-16.34.03:564][  0]LogConfig: Setting CVar [[r.SkyAtmosphere.SampleCountMax:128.0]]
[2021.11.21-16.34.03:564][  0]LogConfig: Setting CVar [[r.SkyAtmosphere.TransmittanceLUT.UseSmallFormat:0]]
[2021.11.21-16.34.03:564][  0]LogConfig: Setting CVar [[r.SkyAtmosphere.TransmittanceLUT.SampleCount:10.0]]
[2021.11.21-16.34.03:564][  0]LogConfig: Setting CVar [[r.SkyAtmosphere.MultiScatteringLUT.SampleCount:15.0]]
[2021.11.21-16.34.03:564][  0]LogConfig: Setting CVar [[r.SkyLight.RealTimeReflectionCapture:1]]
[2021.11.21-16.34.03:564][  0]LogConfig: Applying CVar settings from Section [FoliageQuality@3] File [C:/Users/abara/OneDrive/Documents/GitHub/IT-3081C-002-Final-Project/FinalProject1/Saved/Config/Windows/Scalability.ini]
[2021.11.21-16.34.03:564][  0]LogConfig: Setting CVar [[foliage.DensityScale:1.0]]
[2021.11.21-16.34.03:564][  0]LogConfig: Setting CVar [[grass.DensityScale:1.0]]
[2021.11.21-16.34.03:564][  0]LogConfig: Applying CVar settings from Section [ShadingQuality@3] File [C:/Users/abara/OneDrive/Documents/GitHub/IT-3081C-002-Final-Project/FinalProject1/Saved/Config/Windows/Scalability.ini]
[2021.11.21-16.34.03:564][  0]LogConfig: Setting CVar [[r.HairStrands.SkyLighting.IntegrationType:2]]
[2021.11.21-16.34.03:564][  0]LogConfig: Setting CVar [[r.HairStrands.SkyAO.SampleCount:4]]
[2021.11.21-16.34.03:564][  0]LogConfig: Setting CVar [[r.HairStrands.Visibility.MSAA.SamplePerPixel:4]]
[2021.11.21-16.34.03:565][  0]LogInit: Selected Device Profile: [Windows]
[2021.11.21-16.34.03:565][  0]LogInit: Applying CVar settings loaded from the selected device profile: [Windows]
[2021.11.21-16.34.03:565][  0]LogHAL: Display: Platform has ~ 8 GB [8210325504 / 8589934592 / 8], which maps to Default [LargestMinGB=32, LargerMinGB=12, DefaultMinGB=8, SmallerMinGB=6, SmallestMinGB=0)
[2021.11.21-16.34.03:565][  0]LogInit: Going up to parent DeviceProfile []
[2021.11.21-16.34.03:565][  0]LogConfig: Applying CVar settings from Section [ViewDistanceQuality@3] File [C:/Users/abara/OneDrive/Documents/GitHub/IT-3081C-002-Final-Project/FinalProject1/Saved/Config/Windows/Scalability.ini]
[2021.11.21-16.34.03:565][  0]LogConfig: Setting CVar [[r.SkeletalMeshLODBias:0]]
[2021.11.21-16.34.03:565][  0]LogConfig: Setting CVar [[r.ViewDistanceScale:1.0]]
[2021.11.21-16.34.03:565][  0]LogConfig: Applying CVar settings from Section [AntiAliasingQuality@3] File [C:/Users/abara/OneDrive/Documents/GitHub/IT-3081C-002-Final-Project/FinalProject1/Saved/Config/Windows/Scalability.ini]
[2021.11.21-16.34.03:565][  0]LogConfig: Setting CVar [[r.PostProcessAAQuality:4]]
[2021.11.21-16.34.03:565][  0]LogConfig: Applying CVar settings from Section [ShadowQuality@3] File [C:/Users/abara/OneDrive/Documents/GitHub/IT-3081C-002-Final-Project/FinalProject1/Saved/Config/Windows/Scalability.ini]
[2021.11.21-16.34.03:565][  0]LogConfig: Setting CVar [[r.LightFunctionQuality:1]]
[2021.11.21-16.34.03:565][  0]LogConfig: Setting CVar [[r.ShadowQuality:5]]
[2021.11.21-16.34.03:565][  0]LogConfig: Setting CVar [[r.Shadow.CSM.MaxCascades:10]]
[2021.11.21-16.34.03:565][  0]LogConfig: Setting CVar [[r.Shadow.MaxResolution:2048]]
[2021.11.21-16.34.03:565][  0]LogConfig: Setting CVar [[r.Shadow.MaxCSMResolution:2048]]
[2021.11.21-16.34.03:565][  0]LogConfig: Setting CVar [[r.Shadow.RadiusThreshold:0.01]]
[2021.11.21-16.34.03:565][  0]LogConfig: Setting CVar [[r.Shadow.DistanceScale:1.0]]
[2021.11.21-16.34.03:565][  0]LogConfig: Setting CVar [[r.Shadow.CSM.TransitionScale:1.0]]
[2021.11.21-16.34.03:565][  0]LogConfig: Setting CVar [[r.Shadow.PreShadowResolutionFactor:1.0]]
[2021.11.21-16.34.03:565][  0]LogConfig: Setting CVar [[r.DistanceFieldShadowing:1]]
[2021.11.21-16.34.03:565][  0]LogConfig: Setting CVar [[r.DistanceFieldAO:1]]
[2021.11.21-16.34.03:565][  0]LogConfig: Setting CVar [[r.AOQuality:2]]
[2021.11.21-16.34.03:565][  0]LogConfig: Setting CVar [[r.VolumetricFog:1]]
[2021.11.21-16.34.03:565][  0]LogConfig: Setting CVar [[r.VolumetricFog.GridPixelSize:8]]
[2021.11.21-16.34.03:565][  0]LogConfig: Setting CVar [[r.VolumetricFog.GridSizeZ:128]]
[2021.11.21-16.34.03:565][  0]LogConfig: Setting CVar [[r.VolumetricFog.HistoryMissSupersampleCount:4]]
[2021.11.21-16.34.03:565][  0]LogConfig: Setting CVar [[r.LightMaxDrawDistanceScale:1]]
[2021.11.21-16.34.03:565][  0]LogConfig: Setting CVar [[r.CapsuleShadows:1]]
[2021.11.21-16.34.03:565][  0]LogConfig: Applying CVar settings from Section [PostProcessQuality@3] File [C:/Users/abara/OneDrive/Documents/GitHub/IT-3081C-002-Final-Project/FinalProject1/Saved/Config/Windows/Scalability.ini]
[2021.11.21-16.34.03:565][  0]LogConfig: Setting CVar [[r.MotionBlurQuality:4]]
[2021.11.21-16.34.03:565][  0]LogConfig: Setting CVar [[r.AmbientOcclusionMipLevelFactor:0.4]]
[2021.11.21-16.34.03:565][  0]LogConfig: Setting CVar [[r.AmbientOcclusionMaxQuality:100]]
[2021.11.21-16.34.03:565][  0]LogConfig: Setting CVar [[r.AmbientOcclusionLevels:-1]]
[2021.11.21-16.34.03:565][  0]LogConfig: Setting CVar [[r.AmbientOcclusionRadiusScale:1.0]]
[2021.11.21-16.34.03:565][  0]LogConfig: Setting CVar [[r.DepthOfFieldQuality:2]]
[2021.11.21-16.34.03:565][  0]LogConfig: Setting CVar [[r.RenderTargetPoolMin:400]]
[2021.11.21-16.34.03:565][  0]LogConfig: Setting CVar [[r.LensFlareQuality:2]]
[2021.11.21-16.34.03:565][  0]LogConfig: Setting CVar [[r.SceneColorFringeQuality:1]]
[2021.11.21-16.34.03:565][  0]LogConfig: Setting CVar [[r.EyeAdaptationQuality:2]]
[2021.11.21-16.34.03:565][  0]LogConfig: Setting CVar [[r.BloomQuality:5]]
[2021.11.21-16.34.03:565][  0]LogConfig: Setting CVar [[r.FastBlurThreshold:100]]
[2021.11.21-16.34.03:565][  0]LogConfig: Setting CVar [[r.Upscale.Quality:3]]
[2021.11.21-16.34.03:565][  0]LogConfig: Setting CVar [[r.Tonemapper.GrainQuantization:1]]
[2021.11.21-16.34.03:565][  0]LogConfig: Setting CVar [[r.LightShaftQuality:1]]
[2021.11.21-16.34.03:565][  0]LogConfig: Setting CVar [[r.Filter.SizeScale:1]]
[2021.11.21-16.34.03:565][  0]LogConfig: Setting CVar [[r.Tonemapper.Quality:5]]
[2021.11.21-16.34.03:565][  0]LogConfig: Setting CVar [[r.DOF.Gather.AccumulatorQuality:1        ; higher gathering accumulator quality]]
[2021.11.21-16.34.03:565][  0]LogConfig: Setting CVar [[r.DOF.Gather.PostfilterMethod:1          ; Median3x3 postfilering method]]
[2021.11.21-16.34.03:565][  0]LogConfig: Setting CVar [[r.DOF.Gather.EnableBokehSettings:0       ; no bokeh simulation when gathering]]
[2021.11.21-16.34.03:566][  0]LogConfig: Setting CVar [[r.DOF.Gather.RingCount:4                 ; medium number of samples when gathering]]
[2021.11.21-16.34.03:566][  0]LogConfig: Setting CVar [[r.DOF.Scatter.ForegroundCompositing:1    ; additive foreground scattering]]
[2021.11.21-16.34.03:566][  0]LogConfig: Setting CVar [[r.DOF.Scatter.BackgroundCompositing:2    ; additive background scattering]]
[2021.11.21-16.34.03:566][  0]LogConfig: Setting CVar [[r.DOF.Scatter.EnableBokehSettings:1      ; bokeh simulation when scattering]]
[2021.11.21-16.34.03:566][  0]LogConfig: Setting CVar [[r.DOF.Scatter.MaxSpriteRatio:0.1         ; only a maximum of 10% of scattered bokeh]]
[2021.11.21-16.34.03:566][  0]LogConfig: Setting CVar [[r.DOF.Recombine.Quality:1                ; cheap slight out of focus]]
[2021.11.21-16.34.03:566][  0]LogConfig: Setting CVar [[r.DOF.Recombine.EnableBokehSettings:0    ; no bokeh simulation on slight out of focus]]
[2021.11.21-16.34.03:566][  0]LogConfig: Setting CVar [[r.DOF.TemporalAAQuality:1                ; more stable temporal accumulation]]
[2021.11.21-16.34.03:566][  0]LogConfig: Setting CVar [[r.DOF.Kernel.MaxForegroundRadius:0.025]]
[2021.11.21-16.34.03:566][  0]LogConfig: Setting CVar [[r.DOF.Kernel.MaxBackgroundRadius:0.025]]
[2021.11.21-16.34.03:566][  0]LogConfig: Applying CVar settings from Section [TextureQuality@3] File [C:/Users/abara/OneDrive/Documents/GitHub/IT-3081C-002-Final-Project/FinalProject1/Saved/Config/Windows/Scalability.ini]
[2021.11.21-16.34.03:566][  0]LogConfig: Setting CVar [[r.Streaming.MipBias:0]]
[2021.11.21-16.34.03:566][  0]LogConfig: Setting CVar [[r.Streaming.AmortizeCPUToGPUCopy:0]]
[2021.11.21-16.34.03:566][  0]LogConfig: Setting CVar [[r.Streaming.MaxNumTexturesToStreamPerFrame:0]]
[2021.11.21-16.34.03:566][  0]LogConfig: Setting CVar [[r.Streaming.Boost:1]]
[2021.11.21-16.34.03:566][  0]LogConfig: Setting CVar [[r.MaxAnisotropy:8]]
[2021.11.21-16.34.03:566][  0]LogConfig: Setting CVar [[r.VT.MaxAnisotropy:8]]
[2021.11.21-16.34.03:566][  0]LogConfig: Setting CVar [[r.Streaming.LimitPoolSizeToVRAM:0]]
[2021.11.21-16.34.03:566][  0]LogConfig: Setting CVar [[r.Streaming.PoolSize:1000]]
[2021.11.21-16.34.03:566][  0]LogConfig: Setting CVar [[r.Streaming.MaxEffectiveScreenSize:0]]
[2021.11.21-16.34.03:566][  0]LogConfig: Applying CVar settings from Section [EffectsQuality@3] File [C:/Users/abara/OneDrive/Documents/GitHub/IT-3081C-002-Final-Project/FinalProject1/Saved/Config/Windows/Scalability.ini]
[2021.11.21-16.34.03:566][  0]LogConfig: Setting CVar [[r.TranslucencyLightingVolumeDim:64]]
[2021.11.21-16.34.03:566][  0]LogConfig: Setting CVar [[r.RefractionQuality:2]]
[2021.11.21-16.34.03:566][  0]LogConfig: Setting CVar [[r.SSR.Quality:3]]
[2021.11.21-16.34.03:566][  0]LogConfig: Setting CVar [[r.SSR.HalfResSceneColor:0]]
[2021.11.21-16.34.03:566][  0]LogConfig: Setting CVar [[r.SceneColorFormat:4]]
[2021.11.21-16.34.03:566][  0]LogConfig: Setting CVar [[r.DetailMode:2]]
[2021.11.21-16.34.03:566][  0]LogConfig: Setting CVar [[r.TranslucencyVolumeBlur:1]]
[2021.11.21-16.34.03:566][  0]LogConfig: Setting CVar [[r.MaterialQualityLevel:1 ; High quality]]
[2021.11.21-16.34.03:566][  0]LogConfig: Setting CVar [[r.AnisotropicMaterials:1]]
[2021.11.21-16.34.03:566][  0]LogConfig: Setting CVar [[r.SSS.Scale:1]]
[2021.11.21-16.34.03:566][  0]LogConfig: Setting CVar [[r.SSS.SampleSet:2]]
[2021.11.21-16.34.03:566][  0]LogConfig: Setting CVar [[r.SSS.Quality:1]]
[2021.11.21-16.34.03:566][  0]LogConfig: Setting CVar [[r.SSS.HalfRes:0]]
[2021.11.21-16.34.03:566][  0]LogConfig: Setting CVar [[r.SSGI.Quality:3]]
[2021.11.21-16.34.03:566][  0]LogConfig: Setting CVar [[r.EmitterSpawnRateScale:1.0]]
[2021.11.21-16.34.03:566][  0]LogConfig: Setting CVar [[r.ParticleLightQuality:2]]
[2021.11.21-16.34.03:566][  0]LogConfig: Setting CVar [[r.SkyAtmosphere.AerialPerspectiveLUT.FastApplyOnOpaque:1 ; Always have FastSkyLUT 1 in this case to avoid wrong sky]]
[2021.11.21-16.34.03:566][  0]LogConfig: Setting CVar [[r.SkyAtmosphere.AerialPerspectiveLUT.SampleCountMaxPerSlice:4]]
[2021.11.21-16.34.03:566][  0]LogConfig: Setting CVar [[r.SkyAtmosphere.AerialPerspectiveLUT.DepthResolution:16.0]]
[2021.11.21-16.34.03:566][  0]LogConfig: Setting CVar [[r.SkyAtmosphere.FastSkyLUT:1]]
[2021.11.21-16.34.03:566][  0]LogConfig: Setting CVar [[r.SkyAtmosphere.FastSkyLUT.SampleCountMin:4.0]]
[2021.11.21-16.34.03:566][  0]LogConfig: Setting CVar [[r.SkyAtmosphere.FastSkyLUT.SampleCountMax:128.0]]
[2021.11.21-16.34.03:566][  0]LogConfig: Setting CVar [[r.SkyAtmosphere.SampleCountMin:4.0]]
[2021.11.21-16.34.03:566][  0]LogConfig: Setting CVar [[r.SkyAtmosphere.SampleCountMax:128.0]]
[2021.11.21-16.34.03:566][  0]LogConfig: Setting CVar [[r.SkyAtmosphere.TransmittanceLUT.UseSmallFormat:0]]
[2021.11.21-16.34.03:566][  0]LogConfig: Setting CVar [[r.SkyAtmosphere.TransmittanceLUT.SampleCount:10.0]]
[2021.11.21-16.34.03:566][  0]LogConfig: Setting CVar [[r.SkyAtmosphere.MultiScatteringLUT.SampleCount:15.0]]
[2021.11.21-16.34.03:566][  0]LogConfig: Setting CVar [[r.SkyLight.RealTimeReflectionCapture:1]]
[2021.11.21-16.34.03:566][  0]LogConfig: Applying CVar settings from Section [FoliageQuality@3] File [C:/Users/abara/OneDrive/Documents/GitHub/IT-3081C-002-Final-Project/FinalProject1/Saved/Config/Windows/Scalability.ini]
[2021.11.21-16.34.03:566][  0]LogConfig: Setting CVar [[foliage.DensityScale:1.0]]
[2021.11.21-16.34.03:566][  0]LogConfig: Setting CVar [[grass.DensityScale:1.0]]
[2021.11.21-16.34.03:566][  0]LogConfig: Applying CVar settings from Section [ShadingQuality@3] File [C:/Users/abara/OneDrive/Documents/GitHub/IT-3081C-002-Final-Project/FinalProject1/Saved/Config/Windows/Scalability.ini]
[2021.11.21-16.34.03:566][  0]LogConfig: Setting CVar [[r.HairStrands.SkyLighting.IntegrationType:2]]
[2021.11.21-16.34.03:566][  0]LogConfig: Setting CVar [[r.HairStrands.SkyAO.SampleCount:4]]
[2021.11.21-16.34.03:566][  0]LogConfig: Setting CVar [[r.HairStrands.Visibility.MSAA.SamplePerPixel:4]]
[2021.11.21-16.34.03:566][  0]LogConfig: Applying CVar settings from Section [Startup] File [../../../Engine/Config/ConsoleVariables.ini]
[2021.11.21-16.34.03:566][  0]LogConfig: Setting CVar [[net.UseAdaptiveNetUpdateFrequency:0]]
[2021.11.21-16.34.03:566][  0]LogConfig: Setting CVar [[p.chaos.AllowCreatePhysxBodies:1]]
[2021.11.21-16.34.03:566][  0]LogConfig: Setting CVar [[fx.SkipVectorVMBackendOptimizations:1]]
[2021.11.21-16.34.03:566][  0]LogConfig: Applying CVar settings from Section [ConsoleVariables] File [C:/Users/abara/OneDrive/Documents/GitHub/IT-3081C-002-Final-Project/FinalProject1/Saved/Config/Windows/Engine.ini]
[2021.11.21-16.34.03:566][  0]LogConfig: Applying CVar settings from Section [ConsoleVariables] File [C:/Users/abara/OneDrive/Documents/GitHub/IT-3081C-002-Final-Project/FinalProject1/Saved/Config/Windows/Editor.ini]
[2021.11.21-16.34.03:567][  0]LogInit: Computer: LAPTOP-H9N5M1OI
[2021.11.21-16.34.03:567][  0]LogInit: User: abara
[2021.11.21-16.34.03:567][  0]LogInit: CPU Page size=4096, Cores=6
[2021.11.21-16.34.03:567][  0]LogInit: High frequency timer resolution =10.000000 MHz
[2021.11.21-16.34.03:567][  0]LogMemory: Memory total: Physical=7.6GB (8GB approx)
[2021.11.21-16.34.03:567][  0]LogMemory: Platform Memory Stats for Windows
[2021.11.21-16.34.03:567][  0]LogMemory: Process Physical Memory: 145.71 MB used, 145.71 MB peak
[2021.11.21-16.34.03:567][  0]LogMemory: Process Virtual Memory: 132.07 MB used, 132.07 MB peak
[2021.11.21-16.34.03:567][  0]LogMemory: Physical Memory: 7503.38 MB used,  326.60 MB free, 7829.98 MB total
[2021.11.21-16.34.03:567][  0]LogMemory: Virtual Memory: 134214176.00 MB used,  3554.88 MB free, 134217728.00 MB total
[2021.11.21-16.34.03:571][  0]LogWindows: WindowsPlatformFeatures enabled
[2021.11.21-16.34.03:631][  0]LogInit: Physics initialised using underlying interface: PhysX
[2021.11.21-16.34.03:633][  0]LogInit: Using OS detected language (en-US).
[2021.11.21-16.34.03:633][  0]LogInit: Using OS detected locale (en-US).
[2021.11.21-16.34.03:637][  0]LogTextLocalizationManager: No specific localization for 'en-US' exists, so the 'en' localization will be used.
[2021.11.21-16.34.03:844][  0]LogInit: Setting process to per monitor DPI aware
[2021.11.21-16.34.03:856][  0]LogWindowsTextInputMethodSystem: Display: IME system deactivated.
[2021.11.21-16.34.03:878][  0]LogSlate: New Slate User Created.  User Index 0, Is Virtual User: 0
[2021.11.21-16.34.03:878][  0]LogSlate: Slate User Registered.  User Index 0, Is Virtual User: 0
[2021.11.21-16.34.04:064][  0]LogD3D11RHI: Loaded GFSDK_Aftermath_Lib.x64.dll
[2021.11.21-16.34.04:077][  0]LogHMD: Failed to initialize OpenVR with code 110
[2021.11.21-16.34.04:077][  0]LogD3D11RHI: D3D11 min allowed feature level: 11_0
[2021.11.21-16.34.04:077][  0]LogD3D11RHI: D3D11 max allowed feature level: 11_0
[2021.11.21-16.34.04:077][  0]LogD3D11RHI: D3D11 adapters:
[2021.11.21-16.34.04:219][  0]LogD3D11RHI:    0. 'NVIDIA GeForce RTX 3050 Laptop GPU' (Feature Level 11_0)
[2021.11.21-16.34.04:219][  0]LogD3D11RHI:       3991/0/3914 MB DedicatedVideo/DedicatedSystem/SharedSystem, Outputs:1, VendorId:0x10de
[2021.11.21-16.34.04:245][  0]LogD3D11RHI:    1. 'Intel(R) UHD Graphics' (Feature Level 11_0)
[2021.11.21-16.34.04:245][  0]LogD3D11RHI:       128/0/3914 MB DedicatedVideo/DedicatedSystem/SharedSystem, Outputs:0, VendorId:0x8086
[2021.11.21-16.34.04:253][  0]LogD3D11RHI:    2. 'Microsoft Basic Render Driver' (Feature Level 11_0)
[2021.11.21-16.34.04:253][  0]LogD3D11RHI:       0/0/3914 MB DedicatedVideo/DedicatedSystem/SharedSystem, Outputs:0, VendorId:0x1414
[2021.11.21-16.34.04:253][  0]LogD3D11RHI: Chosen D3D11 Adapter: 0
[2021.11.21-16.34.04:261][  0]LogD3D11RHI: Creating new Direct3DDevice
[2021.11.21-16.34.04:261][  0]LogD3D11RHI:     GPU DeviceId: 0x25a5 (for the marketing name, search the web for "GPU Device Id")
[2021.11.21-16.34.04:261][  0]LogWindows: EnumDisplayDevices:
[2021.11.21-16.34.04:261][  0]LogWindows:    0. 'Intel(R) UHD Graphics' (P:1 D:1)
[2021.11.21-16.34.04:261][  0]LogWindows:    1. 'Intel(R) UHD Graphics' (P:0 D:0)
[2021.11.21-16.34.04:262][  0]LogWindows:    2. 'Intel(R) UHD Graphics' (P:0 D:0)
[2021.11.21-16.34.04:262][  0]LogWindows:    3. 'Intel(R) UHD Graphics' (P:0 D:0)
[2021.11.21-16.34.04:262][  0]LogWindows:    4. 'NVIDIA GeForce RTX 3050 Laptop GPU' (P:0 D:0)
[2021.11.21-16.34.04:262][  0]LogWindows: DebugString: PrimaryIsNotTheChoosenAdapter PrimaryIsNotTheChoosenAdapter PrimaryIsNotTheChoosenAdapter PrimaryIsNotTheChoosenAdapter 
[2021.11.21-16.34.04:262][  0]LogD3D11RHI:     Adapter Name: NVIDIA GeForce RTX 3050 Laptop GPU
[2021.11.21-16.34.04:262][  0]LogD3D11RHI:   Driver Version: 472.19 (internal:30.0.14.7219, unified:472.19)
[2021.11.21-16.34.04:262][  0]LogD3D11RHI:      Driver Date: 9-23-2021
[2021.11.21-16.34.04:262][  0]LogRHI: Texture pool is 2793 MB (70% of 3991 MB)
[2021.11.21-16.34.04:322][  0]LogD3D11RHI: RHI has support for 64 bit atomics
[2021.11.21-16.34.04:323][  0]LogD3D11RHI: Async texture creation enabled
[2021.11.21-16.34.04:323][  0]LogD3D11RHI: Array index from any shader is supported
[2021.11.21-16.34.04:345][  0]LogD3D11RHI: GPU Timing Frequency: 1000.000000 (Debug: 2 1)
[2021.11.21-16.34.04:370][  0]LogRHI: GeForceNow SDK initialized: 1
[2021.11.21-16.34.04:640][  0]LogTargetPlatformManager: Display: Loaded TargetPlatform 'AllDesktop'
[2021.11.21-16.34.04:656][  0]LogTargetPlatformManager: Display: Loaded TargetPlatform 'Android'
[2021.11.21-16.34.04:656][  0]LogTargetPlatformManager: Display: Loaded TargetPlatform 'Android_ASTC'
[2021.11.21-16.34.04:656][  0]LogTargetPlatformManager: Display: Loaded TargetPlatform 'Android_DXT'
[2021.11.21-16.34.04:656][  0]LogTargetPlatformManager: Display: Loaded TargetPlatform 'Android_ETC2'
[2021.11.21-16.34.04:656][  0]LogTargetPlatformManager: Display: Loaded TargetPlatform 'AndroidClient'
[2021.11.21-16.34.04:656][  0]LogTargetPlatformManager: Display: Loaded TargetPlatform 'Android_ASTCClient'
[2021.11.21-16.34.04:656][  0]LogTargetPlatformManager: Display: Loaded TargetPlatform 'Android_DXTClient'
[2021.11.21-16.34.04:656][  0]LogTargetPlatformManager: Display: Loaded TargetPlatform 'Android_ETC2Client'
[2021.11.21-16.34.04:656][  0]LogTargetPlatformManager: Display: Loaded TargetPlatform 'Android_Multi'
[2021.11.21-16.34.04:656][  0]LogTargetPlatformManager: Display: Loaded TargetPlatform 'Android_MultiClient'
[2021.11.21-16.34.04:676][  0]LogTargetPlatformManager: Display: Loaded TargetPlatform 'IOSClient'
[2021.11.21-16.34.04:676][  0]LogTargetPlatformManager: Display: Loaded TargetPlatform 'IOS'
[2021.11.21-16.34.04:686][  0]LogTargetPlatformManager: Display: Loaded TargetPlatform 'Linux'
[2021.11.21-16.34.04:691][  0]LogTargetPlatformManager: Display: Loaded TargetPlatform 'LinuxNoEditor'
[2021.11.21-16.34.04:696][  0]LogTargetPlatformManager: Display: Loaded TargetPlatform 'LinuxClient'
[2021.11.21-16.34.04:701][  0]LogTargetPlatformManager: Display: Loaded TargetPlatform 'LinuxServer'
[2021.11.21-16.34.04:712][  0]LogTargetPlatformManager: Display: Loaded TargetPlatform 'LinuxAArch64NoEditor'
[2021.11.21-16.34.04:717][  0]LogTargetPlatformManager: Display: Loaded TargetPlatform 'LinuxAArch64Client'
[2021.11.21-16.34.04:723][  0]LogTargetPlatformManager: Display: Loaded TargetPlatform 'LinuxAArch64Server'
[2021.11.21-16.34.04:745][  0]LogTargetPlatformManager: Display: Loaded TargetPlatform 'Lumin'
[2021.11.21-16.34.04:745][  0]LogTargetPlatformManager: Display: Loaded TargetPlatform 'LuminClient'
[2021.11.21-16.34.04:754][  0]LogTargetPlatformManager: Display: Loaded TargetPlatform 'MacNoEditor'
[2021.11.21-16.34.04:757][  0]LogTargetPlatformManager: Display: Loaded TargetPlatform 'Mac'
[2021.11.21-16.34.04:761][  0]LogTargetPlatformManager: Display: Loaded TargetPlatform 'MacClient'
[2021.11.21-16.34.04:765][  0]LogTargetPlatformManager: Display: Loaded TargetPlatform 'MacServer'
[2021.11.21-16.34.04:773][  0]LogTargetPlatformManager: Display: Loaded TargetPlatform 'TVOSClient'
[2021.11.21-16.34.04:773][  0]LogTargetPlatformManager: Display: Loaded TargetPlatform 'TVOS'
[2021.11.21-16.34.04:780][  0]LogTargetPlatformManager: Display: Loaded TargetPlatform 'WindowsNoEditor'
[2021.11.21-16.34.04:784][  0]LogTargetPlatformManager: Display: Loaded TargetPlatform 'Windows'
[2021.11.21-16.34.04:788][  0]LogTargetPlatformManager: Display: Loaded TargetPlatform 'WindowsClient'
[2021.11.21-16.34.04:792][  0]LogTargetPlatformManager: Display: Loaded TargetPlatform 'WindowsServer'
[2021.11.21-16.34.04:792][  0]LogTargetPlatformManager: Display: Building Assets For Windows
[2021.11.21-16.34.04:799][  0]LogAudioDebug: Display: Lib vorbis DLL was dynamically loaded.
[2021.11.21-16.34.04:830][  0]LogTextureFormatOodle: Display: Oodle Texture 2.9.0 init RDO Off
[2021.11.21-16.34.04:943][  0]LogRendererCore: Ray tracing is disabled. Reason: r.RayTracing=0.
[2021.11.21-16.34.04:944][  0]LogShaderCompilers: Guid format shader working directory is -51 characters bigger than the processId version (../../../../../../Users/abara/OneDrive/Documents/GitHub/IT-3081C-002-Final-Project/FinalProject1/Intermediate/Shaders/WorkingDirectory/15784/).
[2021.11.21-16.34.04:944][  0]LogShaderCompilers: Cleaned the shader compiler working directory 'C:/Users/abara/AppData/Local/Temp/UnrealShaderWorkingDir/2269BB00479CB6BA02553C9C93470B98/'.
[2021.11.21-16.34.04:944][  0]LogXGEController: Cannot use XGE Controller as Incredibuild is not installed on this machine.
[2021.11.21-16.34.04:944][  0]LogShaderCompilers: Cannot use XGE Shader Compiler as Incredibuild is not installed on this machine.
[2021.11.21-16.34.04:944][  0]LogShaderCompilers: Display: Using Local Shader Compiler.
[2021.11.21-16.34.05:648][  0]LogDerivedDataCache: Display: Max Cache Size: 512 MB
[2021.11.21-16.34.05:727][  0]LogDerivedDataCache: Loaded boot cache 0.08s 94MB C:/Users/abara/AppData/Local/UnrealEngine/4.27/DerivedDataCache/Boot.ddc.
[2021.11.21-16.34.05:727][  0]LogDerivedDataCache: Display: Loaded Boot cache: C:/Users/abara/AppData/Local/UnrealEngine/4.27/DerivedDataCache/Boot.ddc
[2021.11.21-16.34.05:727][  0]LogDerivedDataCache: FDerivedDataBackendGraph:  Pak pak cache file ../../../../../../Users/abara/OneDrive/Documents/GitHub/IT-3081C-002-Final-Project/FinalProject1/DerivedDataCache/DDC.ddp not found, will not use a pak cache.
[2021.11.21-16.34.05:727][  0]LogDerivedDataCache: Unable to find inner node Pak for hierarchical cache Hierarchy.
[2021.11.21-16.34.05:727][  0]LogDerivedDataCache: FDerivedDataBackendGraph:  CompressedPak pak cache file ../../../../../../Users/abara/OneDrive/Documents/GitHub/IT-3081C-002-Final-Project/FinalProject1/DerivedDataCache/Compressed.ddp not found, will not use a pak cache.
[2021.11.21-16.34.05:727][  0]LogDerivedDataCache: Unable to find inner node CompressedPak for hierarchical cache Hierarchy.
[2021.11.21-16.34.05:742][  0]LogDerivedDataCache: Display: Pak cache opened for reading ../../../Engine/DerivedDataCache/Compressed.ddp.
[2021.11.21-16.34.05:742][  0]LogDerivedDataCache: FDerivedDataBackendGraph:  EnterprisePak pak cache file ../../../Enterprise/DerivedDataCache/Compressed.ddp not found, will not use a pak cache.
[2021.11.21-16.34.05:742][  0]LogDerivedDataCache: Unable to find inner node EnterprisePak for hierarchical cache Hierarchy.
[2021.11.21-16.34.05:750][  0]LogDerivedDataCache: Speed tests for C:/Users/abara/AppData/Local/UnrealEngine/Common/DerivedDataCache took 0.01 seconds
[2021.11.21-16.34.05:750][  0]LogDerivedDataCache: Display: Performance to C:/Users/abara/AppData/Local/UnrealEngine/Common/DerivedDataCache: Latency=0.09ms. RandomReadSpeed=308.08MBs, RandomWriteSpeed=283.94MBs. Assigned SpeedClass 'Local'
[2021.11.21-16.34.05:751][  0]LogDerivedDataCache: Using Local data cache path C:/Users/abara/AppData/Local/UnrealEngine/Common/DerivedDataCache: Writable
[2021.11.21-16.34.05:751][  0]LogDerivedDataCache: Shared data cache path not found in *engine.ini, will not use an Shared cache.
[2021.11.21-16.34.05:751][  0]LogDerivedDataCache: Unable to find inner node Shared for hierarchical cache Hierarchy.
[2021.11.21-16.34.05:788][  0]LogSlate: Using FreeType 2.10.0
[2021.11.21-16.34.05:789][  0]LogSlate: SlateFontServices - WITH_FREETYPE: 1, WITH_HARFBUZZ: 1
[2021.11.21-16.34.05:813][  0]LogAssetRegistry: FAssetRegistry took 0.0024 seconds to start up
[2021.11.21-16.34.06:100][  0]LogInit: Selected Device Profile: [Windows]
[2021.11.21-16.34.06:100][  0]LogInit: Active device profile: [000001F1C3C0ED00][000001F1C0111780 49] Windows
[2021.11.21-16.34.06:100][  0]LogInit: Profiles: [000001F1C3C0ED00][000001F1C0111780 49] Windows, [000001F1C38D6300][000001F1C0119A40 49] WindowsNoEditor, [000001F1C3C0DF00][000001F1C011C180 49] WindowsServer, [000001F1C38D7000][000001F1C0120440 49] WindowsClient, [000001F1C3C0D200][000001F1C012C700 49] IOS, [000001F1C38D7E00][000001F1C01CC9C0 49] iPadAir, [000001F1C3C0C700][000001F1C0114C40 49] iPadAir2, [000001F1C3821F00][000001F1C3253140 49] IPadPro, [000001F1C3822000][000001F1C01DB180 49] iPadAir3, [000001F1C38D7600][000001F1C324B440 49] iPadAir4, [000001F1C3822F00][000001F1BB369700 49] iPadMini2, [000001F1C38D6A00][000001F1C324F9C0 49] iPadMini3, [000001F1C3823C00][000001F1C3276100 49] iPadMini4, [000001F1C38D5C00][000001F1C327A3C0 49] iPadMini5, [000001F1C3841500][000001F1BB850900 49] iPhone6, [000001F1C3841600][000001F1C0128940 49] iPodTouch6, [000001F1C3C0D600][000001F1C2E26E40 49] iPhone7, [000001F1C3C0EB00][000001F1BB818E80 49] iPodTouch7, [000001F1C3821E00][000001F1BB365100 49] iPhone5S, [000001F1C3C0E900][000001F1BB8153C0 49] iPhone6Plus, [000001F1C3823400][000001F1C2F55680 49] iPhone6S, [000001F1C3C0C900][000001F1C2F65940 49] iPhone6SPlus, [000001F1C3821700][000001F1BF4EDC00 49] iPhone7Plus, [000001F1C3C0FC00][000001F1BF4F0340 49] iPhoneSE, [000001F1C3C0D000][000001F1BF4F4600 49] iPhone8, [000001F1C3840700][000001F1BF4FC8C0 49] iPhone8Plus, [000001F1C3C0C300][000001F1BF50AB80 49] iPhoneX, [000001F1C3840C00][000001F1BF50EE40 49] iPhoneXS, [000001F1C3C0F000][000001F1BB84D0C0 49] iPhoneXSMax, [000001F1C3840A00][000001F1BF513340 49] iPhoneXR, [000001F1C3C0EC00][000001F1BF51B600 49] iPhone11, [000001F1C3841100][000001F1BF51F8C0 49] iPhone11Pro, [000001F1C3821800][000001F1BF56BB80 49] iPhone11ProMax, [000001F1C3840400][000001F1C29D42C0 49] iPhoneSE2, [000001F1C3820F00][000001F1C2A48580 49] iPhone12Mini, [000001F1C3843F00][000001F1C2A4C840 49] iPhone12, [000001F1C3823000][000001F1C2A50B00 49] iPhone12Pro, [000001F1C3841900][000001F1C2A54DC0 49] iPhone12ProMax, [000001F1C3821D00][000001F1C2A59080 49] iPadPro105, [000001F1C3840200][000001F1BF517300 49] iPadPro129, [000001F1C3822700][000001F1BF175580 49] iPadPro97, [000001F1C3842900][000001F1BF17D840 49] iPadPro2_129, [000001F1C3820800][000001F1BF181B00 49] iPad5, [000001F1C3841E00][000001F1BF184240 49] iPad6, [000001F1C3823500][000001F1BF188500 49] iPad7, [000001F1C3842500][000001F1BF18C7C0 49] iPad8, [000001F1C3820200][000001F1C3256A80 49] iPadPro11, [000001F1C3841A00][000001F1C325AD40 49] iPadPro2_11, [000001F1C3821400][000001F1C326B000 49] iPadPro3_129, [000001F1C3843A00][000001F1C326F2C0 49] iPadPro4_129, [000001F1C3823200][000001F1BF179540 49] AppleTV, [000001F1C3841400][000001F1C32737C0 49] AppleTV4K, [000001F1C3820500][000001F1C3055A80 49] TVOS, [000001F1C3840300][000001F1C30581C0 49] Mac, [000001F1C3821200][000001F1C2F16480 49] MacClient, [000001F1C3841D00][000001F1C2E6A740 49] MacNoEditor, [000001F1C3822E00][000001F1C0124A00 49] MacServer, [000001F1C3840D00][000001F1C2E2ACC0 49] Linux, [000001F1C3820400][000001F1C2A5CF80 49] LinuxAArch64, [000001F1C3843600][000001F1C2E21240 49] LinuxNoEditor, [000001F1C3822B00][000001F1C305D500 49] LinuxAArch64NoEditor, [000001F1C3842C00][000001F1C3051780 49] LinuxClient, [000001F1C3820D00][000001F1C2F03A40 49] LinuxAArch64Client, [000001F1C3842700][000001F1C2F06180 49] LinuxServer, [000001F1C3821900][000001F1C2F0A440 49] LinuxAArch64Server, [000001F1C3843100][000001F1C2F0E700 49] Android, [000001F1C3820100][000001F1C2F129C0 49] Android_Low, [000001F1C3843C00][000001F1C0184C80 49] Android_Mid, [000001F1C3823300][000001F1C0188F40 49] Android_High, [000001F1C3841C00][000001F1C018D200 49] Android_Default, [000001F1C3822800][000001F1C01914C0 49] Android_Adreno4xx, [000001F1C3841700][000001F1C2EFF740 49] Android_Adreno5xx_Low, [000001F1C3821C00][000001F1C01959C0 49] Android_Adreno5xx, [000001F1C3843200][000001F1C019C100 49] Android_Adreno6xx, [000001F1C3822300][000001F1C01A03C0 49] Android_Adreno6xx_Vulkan, [000001F1C3843700][000001F1C01A4680 49] Android_Mali_T6xx, [000001F1C3823100][000001F1C01A8940 49] Android_Mali_T7xx, [000001F1C3843B00][000001F1C29D8C00 49] Android_Mali_T8xx, [000001F1C3822100][000001F1C29DCEC0 49] Android_Mali_G71, [000001F1C3842F00][000001F1C29E1180 49] Android_Mali_G72, [000001F1C3823E00][000001F1C29E5440 49] Android_Mali_G72_Vulkan, [000001F1C3843D00][000001F1C29E9700 49] Android_Mali_G76, [000001F1C3820700][000001F1C0199980 49] Android_Mali_G76_Vulkan, [000001F1C3C0C400][000001F1C29EDC00 49] Android_Mali_G77, [000001F1C38D6000][000001F1C29F4340 49] Android_Mali_G77_Vulkan, [000001F1C3C0F400][000001F1C29F8600 49] Android_Mali_G78, [000001F1C38D7B00][000001F1C29FC8C0 49] Android_Mali_G78_Vulkan, [000001F1C3C0D100][000001F1C2A00B80 49] Android_Mali_G710, [000001F1C38D5400][000001F1C2A04E40 49] Android_Mali_G710_Vulkan, [000001F1C3C0FB00][000001F1C2A09100 49] Android_Vulkan_SM5, [000001F1C38D7800][000001F1C2A0D3C0 49] Android_PowerVR_G6xxx, [000001F1C3C0CB00][000001F1C2A11680 49] Android_PowerVR_GT7xxx, [000001F1C38D4400][000001F1C2A15940 49] Android_PowerVR_GE8xxx, [000001F1C3C0EA00][000001F1C29F1BC0 49] Android_PowerVR_GM9xxx, [000001F1C38D7700][000001F1C2A182C0 49] Android_PowerVR_GM9xxx_Vulkan, [000001F1C3C0E200][000001F1C2A20580 49] Android_TegraK1, [000001F1C38D4700][000001F1C2A24840 49] Android_Unknown_Vulkan, [000001F1C3C0E000][000001F1C2A28B00 49] Lumin, [000001F1C38D5A00][000001F1C2A2CDC0 49] Lumin_Desktop, [000001F1C3C0F600][000001F1C2A31080 49] HoloLens, 
[2021.11.21-16.34.06:214][  0]LogMeshReduction: Using QuadricMeshReduction for automatic static mesh reduction
[2021.11.21-16.34.06:214][  0]LogMeshReduction: Using SimplygonMeshReduction for automatic skeletal mesh reduction
[2021.11.21-16.34.06:214][  0]LogMeshReduction: Using ProxyLODMeshReduction for automatic mesh merging
[2021.11.21-16.34.06:214][  0]LogMeshReduction: No distributed automatic mesh merging module available
[2021.11.21-16.34.06:214][  0]LogMeshMerging: No distributed automatic mesh merging module available
[2021.11.21-16.34.06:230][  0]LogNetVersion: FinalProject1 1.0.0, NetCL: 17155196, EngineNetVer: 17, GameNetVer: 0 (Checksum: 322546421)
[2021.11.21-16.34.06:615][  0]LogTexture: Default maximum texture size for cubemaps generated from long-lat sources has been changed from 512 to unlimited. In order to preserve old behaiour for '/Engine/MapTemplates/Sky/DaylightAmbientCubemap.DaylightAmbientCubemap', its maximum texture size has been explicitly set to 512.
[2021.11.21-16.34.06:717][  0]LogHMD: PokeAHoleMaterial loaded successfully
[2021.11.21-16.34.06:725][  0]LogUObjectArray: 17178 objects as part of root set at end of initial load.
[2021.11.21-16.34.06:725][  0]LogUObjectAllocator: 4301856 out of 0 bytes used by permanent object pool.
[2021.11.21-16.34.06:725][  0]LogUObjectArray: CloseDisregardForGC: 0/0 objects in disregard for GC pool
[2021.11.21-16.34.06:983][  0]LogNiagaraDebuggerClient: Niagara Debugger Client Initialized | Session: 2591876C459A7472ED8F6BA0D3857750 | Instance: E6FE93C84CD435079D098380A6DCE031 (LAPTOP-H9N5M1OI-15784).
[2021.11.21-16.34.07:016][  0]LogStreaming: Warning: Failed to read file '../../../Engine/Content/Editor/Slate/Niagara/MenuSeparator.png' error.
[2021.11.21-16.34.07:016][  0]LogSlate: Could not find file for Slate resource: ../../../Engine/Content/Editor/Slate/Niagara/MenuSeparator.png
[2021.11.21-16.34.07:016][  0]LogStreaming: Warning: Failed to read file '../../../Engine/Content/Editor/Slate/Niagara/Common/Selector.png' error.
[2021.11.21-16.34.07:016][  0]LogSlate: Could not find file for Slate resource: ../../../Engine/Content/Editor/Slate/Niagara/Common/Selector.png
[2021.11.21-16.34.07:016][  0]LogStreaming: Warning: Failed to read file '../../../Engine/Content/Editor/Slate/Niagara/Common/Selection.png' error.
[2021.11.21-16.34.07:016][  0]LogSlate: Could not find file for Slate resource: ../../../Engine/Content/Editor/Slate/Niagara/Common/Selection.png
[2021.11.21-16.34.07:016][  0]LogStreaming: Warning: Failed to read file '../../../Engine/Content/Editor/Slate/Niagara/Common/DropZoneIndicator_Above.png' error.
[2021.11.21-16.34.07:016][  0]LogSlate: Could not find file for Slate resource: ../../../Engine/Content/Editor/Slate/Niagara/Common/DropZoneIndicator_Above.png
[2021.11.21-16.34.07:016][  0]LogStreaming: Warning: Failed to read file '../../../Engine/Content/Editor/Slate/Niagara/Common/DropZoneIndicator_Onto.png' error.
[2021.11.21-16.34.07:016][  0]LogSlate: Could not find file for Slate resource: ../../../Engine/Content/Editor/Slate/Niagara/Common/DropZoneIndicator_Onto.png
[2021.11.21-16.34.07:016][  0]LogStreaming: Warning: Failed to read file '../../../Engine/Content/Editor/Slate/Niagara/Common/DropZoneIndicator_Below.png' error.
[2021.11.21-16.34.07:016][  0]LogSlate: Could not find file for Slate resource: ../../../Engine/Content/Editor/Slate/Niagara/Common/DropZoneIndicator_Below.png
[2021.11.21-16.34.07:016][  0]LogStreaming: Warning: Failed to read file '../../../Engine/Content/Editor/Slate/Niagara/Common/RoundedSelection_16x.png' error.
[2021.11.21-16.34.07:016][  0]LogSlate: Could not find file for Slate resource: ../../../Engine/Content/Editor/Slate/Niagara/Common/RoundedSelection_16x.png
[2021.11.21-16.34.07:016][  0]LogStreaming: Warning: Failed to read file '../../../Engine/Content/Editor/Slate/Niagara/Common/FlatButton.png' error.
[2021.11.21-16.34.07:016][  0]LogSlate: Could not find file for Slate resource: ../../../Engine/Content/Editor/Slate/Niagara/Common/FlatButton.png
[2021.11.21-16.34.07:016][  0]LogImageWrapper: Warning: PNG Warning: Duplicate iCCP chunk
[2021.11.21-16.34.07:016][  0]LogImageWrapper: Warning: PNG Warning: Duplicate iCCP chunk
[2021.11.21-16.34.07:016][  0]LogPython: Using Python 3.7.7
[2021.11.21-16.34.07:485][  0]LogTcpMessaging: Initializing TcpMessaging bridge
[2021.11.21-16.34.07:490][  0]LogUdpMessaging: Initializing bridge on interface 0.0.0.0:0 to multicast group 230.0.0.1:6666.
[2021.11.21-16.34.07:624][  0]SourceControl: Source control is disabled
[2021.11.21-16.34.07:624][  0]SourceControl: Source control is disabled
[2021.11.21-16.34.07:627][  0]SourceControl: Source control is disabled
[2021.11.21-16.34.07:630][  0]SourceControl: Source control is disabled
[2021.11.21-16.34.07:637][  0]SourceControl: Source control is disabled
[2021.11.21-16.34.07:640][  0]LogUProjectInfo: Found projects:
[2021.11.21-16.34.07:852][  0]LogOpenImageDenoise: OIDN starting up
[2021.11.21-16.34.07:896][  0]LogAndroidPermission: UAndroidPermissionCallbackProxy::GetInstance
[2021.11.21-16.34.07:912][  0]LogAudioCaptureCore: Display: No Audio Capture implementations found. Audio input will be silent.
[2021.11.21-16.34.07:912][  0]LogAudioCaptureCore: Display: No Audio Capture implementations found. Audio input will be silent.
[2021.11.21-16.34.08:035][  0]LogCollectionManager: Loaded 0 collections in 0.001664 seconds
[2021.11.21-16.34.08:061][  0]LogFileCache: Scanning file cache for directory 'C:/Users/abara/OneDrive/Documents/GitHub/IT-3081C-002-Final-Project/FinalProject1/Saved/Collections/' took 0.00s
[2021.11.21-16.34.08:061][  0]LogFileCache: Scanning file cache for directory 'C:/Users/abara/OneDrive/Documents/GitHub/IT-3081C-002-Final-Project/FinalProject1/Content/Developers/abara/Collections/' took 0.00s
[2021.11.21-16.34.08:061][  0]LogFileCache: Scanning file cache for directory 'C:/Users/abara/OneDrive/Documents/GitHub/IT-3081C-002-Final-Project/FinalProject1/Content/Collections/' took 0.00s
[2021.11.21-16.34.08:061][  0]LogOcInput: OculusInput pre-init called
[2021.11.21-16.34.08:273][  0]LogStreaming: Warning: Failed to read file '../../../Engine/Content/Editor/Slate/Niagara/MenuSeparator.png' error.
[2021.11.21-16.34.08:273][  0]LogSlate: Could not find file for Slate resource: ../../../Engine/Content/Editor/Slate/Niagara/MenuSeparator.png
[2021.11.21-16.34.08:273][  0]LogStreaming: Warning: Failed to read file '../../../Engine/Content/Editor/Slate/Niagara/Common/Selector.png' error.
[2021.11.21-16.34.08:273][  0]LogSlate: Could not find file for Slate resource: ../../../Engine/Content/Editor/Slate/Niagara/Common/Selector.png
[2021.11.21-16.34.08:273][  0]LogStreaming: Warning: Failed to read file '../../../Engine/Content/Editor/Slate/Niagara/Common/Selection.png' error.
[2021.11.21-16.34.08:273][  0]LogSlate: Could not find file for Slate resource: ../../../Engine/Content/Editor/Slate/Niagara/Common/Selection.png
[2021.11.21-16.34.08:273][  0]LogStreaming: Warning: Failed to read file '../../../Engine/Content/Editor/Slate/Niagara/Common/DropZoneIndicator_Above.png' error.
[2021.11.21-16.34.08:273][  0]LogSlate: Could not find file for Slate resource: ../../../Engine/Content/Editor/Slate/Niagara/Common/DropZoneIndicator_Above.png
[2021.11.21-16.34.08:273][  0]LogStreaming: Warning: Failed to read file '../../../Engine/Content/Editor/Slate/Niagara/Common/DropZoneIndicator_Below.png' error.
[2021.11.21-16.34.08:273][  0]LogSlate: Could not find file for Slate resource: ../../../Engine/Content/Editor/Slate/Niagara/Common/DropZoneIndicator_Below.png
[2021.11.21-16.34.08:273][  0]LogStreaming: Warning: Failed to read file '../../../Engine/Content/Editor/Slate/Niagara/Common/RoundedSelection_16x.png' error.
[2021.11.21-16.34.08:273][  0]LogSlate: Could not find file for Slate resource: ../../../Engine/Content/Editor/Slate/Niagara/Common/RoundedSelection_16x.png
[2021.11.21-16.34.08:273][  0]LogStreaming: Warning: Failed to read file '../../../Engine/Content/Editor/Slate/Niagara/Common/FlatButton.png' error.
[2021.11.21-16.34.08:273][  0]LogStreaming: Warning: Failed to read file '../../../Engine/Content/Editor/Slate/Niagara/Common/DropZoneIndicator_Onto.png' error.
[2021.11.21-16.34.08:273][  0]LogSlate: Could not find file for Slate resource: ../../../Engine/Content/Editor/Slate/Niagara/Common/FlatButton.png
[2021.11.21-16.34.08:273][  0]LogSlate: Could not find file for Slate resource: ../../../Engine/Content/Editor/Slate/Niagara/Common/DropZoneIndicator_Onto.png
[2021.11.21-16.34.08:273][  0]LogImageWrapper: Warning: PNG Warning: Duplicate iCCP chunk
[2021.11.21-16.34.08:273][  0]LogImageWrapper: Warning: PNG Warning: Duplicate iCCP chunk
[2021.11.21-16.34.08:273][  0]LogEngine: Initializing Engine...
[2021.11.21-16.34.08:300][  0]LogHMD: Failed to enumerate extensions. Please check that you have a valid OpenXR runtime installed.
[2021.11.21-16.34.08:300][  0]LogHMD: Failed to initialize OpenVR with code 110
[2021.11.21-16.34.08:300][  0]LogMagicLeap: Warning: VR disabled because ZI is not enabled.  To enable, in the editor, Edit -> Project Settings -> Plugins -> Magic Leap Plugin -> Enable Zero Iteration
[2021.11.21-16.34.08:302][  0]LogStats: UGameplayTagsManager::InitializeManager -  0.000 s
[2021.11.21-16.34.08:417][  0]LogInit: Initializing FReadOnlyCVARCache
[2021.11.21-16.34.08:430][  0]LogAIModule: Creating AISystem for world Untitled
[2021.11.21-16.34.08:436][  0]LogAudio: Display: Initializing Audio Device Manager...
[2021.11.21-16.34.08:439][  0]LogAudio: Display: Loading Default Audio Settings Objects...
[2021.11.21-16.34.08:440][  0]LogAudio: Display: No default SoundConcurrencyObject specified (or failed to load).
[2021.11.21-16.34.08:441][  0]LogAudio: Display: Audio Device Manager Initialized
[2021.11.21-16.34.08:441][  0]LogAudio: Display: Creating Audio Device:                 Id: 1, Scope: Shared, Realtime: True
[2021.11.21-16.34.08:441][  0]LogAudioMixer: Display: Audio Mixer Platform Settings:
[2021.11.21-16.34.08:441][  0]LogAudioMixer: Display: 	Sample Rate:						  48000
[2021.11.21-16.34.08:441][  0]LogAudioMixer: Display: 	Callback Buffer Frame Size Requested: 1024
[2021.11.21-16.34.08:441][  0]LogAudioMixer: Display: 	Callback Buffer Frame Size To Use:	  1024
[2021.11.21-16.34.08:441][  0]LogAudioMixer: Display: 	Number of buffers to queue:			  2
[2021.11.21-16.34.08:441][  0]LogAudioMixer: Display: 	Max Channels (voices):				  32
[2021.11.21-16.34.08:441][  0]LogAudioMixer: Display: 	Number of Async Source Workers:		  0
[2021.11.21-16.34.08:441][  0]LogAudio: Display: AudioDevice MaxSources: 32
[2021.11.21-16.34.08:442][  0]LogAudio: Display: Audio Spatialization Plugin: None (built-in).
[2021.11.21-16.34.08:442][  0]LogAudio: Display: Audio Reverb Plugin: None (built-in).
[2021.11.21-16.34.08:442][  0]LogAudio: Display: Audio Occlusion Plugin: None (built-in).
[2021.11.21-16.34.08:442][  0]LogAudioMixer: Display: Initializing audio mixer.
[2021.11.21-16.34.08:454][  0]LogAudioMixer: Display: 0: FrontLeft
[2021.11.21-16.34.08:454][  0]LogAudioMixer: Display: 1: FrontRight
[2021.11.21-16.34.08:474][  0]LogAudioMixer: Display: Using Audio Device Headphone (Realtek(R) Audio)
[2021.11.21-16.34.08:477][  0]LogAudioMixer: Display: Initializing Sound Submixes...
[2021.11.21-16.34.08:480][  0]LogAudioMixer: Display: Creating Master Submix 'MasterSubmixDefault'
[2021.11.21-16.34.08:480][  0]LogAudioMixer: Display: Creating Master Submix 'MasterReverbSubmixDefault'
[2021.11.21-16.34.08:481][  0]LogAudioMixer: Display: Creating Master Submix 'MasterEQSubmixDefault'
[2021.11.21-16.34.08:481][  0]LogAudioMixer: FMixerPlatformXAudio2::StartAudioStream() called
[2021.11.21-16.34.08:481][  0]LogAudioMixer: Display: Output buffers initialized: Frames=1024, Channels=2, Samples=2048
[2021.11.21-16.34.08:482][  0]LogAudioMixer: Display: Starting AudioMixerPlatformInterface::RunInternal()
[2021.11.21-16.34.08:482][  0]LogAudioMixer: Display: FMixerPlatformXAudio2::SubmitBuffer() called for the first time
[2021.11.21-16.34.08:482][  0]LogInit: FAudioDevice initialized.
[2021.11.21-16.34.08:482][  0]LogAudio: Display: Audio Device (ID: 1) registered with world 'Untitled'.
[2021.11.21-16.34.08:483][  0]LogNetVersion: Set ProjectVersion to 1.0.0.0. Version Checksum will be recalculated on next use.
[2021.11.21-16.34.08:535][  0]LogDerivedDataCache: Saved boot cache 0.05s 94MB C:/Users/abara/AppData/Local/UnrealEngine/4.27/DerivedDataCache/Boot.ddc.
[2021.11.21-16.34.08:590][  0]LogInit: Texture streaming: Enabled
[2021.11.21-16.34.08:602][  0]LogAnalytics: Display: [UEEditor.Rocket.Release] APIServer = https://datarouter.ol.epicgames.com/. AppVersion = 4.27.0-17155196+++UE4+Release-4.27
[2021.11.21-16.34.08:606][  0]LogEngineSessionManager: EngineSessionManager initialized
[2021.11.21-16.34.08:606][  0]LogEditorSessionSummary: Verbose: Initializing EditorSessionSummaryWriter for editor session tracking
[2021.11.21-16.34.08:609][  0]LogEditorSessionSummary: EditorSessionSummaryWriter initialized
[2021.11.21-16.34.08:636][  0]LogInit: Transaction tracking system initialized
[2021.11.21-16.34.08:663][  0]BlueprintLog: New page: Editor Load
[2021.11.21-16.34.08:729][  0]LocalizationService: Localization service is disabled
[2021.11.21-16.34.08:759][  0]TimingProfiler: Initialize
[2021.11.21-16.34.08:760][  0]TimingProfiler: OnSessionChanged
[2021.11.21-16.34.08:760][  0]LoadingProfiler: Initialize
[2021.11.21-16.34.08:760][  0]LoadingProfiler: OnSessionChanged
[2021.11.21-16.34.08:760][  0]NetworkingProfiler: Initialize
[2021.11.21-16.34.08:761][  0]NetworkingProfiler: OnSessionChanged
[2021.11.21-16.34.08:761][  0]MemoryProfiler: Initialize
[2021.11.21-16.34.08:761][  0]MemoryProfiler: OnSessionChanged
[2021.11.21-16.34.08:905][  0]LogCook: Display: CookSettings for Memory: MemoryMaxUsedVirtual 0MiB, MemoryMaxUsedPhysical 16384MiB, MemoryMinFreeVirtual 0MiB, MemoryMinFreePhysical 1024MiB
[2021.11.21-16.34.08:905][  0]LogFileCache: Scanning file cache for directory 'C:/Users/abara/OneDrive/Documents/GitHub/IT-3081C-002-Final-Project/FinalProject1/Content/' took 0.00s
[2021.11.21-16.34.08:905][  0]LogCook: Display: Mobile HDR setting 1
[2021.11.21-16.34.08:914][  0]LogLinker: Warning: Failed to load '/Engine/BasicShapes/Cylinder': Can't find file.
[2021.11.21-16.34.08:914][  0]LogLinker: Warning: Failed to load '/Engine/BasicShapes/Cylinder': Can't find file.
[2021.11.21-16.34.08:914][  0]LogUObjectGlobals: Warning: Failed to find object 'StaticMesh /Engine/BasicShapes/Cylinder.Cylinder'
[2021.11.21-16.34.09:195][  0]LogStreaming: Warning: Failed to read file '../../../Engine/Content/Editor/Slate/Niagara/MenuSeparator.png' error.
[2021.11.21-16.34.09:195][  0]LogSlate: Could not find file for Slate resource: ../../../Engine/Content/Editor/Slate/Niagara/MenuSeparator.png
[2021.11.21-16.34.09:195][  0]LogStreaming: Warning: Failed to read file '../../../Engine/Content/Editor/Slate/Niagara/Common/Selector.png' error.
[2021.11.21-16.34.09:195][  0]LogSlate: Could not find file for Slate resource: ../../../Engine/Content/Editor/Slate/Niagara/Common/Selector.png
[2021.11.21-16.34.09:195][  0]LogStreaming: Warning: Failed to read file '../../../Engine/Content/Editor/Slate/Niagara/Common/Selection.png' error.
[2021.11.21-16.34.09:195][  0]LogSlate: Could not find file for Slate resource: ../../../Engine/Content/Editor/Slate/Niagara/Common/Selection.png
[2021.11.21-16.34.09:195][  0]LogStreaming: Warning: Failed to read file '../../../Engine/Content/Editor/Slate/Niagara/Common/DropZoneIndicator_Above.png' error.
[2021.11.21-16.34.09:195][  0]LogSlate: Could not find file for Slate resource: ../../../Engine/Content/Editor/Slate/Niagara/Common/DropZoneIndicator_Above.png
[2021.11.21-16.34.09:195][  0]LogStreaming: Warning: Failed to read file '../../../Engine/Content/Editor/Slate/Niagara/Common/DropZoneIndicator_Onto.png' error.
[2021.11.21-16.34.09:195][  0]LogSlate: Could not find file for Slate resource: ../../../Engine/Content/Editor/Slate/Niagara/Common/DropZoneIndicator_Onto.png
[2021.11.21-16.34.09:195][  0]LogStreaming: Warning: Failed to read file '../../../Engine/Content/Editor/Slate/Niagara/Common/DropZoneIndicator_Below.png' error.
[2021.11.21-16.34.09:195][  0]LogSlate: Could not find file for Slate resource: ../../../Engine/Content/Editor/Slate/Niagara/Common/DropZoneIndicator_Below.png
[2021.11.21-16.34.09:195][  0]LogStreaming: Warning: Failed to read file '../../../Engine/Content/Editor/Slate/Niagara/Common/RoundedSelection_16x.png' error.
[2021.11.21-16.34.09:195][  0]LogSlate: Could not find file for Slate resource: ../../../Engine/Content/Editor/Slate/Niagara/Common/RoundedSelection_16x.png
[2021.11.21-16.34.09:195][  0]LogStreaming: Warning: Failed to read file '../../../Engine/Content/Editor/Slate/Niagara/Common/FlatButton.png' error.
[2021.11.21-16.34.09:195][  0]LogSlate: Could not find file for Slate resource: ../../../Engine/Content/Editor/Slate/Niagara/Common/FlatButton.png
[2021.11.21-16.34.09:195][  0]LogImageWrapper: Warning: PNG Warning: Duplicate iCCP chunk
[2021.11.21-16.34.09:195][  0]LogImageWrapper: Warning: PNG Warning: Duplicate iCCP chunk
[2021.11.21-16.34.09:237][  0]LogInit: Display: Engine is initialized. Leaving FEngineLoop::Init()
[2021.11.21-16.34.09:241][  0]SourceControl: Source control is disabled
[2021.11.21-16.34.09:241][  0]LogUnrealEdMisc: Loading editor; pre map load, took 7.049
[2021.11.21-16.34.09:241][  0]Cmd: MAP LOAD FILE="../../../../../../Users/abara/OneDrive/Documents/GitHub/IT-3081C-002-Final-Project/FinalProject1/Content/Map1.umap" TEMPLATE=0 SHOWPROGRESS=1 FEATURELEVEL=3
[2021.11.21-16.34.09:241][  0]LogEditorServer: Warning: Can't find file '../../../../../../Users/abara/OneDrive/Documents/GitHub/IT-3081C-002-Final-Project/FinalProject1/Content/Map1.umap'
[2021.11.21-16.34.09:241][  0]Cmd: MAP CHECKDEP NOCLEARLOG
[2021.11.21-16.34.09:241][  0]MapCheck: Map check complete: 0 Error(s), 0 Warning(s), took 0.133ms to complete.
[2021.11.21-16.34.09:241][  0]LogFileHelpers: Loading map 'Map1' took 0.000
[2021.11.21-16.34.09:243][  0]LogUnrealEdMisc: Total Editor Startup Time, took 7.051
[2021.11.21-16.34.09:385][  0]LogSlate: Updating window title bar state: overlay mode, drag disabled, window buttons hidden, title bar hidden
[2021.11.21-16.34.09:391][  0]LogSlate: Updating window title bar state: overlay mode, drag disabled, window buttons hidden, title bar hidden
[2021.11.21-16.34.09:395][  0]LogSlate: Updating window title bar state: overlay mode, drag disabled, window buttons hidden, title bar hidden
[2021.11.21-16.34.09:400][  0]LogSlate: Updating window title bar state: overlay mode, drag disabled, window buttons hidden, title bar hidden
[2021.11.21-16.34.09:425][  0]LogNativeClassHierarchy: Verbose: Native class hierarchy populated in 0.0083 seconds. Added 3822 classes and 928 folders.
[2021.11.21-16.34.09:431][  0]LogNativeClassHierarchy: Verbose: Native class hierarchy updated for 'WidgetCarousel' in 0.0002 seconds. Added 0 classes and 0 folders.
[2021.11.21-16.34.09:436][  0]LogPakFile: PakFile PrimaryIndexSize=187
[2021.11.21-16.34.09:436][  0]LogPakFile: PakFile PathHashIndexSize=101
[2021.11.21-16.34.09:436][  0]LogPakFile: PakFile FullDirectoryIndexSize=148
[2021.11.21-16.34.09:437][  0]LogShaderLibrary: Display: ShaderCodeLibraryPakFileMountedCallback: PakFile 'C:/Program Files/Epic Games/UE_4.27/FeaturePacks/FP_FirstPerson.upack' (chunk index -1, root 'root:/') mounted
[2021.11.21-16.34.09:437][  0]LogShaderLibrary: Display: ShaderCodeLibraryPakFileMountedCallback: pending pak file info (ChunkID:-1 Root:root:/ File:C:/Program Files/Epic Games/UE_4.27/FeaturePacks/FP_FirstPerson.upack)
[2021.11.21-16.34.09:437][  0]LogPakFile: OnPakFileMounted2Time == 0.000337
[2021.11.21-16.34.09:439][  0]LogPakFile: PakFile PrimaryIndexSize=189
[2021.11.21-16.34.09:439][  0]LogPakFile: PakFile PathHashIndexSize=101
[2021.11.21-16.34.09:439][  0]LogPakFile: PakFile FullDirectoryIndexSize=152
[2021.11.21-16.34.09:439][  0]LogShaderLibrary: Display: ShaderCodeLibraryPakFileMountedCallback: PakFile 'C:/Program Files/Epic Games/UE_4.27/FeaturePacks/FP_FirstPersonBP.upack' (chunk index -1, root 'root:/') mounted
[2021.11.21-16.34.09:439][  0]LogShaderLibrary: Display: ShaderCodeLibraryPakFileMountedCallback: pending pak file info (ChunkID:-1 Root:root:/ File:C:/Program Files/Epic Games/UE_4.27/FeaturePacks/FP_FirstPersonBP.upack)
[2021.11.21-16.34.09:439][  0]LogPakFile: OnPakFileMounted2Time == 0.000029
[2021.11.21-16.34.09:440][  0]LogPakFile: PakFile PrimaryIndexSize=191
[2021.11.21-16.34.09:440][  0]LogPakFile: PakFile PathHashIndexSize=101
[2021.11.21-16.34.09:440][  0]LogPakFile: PakFile FullDirectoryIndexSize=160
[2021.11.21-16.34.09:440][  0]LogShaderLibrary: Display: ShaderCodeLibraryPakFileMountedCallback: PakFile 'C:/Program Files/Epic Games/UE_4.27/FeaturePacks/MobileStarterContent.upack' (chunk index -1, root 'root:/') mounted
[2021.11.21-16.34.09:440][  0]LogShaderLibrary: Display: ShaderCodeLibraryPakFileMountedCallback: pending pak file info (ChunkID:-1 Root:root:/ File:C:/Program Files/Epic Games/UE_4.27/FeaturePacks/MobileStarterContent.upack)
[2021.11.21-16.34.09:440][  0]LogPakFile: OnPakFileMounted2Time == 0.000026
[2021.11.21-16.34.09:441][  0]LogPakFile: PakFile PrimaryIndexSize=185
[2021.11.21-16.34.09:441][  0]LogPakFile: PakFile PathHashIndexSize=101
[2021.11.21-16.34.09:441][  0]LogPakFile: PakFile FullDirectoryIndexSize=148
[2021.11.21-16.34.09:441][  0]LogShaderLibrary: Display: ShaderCodeLibraryPakFileMountedCallback: PakFile 'C:/Program Files/Epic Games/UE_4.27/FeaturePacks/StarterContent.upack' (chunk index -1, root 'root:/') mounted
[2021.11.21-16.34.09:441][  0]LogShaderLibrary: Display: ShaderCodeLibraryPakFileMountedCallback: pending pak file info (ChunkID:-1 Root:root:/ File:C:/Program Files/Epic Games/UE_4.27/FeaturePacks/StarterContent.upack)
[2021.11.21-16.34.09:441][  0]LogPakFile: OnPakFileMounted2Time == 0.000028
[2021.11.21-16.34.09:441][  0]LogPakFile: PakFile PrimaryIndexSize=190
[2021.11.21-16.34.09:442][  0]LogPakFile: PakFile PathHashIndexSize=101
[2021.11.21-16.34.09:442][  0]LogPakFile: PakFile FullDirectoryIndexSize=154
[2021.11.21-16.34.09:442][  0]LogShaderLibrary: Display: ShaderCodeLibraryPakFileMountedCallback: PakFile 'C:/Program Files/Epic Games/UE_4.27/FeaturePacks/TP_2DSideScroller.upack' (chunk index -1, root 'root:/') mounted
[2021.11.21-16.34.09:442][  0]LogShaderLibrary: Display: ShaderCodeLibraryPakFileMountedCallback: pending pak file info (ChunkID:-1 Root:root:/ File:C:/Program Files/Epic Games/UE_4.27/FeaturePacks/TP_2DSideScroller.upack)
[2021.11.21-16.34.09:442][  0]LogPakFile: OnPakFileMounted2Time == 0.000026
[2021.11.21-16.34.09:442][  0]LogPakFile: PakFile PrimaryIndexSize=192
[2021.11.21-16.34.09:442][  0]LogPakFile: PakFile PathHashIndexSize=101
[2021.11.21-16.34.09:442][  0]LogPakFile: PakFile FullDirectoryIndexSize=158
[2021.11.21-16.34.09:443][  0]LogShaderLibrary: Display: ShaderCodeLibraryPakFileMountedCallback: PakFile 'C:/Program Files/Epic Games/UE_4.27/FeaturePacks/TP_2DSideScrollerBP.upack' (chunk index -1, root 'root:/') mounted
[2021.11.21-16.34.09:443][  0]LogShaderLibrary: Display: ShaderCodeLibraryPakFileMountedCallback: pending pak file info (ChunkID:-1 Root:root:/ File:C:/Program Files/Epic Games/UE_4.27/FeaturePacks/TP_2DSideScrollerBP.upack)
[2021.11.21-16.34.09:443][  0]LogPakFile: OnPakFileMounted2Time == 0.000026
[2021.11.21-16.34.09:444][  0]LogPakFile: PakFile PrimaryIndexSize=182
[2021.11.21-16.34.09:444][  0]LogPakFile: PakFile PathHashIndexSize=101
[2021.11.21-16.34.09:444][  0]LogPakFile: PakFile FullDirectoryIndexSize=138
[2021.11.21-16.34.09:444][  0]LogShaderLibrary: Display: ShaderCodeLibraryPakFileMountedCallback: PakFile 'C:/Program Files/Epic Games/UE_4.27/FeaturePacks/TP_Flying.upack' (chunk index -1, root 'root:/') mounted
[2021.11.21-16.34.09:444][  0]LogShaderLibrary: Display: ShaderCodeLibraryPakFileMountedCallback: pending pak file info (ChunkID:-1 Root:root:/ File:C:/Program Files/Epic Games/UE_4.27/FeaturePacks/TP_Flying.upack)
[2021.11.21-16.34.09:444][  0]LogPakFile: OnPakFileMounted2Time == 0.000025
[2021.11.21-16.34.09:445][  0]LogPakFile: PakFile PrimaryIndexSize=184
[2021.11.21-16.34.09:445][  0]LogPakFile: PakFile PathHashIndexSize=101
[2021.11.21-16.34.09:445][  0]LogPakFile: PakFile FullDirectoryIndexSize=142
[2021.11.21-16.34.09:445][  0]LogShaderLibrary: Display: ShaderCodeLibraryPakFileMountedCallback: PakFile 'C:/Program Files/Epic Games/UE_4.27/FeaturePacks/TP_FlyingBP.upack' (chunk index -1, root 'root:/') mounted
[2021.11.21-16.34.09:445][  0]LogShaderLibrary: Display: ShaderCodeLibraryPakFileMountedCallback: pending pak file info (ChunkID:-1 Root:root:/ File:C:/Program Files/Epic Games/UE_4.27/FeaturePacks/TP_FlyingBP.upack)
[2021.11.21-16.34.09:445][  0]LogPakFile: OnPakFileMounted2Time == 0.000025
[2021.11.21-16.34.09:446][  0]LogPakFile: PakFile PrimaryIndexSize=188
[2021.11.21-16.34.09:446][  0]LogPakFile: PakFile PathHashIndexSize=101
[2021.11.21-16.34.09:446][  0]LogPakFile: PakFile FullDirectoryIndexSize=150
[2021.11.21-16.34.09:446][  0]LogShaderLibrary: Display: ShaderCodeLibraryPakFileMountedCallback: PakFile 'C:/Program Files/Epic Games/UE_4.27/FeaturePacks/TP_HandheldARBP.upack' (chunk index -1, root 'root:/') mounted
[2021.11.21-16.34.09:446][  0]LogShaderLibrary: Display: ShaderCodeLibraryPakFileMountedCallback: pending pak file info (ChunkID:-1 Root:root:/ File:C:/Program Files/Epic Games/UE_4.27/FeaturePacks/TP_HandheldARBP.upack)
[2021.11.21-16.34.09:446][  0]LogPakFile: OnPakFileMounted2Time == 0.000041
[2021.11.21-16.34.09:447][  0]LogPakFile: PakFile PrimaryIndexSize=182
[2021.11.21-16.34.09:447][  0]LogPakFile: PakFile PathHashIndexSize=101
[2021.11.21-16.34.09:447][  0]LogPakFile: PakFile FullDirectoryIndexSize=138
[2021.11.21-16.34.09:448][  0]LogShaderLibrary: Display: ShaderCodeLibraryPakFileMountedCallback: PakFile 'C:/Program Files/Epic Games/UE_4.27/FeaturePacks/TP_Puzzle.upack' (chunk index -1, root 'root:/') mounted
[2021.11.21-16.34.09:448][  0]LogShaderLibrary: Display: ShaderCodeLibraryPakFileMountedCallback: pending pak file info (ChunkID:-1 Root:root:/ File:C:/Program Files/Epic Games/UE_4.27/FeaturePacks/TP_Puzzle.upack)
[2021.11.21-16.34.09:448][  0]LogPakFile: OnPakFileMounted2Time == 0.000029
[2021.11.21-16.34.09:449][  0]LogPakFile: PakFile PrimaryIndexSize=184
[2021.11.21-16.34.09:449][  0]LogPakFile: PakFile PathHashIndexSize=101
[2021.11.21-16.34.09:449][  0]LogPakFile: PakFile FullDirectoryIndexSize=142
[2021.11.21-16.34.09:449][  0]LogShaderLibrary: Display: ShaderCodeLibraryPakFileMountedCallback: PakFile 'C:/Program Files/Epic Games/UE_4.27/FeaturePacks/TP_PuzzleBP.upack' (chunk index -1, root 'root:/') mounted
[2021.11.21-16.34.09:449][  0]LogShaderLibrary: Display: ShaderCodeLibraryPakFileMountedCallback: pending pak file info (ChunkID:-1 Root:root:/ File:C:/Program Files/Epic Games/UE_4.27/FeaturePacks/TP_PuzzleBP.upack)
[2021.11.21-16.34.09:449][  0]LogPakFile: OnPakFileMounted2Time == 0.000027
[2021.11.21-16.34.09:450][  0]LogPakFile: PakFile PrimaryIndexSize=183
[2021.11.21-16.34.09:450][  0]LogPakFile: PakFile PathHashIndexSize=101
[2021.11.21-16.34.09:450][  0]LogPakFile: PakFile FullDirectoryIndexSize=140
[2021.11.21-16.34.09:450][  0]LogShaderLibrary: Display: ShaderCodeLibraryPakFileMountedCallback: PakFile 'C:/Program Files/Epic Games/UE_4.27/FeaturePacks/TP_Rolling.upack' (chunk index -1, root 'root:/') mounted
[2021.11.21-16.34.09:450][  0]LogShaderLibrary: Display: ShaderCodeLibraryPakFileMountedCallback: pending pak file info (ChunkID:-1 Root:root:/ File:C:/Program Files/Epic Games/UE_4.27/FeaturePacks/TP_Rolling.upack)
[2021.11.21-16.34.09:450][  0]LogPakFile: OnPakFileMounted2Time == 0.000029
[2021.11.21-16.34.09:451][  0]LogPakFile: PakFile PrimaryIndexSize=185
[2021.11.21-16.34.09:451][  0]LogPakFile: PakFile PathHashIndexSize=101
[2021.11.21-16.34.09:451][  0]LogPakFile: PakFile FullDirectoryIndexSize=144
[2021.11.21-16.34.09:451][  0]LogShaderLibrary: Display: ShaderCodeLibraryPakFileMountedCallback: PakFile 'C:/Program Files/Epic Games/UE_4.27/FeaturePacks/TP_RollingBP.upack' (chunk index -1, root 'root:/') mounted
[2021.11.21-16.34.09:451][  0]LogShaderLibrary: Display: ShaderCodeLibraryPakFileMountedCallback: pending pak file info (ChunkID:-1 Root:root:/ File:C:/Program Files/Epic Games/UE_4.27/FeaturePacks/TP_RollingBP.upack)
[2021.11.21-16.34.09:451][  0]LogPakFile: OnPakFileMounted2Time == 0.000024
[2021.11.21-16.34.09:452][  0]LogPakFile: PakFile PrimaryIndexSize=188
[2021.11.21-16.34.09:452][  0]LogPakFile: PakFile PathHashIndexSize=101
[2021.11.21-16.34.09:452][  0]LogPakFile: PakFile FullDirectoryIndexSize=150
[2021.11.21-16.34.09:452][  0]LogShaderLibrary: Display: ShaderCodeLibraryPakFileMountedCallback: PakFile 'C:/Program Files/Epic Games/UE_4.27/FeaturePacks/TP_SideScroller.upack' (chunk index -1, root 'root:/') mounted
[2021.11.21-16.34.09:452][  0]LogShaderLibrary: Display: ShaderCodeLibraryPakFileMountedCallback: pending pak file info (ChunkID:-1 Root:root:/ File:C:/Program Files/Epic Games/UE_4.27/FeaturePacks/TP_SideScroller.upack)
[2021.11.21-16.34.09:452][  0]LogPakFile: OnPakFileMounted2Time == 0.000026
[2021.11.21-16.34.09:453][  0]LogPakFile: PakFile PrimaryIndexSize=190
[2021.11.21-16.34.09:453][  0]LogPakFile: PakFile PathHashIndexSize=101
[2021.11.21-16.34.09:453][  0]LogPakFile: PakFile FullDirectoryIndexSize=154
[2021.11.21-16.34.09:453][  0]LogShaderLibrary: Display: ShaderCodeLibraryPakFileMountedCallback: PakFile 'C:/Program Files/Epic Games/UE_4.27/FeaturePacks/TP_SideScrollerBP.upack' (chunk index -1, root 'root:/') mounted
[2021.11.21-16.34.09:453][  0]LogShaderLibrary: Display: ShaderCodeLibraryPakFileMountedCallback: pending pak file info (ChunkID:-1 Root:root:/ File:C:/Program Files/Epic Games/UE_4.27/FeaturePacks/TP_SideScrollerBP.upack)
[2021.11.21-16.34.09:453][  0]LogPakFile: OnPakFileMounted2Time == 0.000027
[2021.11.21-16.34.09:454][  0]LogPakFile: PakFile PrimaryIndexSize=187
[2021.11.21-16.34.09:454][  0]LogPakFile: PakFile PathHashIndexSize=101
[2021.11.21-16.34.09:454][  0]LogPakFile: PakFile FullDirectoryIndexSize=148
[2021.11.21-16.34.09:454][  0]LogShaderLibrary: Display: ShaderCodeLibraryPakFileMountedCallback: PakFile 'C:/Program Files/Epic Games/UE_4.27/FeaturePacks/TP_ThirdPerson.upack' (chunk index -1, root 'root:/') mounted
[2021.11.21-16.34.09:454][  0]LogShaderLibrary: Display: ShaderCodeLibraryPakFileMountedCallback: pending pak file info (ChunkID:-1 Root:root:/ File:C:/Program Files/Epic Games/UE_4.27/FeaturePacks/TP_ThirdPerson.upack)
[2021.11.21-16.34.09:454][  0]LogPakFile: OnPakFileMounted2Time == 0.000026
[2021.11.21-16.34.09:455][  0]LogPakFile: PakFile PrimaryIndexSize=189
[2021.11.21-16.34.09:455][  0]LogPakFile: PakFile PathHashIndexSize=101
[2021.11.21-16.34.09:455][  0]LogPakFile: PakFile FullDirectoryIndexSize=152
[2021.11.21-16.34.09:455][  0]LogShaderLibrary: Display: ShaderCodeLibraryPakFileMountedCallback: PakFile 'C:/Program Files/Epic Games/UE_4.27/FeaturePacks/TP_ThirdPersonBP.upack' (chunk index -1, root 'root:/') mounted
[2021.11.21-16.34.09:455][  0]LogShaderLibrary: Display: ShaderCodeLibraryPakFileMountedCallback: pending pak file info (ChunkID:-1 Root:root:/ File:C:/Program Files/Epic Games/UE_4.27/FeaturePacks/TP_ThirdPersonBP.upack)
[2021.11.21-16.34.09:455][  0]LogPakFile: OnPakFileMounted2Time == 0.000025
[2021.11.21-16.34.09:456][  0]LogPakFile: PakFile PrimaryIndexSize=183
[2021.11.21-16.34.09:456][  0]LogPakFile: PakFile PathHashIndexSize=101
[2021.11.21-16.34.09:456][  0]LogPakFile: PakFile FullDirectoryIndexSize=140
[2021.11.21-16.34.09:456][  0]LogShaderLibrary: Display: ShaderCodeLibraryPakFileMountedCallback: PakFile 'C:/Program Files/Epic Games/UE_4.27/FeaturePacks/TP_TopDown.upack' (chunk index -1, root 'root:/') mounted
[2021.11.21-16.34.09:456][  0]LogShaderLibrary: Display: ShaderCodeLibraryPakFileMountedCallback: pending pak file info (ChunkID:-1 Root:root:/ File:C:/Program Files/Epic Games/UE_4.27/FeaturePacks/TP_TopDown.upack)
[2021.11.21-16.34.09:456][  0]LogPakFile: OnPakFileMounted2Time == 0.000032
[2021.11.21-16.34.09:457][  0]LogPakFile: PakFile PrimaryIndexSize=185
[2021.11.21-16.34.09:457][  0]LogPakFile: PakFile PathHashIndexSize=101
[2021.11.21-16.34.09:457][  0]LogPakFile: PakFile FullDirectoryIndexSize=144
[2021.11.21-16.34.09:457][  0]LogShaderLibrary: Display: ShaderCodeLibraryPakFileMountedCallback: PakFile 'C:/Program Files/Epic Games/UE_4.27/FeaturePacks/TP_TopDownBP.upack' (chunk index -1, root 'root:/') mounted
[2021.11.21-16.34.09:457][  0]LogShaderLibrary: Display: ShaderCodeLibraryPakFileMountedCallback: pending pak file info (ChunkID:-1 Root:root:/ File:C:/Program Files/Epic Games/UE_4.27/FeaturePacks/TP_TopDownBP.upack)
[2021.11.21-16.34.09:457][  0]LogPakFile: OnPakFileMounted2Time == 0.000026
[2021.11.21-16.34.09:457][  0]LogPakFile: PakFile PrimaryIndexSize=185
[2021.11.21-16.34.09:457][  0]LogPakFile: PakFile PathHashIndexSize=101
[2021.11.21-16.34.09:457][  0]LogPakFile: PakFile FullDirectoryIndexSize=144
[2021.11.21-16.34.09:457][  0]LogShaderLibrary: Display: ShaderCodeLibraryPakFileMountedCallback: PakFile 'C:/Program Files/Epic Games/UE_4.27/FeaturePacks/TP_TwinStick.upack' (chunk index -1, root 'root:/') mounted
[2021.11.21-16.34.09:457][  0]LogShaderLibrary: Display: ShaderCodeLibraryPakFileMountedCallback: pending pak file info (ChunkID:-1 Root:root:/ File:C:/Program Files/Epic Games/UE_4.27/FeaturePacks/TP_TwinStick.upack)
[2021.11.21-16.34.09:457][  0]LogPakFile: OnPakFileMounted2Time == 0.000024
[2021.11.21-16.34.09:458][  0]LogPakFile: PakFile PrimaryIndexSize=187
[2021.11.21-16.34.09:458][  0]LogPakFile: PakFile PathHashIndexSize=101
[2021.11.21-16.34.09:458][  0]LogPakFile: PakFile FullDirectoryIndexSize=148
[2021.11.21-16.34.09:458][  0]LogShaderLibrary: Display: ShaderCodeLibraryPakFileMountedCallback: PakFile 'C:/Program Files/Epic Games/UE_4.27/FeaturePacks/TP_TwinStickBP.upack' (chunk index -1, root 'root:/') mounted
[2021.11.21-16.34.09:458][  0]LogShaderLibrary: Display: ShaderCodeLibraryPakFileMountedCallback: pending pak file info (ChunkID:-1 Root:root:/ File:C:/Program Files/Epic Games/UE_4.27/FeaturePacks/TP_TwinStickBP.upack)
[2021.11.21-16.34.09:458][  0]LogPakFile: OnPakFileMounted2Time == 0.000025
[2021.11.21-16.34.09:459][  0]LogPakFile: PakFile PrimaryIndexSize=183
[2021.11.21-16.34.09:459][  0]LogPakFile: PakFile PathHashIndexSize=101
[2021.11.21-16.34.09:459][  0]LogPakFile: PakFile FullDirectoryIndexSize=140
[2021.11.21-16.34.09:459][  0]LogShaderLibrary: Display: ShaderCodeLibraryPakFileMountedCallback: PakFile 'C:/Program Files/Epic Games/UE_4.27/FeaturePacks/TP_Vehicle.upack' (chunk index -1, root 'root:/') mounted
[2021.11.21-16.34.09:459][  0]LogShaderLibrary: Display: ShaderCodeLibraryPakFileMountedCallback: pending pak file info (ChunkID:-1 Root:root:/ File:C:/Program Files/Epic Games/UE_4.27/FeaturePacks/TP_Vehicle.upack)
[2021.11.21-16.34.09:459][  0]LogPakFile: OnPakFileMounted2Time == 0.000025
[2021.11.21-16.34.09:460][  0]LogPakFile: PakFile PrimaryIndexSize=186
[2021.11.21-16.34.09:460][  0]LogPakFile: PakFile PathHashIndexSize=101
[2021.11.21-16.34.09:460][  0]LogPakFile: PakFile FullDirectoryIndexSize=146
[2021.11.21-16.34.09:460][  0]LogShaderLibrary: Display: ShaderCodeLibraryPakFileMountedCallback: PakFile 'C:/Program Files/Epic Games/UE_4.27/FeaturePacks/TP_VehicleAdv.upack' (chunk index -1, root 'root:/') mounted
[2021.11.21-16.34.09:461][  0]LogShaderLibrary: Display: ShaderCodeLibraryPakFileMountedCallback: pending pak file info (ChunkID:-1 Root:root:/ File:C:/Program Files/Epic Games/UE_4.27/FeaturePacks/TP_VehicleAdv.upack)
[2021.11.21-16.34.09:461][  0]LogPakFile: OnPakFileMounted2Time == 0.000032
[2021.11.21-16.34.09:461][  0]LogPakFile: PakFile PrimaryIndexSize=188
[2021.11.21-16.34.09:461][  0]LogPakFile: PakFile PathHashIndexSize=101
[2021.11.21-16.34.09:461][  0]LogPakFile: PakFile FullDirectoryIndexSize=150
[2021.11.21-16.34.09:461][  0]LogShaderLibrary: Display: ShaderCodeLibraryPakFileMountedCallback: PakFile 'C:/Program Files/Epic Games/UE_4.27/FeaturePacks/TP_VehicleAdvBP.upack' (chunk index -1, root 'root:/') mounted
[2021.11.21-16.34.09:461][  0]LogShaderLibrary: Display: ShaderCodeLibraryPakFileMountedCallback: pending pak file info (ChunkID:-1 Root:root:/ File:C:/Program Files/Epic Games/UE_4.27/FeaturePacks/TP_VehicleAdvBP.upack)
[2021.11.21-16.34.09:461][  0]LogPakFile: OnPakFileMounted2Time == 0.000025
[2021.11.21-16.34.09:462][  0]LogPakFile: PakFile PrimaryIndexSize=185
[2021.11.21-16.34.09:462][  0]LogPakFile: PakFile PathHashIndexSize=101
[2021.11.21-16.34.09:462][  0]LogPakFile: PakFile FullDirectoryIndexSize=144
[2021.11.21-16.34.09:462][  0]LogShaderLibrary: Display: ShaderCodeLibraryPakFileMountedCallback: PakFile 'C:/Program Files/Epic Games/UE_4.27/FeaturePacks/TP_VehicleBP.upack' (chunk index -1, root 'root:/') mounted
[2021.11.21-16.34.09:462][  0]LogShaderLibrary: Display: ShaderCodeLibraryPakFileMountedCallback: pending pak file info (ChunkID:-1 Root:root:/ File:C:/Program Files/Epic Games/UE_4.27/FeaturePacks/TP_VehicleBP.upack)
[2021.11.21-16.34.09:462][  0]LogPakFile: OnPakFileMounted2Time == 0.000026
[2021.11.21-16.34.09:463][  0]LogPakFile: PakFile PrimaryIndexSize=192
[2021.11.21-16.34.09:463][  0]LogPakFile: PakFile PathHashIndexSize=101
[2021.11.21-16.34.09:463][  0]LogPakFile: PakFile FullDirectoryIndexSize=158
[2021.11.21-16.34.09:463][  0]LogShaderLibrary: Display: ShaderCodeLibraryPakFileMountedCallback: PakFile 'C:/Program Files/Epic Games/UE_4.27/FeaturePacks/TP_VirtualRealityBP.upack' (chunk index -1, root 'root:/') mounted
[2021.11.21-16.34.09:463][  0]LogShaderLibrary: Display: ShaderCodeLibraryPakFileMountedCallback: pending pak file info (ChunkID:-1 Root:root:/ File:C:/Program Files/Epic Games/UE_4.27/FeaturePacks/TP_VirtualRealityBP.upack)
[2021.11.21-16.34.09:463][  0]LogPakFile: OnPakFileMounted2Time == 0.000026
[2021.11.21-16.34.09:549][  0]LogNativeClassHierarchy: Verbose: Native class hierarchy updated for 'AddContentDialog' in 0.0002 seconds. Added 0 classes and 0 folders.
[2021.11.21-16.34.09:556][  0]LogNativeClassHierarchy: Verbose: Native class hierarchy updated for 'SceneOutliner' in 0.0003 seconds. Added 2 classes and 0 folders.
[2021.11.21-16.34.09:685][  0]LogSlate: Took 0.000460 seconds to synchronously load lazily loaded font '../../../Engine/Content/Slate/Fonts/Roboto-Regular.ttf' (155K)
[2021.11.21-16.34.09:686][  0]LogSlate: Took 0.000423 seconds to synchronously load lazily loaded font '../../../Engine/Content/Editor/Slate/Fonts/FontAwesome.ttf' (139K)
[2021.11.21-16.34.09:689][  0]LogSlate: Took 0.000445 seconds to synchronously load lazily loaded font '../../../Engine/Content/Slate/Fonts/Roboto-Bold.ttf' (160K)
[2021.11.21-16.34.09:785][  0]LogRenderer: Reallocating scene render targets to support 964x432 Format 10 NumSamples 1 (Frame:1).
[2021.11.21-16.34.09:892][  0]LogNativeClassHierarchy: Verbose: Native class hierarchy updated for 'HierarchicalLODOutliner' in 0.0003 seconds. Added 0 classes and 0 folders.
[2021.11.21-16.34.09:892][  0]LogLoad: (Engine Initialization) Total time: 7.70 seconds
[2021.11.21-16.34.09:892][  0]LogLoad: (Engine Initialization) Total Blueprint compile time: 0.00 seconds
[2021.11.21-16.34.09:925][  0]LogLinker: Warning: Failed to load '/Engine/BasicShapes/Cylinder': Can't find file.
[2021.11.21-16.34.09:925][  0]LogUObjectGlobals: Warning: Failed to find object 'StaticMesh /Engine/BasicShapes/Cylinder.Cylinder'
[2021.11.21-16.34.09:951][  0]LogAssetRegistry: Asset discovery search completed in 4.1403 seconds
[2021.11.21-16.34.09:958][  0]LogCollectionManager: Fixed up redirectors for 0 collections in 0.000112 seconds (updated 0 objects)
[2021.11.21-16.34.09:967][  0]LogContentStreaming: Texture pool size now 1000 MB
[2021.11.21-16.34.10:043][  3]LogSlate: Took 0.000507 seconds to synchronously load lazily loaded font '../../../Engine/Content/Slate/Fonts/Roboto-Light.ttf' (167K)
[2021.11.21-16.34.11:771][101]LogUObjectHash: Compacting FUObjectHashTables data took   0.73ms
[2021.11.21-16.34.11:781][101]LogSlate: Took 0.000118 seconds to synchronously load lazily loaded font '../../../Engine/Content/Slate/Fonts/Roboto-Light.ttf' (167K)
[2021.11.21-16.34.11:923][101]LogAssetEditorSubsystem: Opening Asset editor for World /Game/Maps/Map1.Map1
[2021.11.21-16.34.11:924][101]Cmd: MAP LOAD FILE="../../../../../../Users/abara/OneDrive/Documents/GitHub/IT-3081C-002-Final-Project/FinalProject1/Content/Maps/Map1.umap" TEMPLATE=0 SHOWPROGRESS=1 FEATURELEVEL=3
[2021.11.21-16.34.11:924][101]LightingResults: New page: Lighting Build
[2021.11.21-16.34.11:926][101]LogNativeClassHierarchy: Verbose: Native class hierarchy updated for 'StatsViewer' in 0.0003 seconds. Added 6 classes and 0 folders.
[2021.11.21-16.34.11:926][101]LoadErrors: New page: Loading map: Map1.umap
[2021.11.21-16.34.11:927][101]LogWorld: UWorld::CleanupWorld for Untitled, bSessionEnded=true, bCleanupResources=true
[2021.11.21-16.34.11:929][101]LogSlate: InvalidateAllWidgets triggered.  All widgets were invalidated
[2021.11.21-16.34.11:931][101]MapCheck: New page: Map Check
[2021.11.21-16.34.11:931][101]LightingResults: New page: Lighting Build
[2021.11.21-16.34.11:934][101]LogAudio: Display: Audio Device unregistered from world 'None'.
[2021.11.21-16.34.11:946][101]LogUObjectHash: Compacting FUObjectHashTables data took   0.65ms
[2021.11.21-16.34.11:946][101]LogAudio: Display: Audio Device (ID: 1) registered with world 'Map1'.
[2021.11.21-16.34.12:013][101]LogEditorServer: Finished looking for orphan Actors (0.000 secs)
[2021.11.21-16.34.12:013][101]LogAIModule: Creating AISystem for world Map1
[2021.11.21-16.34.12:021][101]LogUObjectHash: Compacting FUObjectHashTables data took   0.54ms
[2021.11.21-16.34.12:024][101]Cmd: MAP CHECKDEP NOCLEARLOG
[2021.11.21-16.34.12:024][101]MapCheck: Map check complete: 0 Error(s), 0 Warning(s), took 0.121ms to complete.
[2021.11.21-16.34.12:024][101]LogFileHelpers: Loading map 'Map1' took 0.102
